++ date +%D
++ sed s@/@@g
+ dt=061323
+ crontab -l
+ cd /Users/kopardevn/Documents/GitRepos/configscriptsetc
+ git add .
+ git commit -m 'push on 061323'
[master 7cc81f8] push on 061323
 295 files changed, 2582 insertions(+)
 create mode 100644 NCI-02227555-ML/scripts/cronjob_scripts/crontab.bak/crontab.bak.061323
 create mode 100644 NCI-02227555-ML/scripts/cronjob_scripts/logs/bring_slack_to_front.scpt.060623_110000.log
 create mode 100644 NCI-02227555-ML/scripts/cronjob_scripts/logs/bring_slack_to_front.scpt.060623_120001.log
 create mode 100644 NCI-02227555-ML/scripts/cronjob_scripts/logs/bring_slack_to_front.scpt.060623_130000.log
 create mode 100644 NCI-02227555-ML/scripts/cronjob_scripts/logs/bring_slack_to_front.scpt.060623_140000.log
 create mode 100644 NCI-02227555-ML/scripts/cronjob_scripts/logs/bring_slack_to_front.scpt.060623_150000.log
 create mode 100644 NCI-02227555-ML/scripts/cronjob_scripts/logs/bring_slack_to_front.scpt.060623_160000.log
 create mode 100644 NCI-02227555-ML/scripts/cronjob_scripts/logs/bring_slack_to_front.scpt.060623_170000.log
 create mode 100644 NCI-02227555-ML/scripts/cronjob_scripts/logs/bring_slack_to_front.scpt.060623_180000.log
 create mode 100644 NCI-02227555-ML/scripts/cronjob_scripts/logs/bring_slack_to_front.scpt.060623_190001.log
 create mode 100644 NCI-02227555-ML/scripts/cronjob_scripts/logs/bring_slack_to_front.scpt.060623_200000.log
 create mode 100644 NCI-02227555-ML/scripts/cronjob_scripts/logs/bring_slack_to_front.scpt.060623_210000.log
 create mode 100644 NCI-02227555-ML/scripts/cronjob_scripts/logs/bring_slack_to_front.scpt.060623_220001.log
 create mode 100644 NCI-02227555-ML/scripts/cronjob_scripts/logs/bring_slack_to_front.scpt.060623_230000.log
 create mode 100644 NCI-02227555-ML/scripts/cronjob_scripts/logs/bring_slack_to_front.scpt.060723_000001.log
 create mode 100644 NCI-02227555-ML/scripts/cronjob_scripts/logs/bring_slack_to_front.scpt.060723_010001.log
 create mode 100644 NCI-02227555-ML/scripts/cronjob_scripts/logs/bring_slack_to_front.scpt.060723_090000.log
 create mode 100644 NCI-02227555-ML/scripts/cronjob_scripts/logs/bring_slack_to_front.scpt.060723_100000.log
 create mode 100644 NCI-02227555-ML/scripts/cronjob_scripts/logs/bring_slack_to_front.scpt.060723_110000.log
 create mode 100644 NCI-02227555-ML/scripts/cronjob_scripts/logs/bring_slack_to_front.scpt.060723_120001.log
 create mode 100644 NCI-02227555-ML/scripts/cronjob_scripts/logs/bring_slack_to_front.scpt.060723_130001.log
 create mode 100644 NCI-02227555-ML/scripts/cronjob_scripts/logs/bring_slack_to_front.scpt.060723_140000.log
 create mode 100644 NCI-02227555-ML/scripts/cronjob_scripts/logs/bring_slack_to_front.scpt.060723_150001.log
 create mode 100644 NCI-02227555-ML/scripts/cronjob_scripts/logs/bring_slack_to_front.scpt.060723_160000.log
 create mode 100644 NCI-02227555-ML/scripts/cronjob_scripts/logs/bring_slack_to_front.scpt.060723_170000.log
 create mode 100644 NCI-02227555-ML/scripts/cronjob_scripts/logs/bring_slack_to_front.scpt.060723_180000.log
 create mode 100644 NCI-02227555-ML/scripts/cronjob_scripts/logs/bring_slack_to_front.scpt.060723_190000.log
 create mode 100644 NCI-02227555-ML/scripts/cronjob_scripts/logs/bring_slack_to_front.scpt.060723_200000.log
 create mode 100644 NCI-02227555-ML/scripts/cronjob_scripts/logs/bring_slack_to_front.scpt.060723_210000.log
 create mode 100644 NCI-02227555-ML/scripts/cronjob_scripts/logs/bring_slack_to_front.scpt.060723_220000.log
 create mode 100644 NCI-02227555-ML/scripts/cronjob_scripts/logs/bring_slack_to_front.scpt.060723_230000.log
 create mode 100644 NCI-02227555-ML/scripts/cronjob_scripts/logs/bring_slack_to_front.scpt.060823_000001.log
 create mode 100644 NCI-02227555-ML/scripts/cronjob_scripts/logs/bring_slack_to_front.scpt.060823_010000.log
 create mode 100644 NCI-02227555-ML/scripts/cronjob_scripts/logs/bring_slack_to_front.scpt.060823_020000.log
 create mode 100644 NCI-02227555-ML/scripts/cronjob_scripts/logs/bring_slack_to_front.scpt.060823_090000.log
 create mode 100644 NCI-02227555-ML/scripts/cronjob_scripts/logs/bring_slack_to_front.scpt.060823_100000.log
 create mode 100644 NCI-02227555-ML/scripts/cronjob_scripts/logs/bring_slack_to_front.scpt.060823_110000.log
 create mode 100644 NCI-02227555-ML/scripts/cronjob_scripts/logs/bring_slack_to_front.scpt.060823_120001.log
 create mode 100644 NCI-02227555-ML/scripts/cronjob_scripts/logs/bring_slack_to_front.scpt.060823_130000.log
 create mode 100644 NCI-02227555-ML/scripts/cronjob_scripts/logs/bring_slack_to_front.scpt.060823_140001.log
 create mode 100644 NCI-02227555-ML/scripts/cronjob_scripts/logs/bring_slack_to_front.scpt.060823_150001.log
 create mode 100644 NCI-02227555-ML/scripts/cronjob_scripts/logs/bring_slack_to_front.scpt.060823_160000.log
 create mode 100644 NCI-02227555-ML/scripts/cronjob_scripts/logs/bring_slack_to_front.scpt.060823_170000.log
 create mode 100644 NCI-02227555-ML/scripts/cronjob_scripts/logs/bring_slack_to_front.scpt.060823_180001.log
 create mode 100644 NCI-02227555-ML/scripts/cronjob_scripts/logs/bring_slack_to_front.scpt.060823_190000.log
 create mode 100644 NCI-02227555-ML/scripts/cronjob_scripts/logs/bring_slack_to_front.scpt.060823_200000.log
 create mode 100644 NCI-02227555-ML/scripts/cronjob_scripts/logs/bring_slack_to_front.scpt.060823_210000.log
 create mode 100644 NCI-02227555-ML/scripts/cronjob_scripts/logs/bring_slack_to_front.scpt.060823_220001.log
 create mode 100644 NCI-02227555-ML/scripts/cronjob_scripts/logs/bring_slack_to_front.scpt.060823_230001.log
 create mode 100644 NCI-02227555-ML/scripts/cronjob_scripts/logs/bring_slack_to_front.scpt.060923_000001.log
 create mode 100644 NCI-02227555-ML/scripts/cronjob_scripts/logs/bring_slack_to_front.scpt.060923_010000.log
 create mode 100644 NCI-02227555-ML/scripts/cronjob_scripts/logs/bring_slack_to_front.scpt.060923_020000.log
 create mode 100644 NCI-02227555-ML/scripts/cronjob_scripts/logs/bring_slack_to_front.scpt.060923_090000.log
 create mode 100644 NCI-02227555-ML/scripts/cronjob_scripts/logs/bring_slack_to_front.scpt.060923_100001.log
 create mode 100644 NCI-02227555-ML/scripts/cronjob_scripts/logs/bring_slack_to_front.scpt.060923_110001.log
 create mode 100644 NCI-02227555-ML/scripts/cronjob_scripts/logs/bring_slack_to_front.scpt.060923_120000.log
 create mode 100644 NCI-02227555-ML/scripts/cronjob_scripts/logs/bring_slack_to_front.scpt.060923_130001.log
 create mode 100644 NCI-02227555-ML/scripts/cronjob_scripts/logs/bring_slack_to_front.scpt.060923_140000.log
 create mode 100644 NCI-02227555-ML/scripts/cronjob_scripts/logs/bring_slack_to_front.scpt.060923_150000.log
 create mode 100644 NCI-02227555-ML/scripts/cronjob_scripts/logs/bring_slack_to_front.scpt.060923_160001.log
 create mode 100644 NCI-02227555-ML/scripts/cronjob_scripts/logs/bring_slack_to_front.scpt.060923_170000.log
 create mode 100644 NCI-02227555-ML/scripts/cronjob_scripts/logs/bring_slack_to_front.scpt.060923_180000.log
 create mode 100644 NCI-02227555-ML/scripts/cronjob_scripts/logs/bring_slack_to_front.scpt.060923_190001.log
 create mode 100644 NCI-02227555-ML/scripts/cronjob_scripts/logs/bring_slack_to_front.scpt.060923_200000.log
 create mode 100644 NCI-02227555-ML/scripts/cronjob_scripts/logs/bring_slack_to_front.scpt.060923_210000.log
 create mode 100644 NCI-02227555-ML/scripts/cronjob_scripts/logs/bring_slack_to_front.scpt.060923_220001.log
 create mode 100644 NCI-02227555-ML/scripts/cronjob_scripts/logs/bring_slack_to_front.scpt.060923_230000.log
 create mode 100644 NCI-02227555-ML/scripts/cronjob_scripts/logs/bring_slack_to_front.scpt.061023_000001.log
 create mode 100644 NCI-02227555-ML/scripts/cronjob_scripts/logs/bring_slack_to_front.scpt.061023_010001.log
 create mode 100644 NCI-02227555-ML/scripts/cronjob_scripts/logs/bring_slack_to_front.scpt.061023_020000.log
 create mode 100644 NCI-02227555-ML/scripts/cronjob_scripts/logs/bring_slack_to_front.scpt.061223_090000.log
 create mode 100644 NCI-02227555-ML/scripts/cronjob_scripts/logs/bring_slack_to_front.scpt.061223_100000.log
 create mode 100644 NCI-02227555-ML/scripts/cronjob_scripts/logs/bring_slack_to_front.scpt.061223_110001.log
 create mode 100644 NCI-02227555-ML/scripts/cronjob_scripts/logs/bring_slack_to_front.scpt.061223_120000.log
 create mode 100644 NCI-02227555-ML/scripts/cronjob_scripts/logs/bring_slack_to_front.scpt.061223_130000.log
 create mode 100644 NCI-02227555-ML/scripts/cronjob_scripts/logs/bring_slack_to_front.scpt.061223_140000.log
 create mode 100644 NCI-02227555-ML/scripts/cronjob_scripts/logs/bring_slack_to_front.scpt.061223_150000.log
 create mode 100644 NCI-02227555-ML/scripts/cronjob_scripts/logs/bring_slack_to_front.scpt.061223_160001.log
 create mode 100644 NCI-02227555-ML/scripts/cronjob_scripts/logs/bring_slack_to_front.scpt.061223_170000.log
 create mode 100644 NCI-02227555-ML/scripts/cronjob_scripts/logs/bring_slack_to_front.scpt.061223_180000.log
 create mode 100644 NCI-02227555-ML/scripts/cronjob_scripts/logs/bring_slack_to_front.scpt.061223_190001.log
 create mode 100644 NCI-02227555-ML/scripts/cronjob_scripts/logs/bring_slack_to_front.scpt.061223_210000.log
 create mode 100644 NCI-02227555-ML/scripts/cronjob_scripts/logs/bring_slack_to_front.scpt.061223_220000.log
 create mode 100644 NCI-02227555-ML/scripts/cronjob_scripts/logs/bring_slack_to_front.scpt.061223_230000.log
 create mode 100644 NCI-02227555-ML/scripts/cronjob_scripts/logs/bring_slack_to_front.scpt.061323_000000.log
 create mode 100644 NCI-02227555-ML/scripts/cronjob_scripts/logs/bring_slack_to_front.scpt.061323_010024.log
 create mode 100644 NCI-02227555-ML/scripts/cronjob_scripts/logs/bring_slack_to_front.scpt.061323_100000.log
 create mode 100644 NCI-02227555-ML/scripts/cronjob_scripts/logs/commit_todos.sh.060723_100000.log
 create mode 100644 NCI-02227555-ML/scripts/cronjob_scripts/logs/commit_todos.sh.060823_100000.log
 create mode 100644 NCI-02227555-ML/scripts/cronjob_scripts/logs/commit_todos.sh.060923_100001.log
 create mode 100644 NCI-02227555-ML/scripts/cronjob_scripts/logs/commit_todos.sh.061223_100000.log
 create mode 100644 NCI-02227555-ML/scripts/cronjob_scripts/logs/commit_todos.sh.061323_100000.log
 create mode 100644 NCI-02227555-ML/scripts/cronjob_scripts/logs/github_activity_generator.sh.060623_110200.log
 create mode 100644 NCI-02227555-ML/scripts/cronjob_scripts/logs/github_activity_generator.sh.060623_120200.log
 create mode 100644 NCI-02227555-ML/scripts/cronjob_scripts/logs/github_activity_generator.sh.060623_130200.log
 create mode 100644 NCI-02227555-ML/scripts/cronjob_scripts/logs/github_activity_generator.sh.060623_140200.log
 create mode 100644 NCI-02227555-ML/scripts/cronjob_scripts/logs/github_activity_generator.sh.060623_150200.log
 create mode 100644 NCI-02227555-ML/scripts/cronjob_scripts/logs/github_activity_generator.sh.060623_160200.log
 create mode 100644 NCI-02227555-ML/scripts/cronjob_scripts/logs/github_activity_generator.sh.060623_170200.log
 create mode 100644 NCI-02227555-ML/scripts/cronjob_scripts/logs/github_activity_generator.sh.060623_180201.log
 create mode 100644 NCI-02227555-ML/scripts/cronjob_scripts/logs/github_activity_generator.sh.060623_190200.log
 create mode 100644 NCI-02227555-ML/scripts/cronjob_scripts/logs/github_activity_generator.sh.060623_200201.log
 create mode 100644 NCI-02227555-ML/scripts/cronjob_scripts/logs/github_activity_generator.sh.060623_210200.log
 create mode 100644 NCI-02227555-ML/scripts/cronjob_scripts/logs/github_activity_generator.sh.060623_220200.log
 create mode 100644 NCI-02227555-ML/scripts/cronjob_scripts/logs/github_activity_generator.sh.060623_230200.log
 create mode 100644 NCI-02227555-ML/scripts/cronjob_scripts/logs/github_activity_generator.sh.060723_000200.log
 create mode 100644 NCI-02227555-ML/scripts/cronjob_scripts/logs/github_activity_generator.sh.060723_010200.log
 create mode 100644 NCI-02227555-ML/scripts/cronjob_scripts/logs/github_activity_generator.sh.060723_080200.log
 create mode 100644 NCI-02227555-ML/scripts/cronjob_scripts/logs/github_activity_generator.sh.060723_090200.log
 create mode 100644 NCI-02227555-ML/scripts/cronjob_scripts/logs/github_activity_generator.sh.060723_100200.log
 create mode 100644 NCI-02227555-ML/scripts/cronjob_scripts/logs/github_activity_generator.sh.060723_110200.log
 create mode 100644 NCI-02227555-ML/scripts/cronjob_scripts/logs/github_activity_generator.sh.060723_120200.log
 create mode 100644 NCI-02227555-ML/scripts/cronjob_scripts/logs/github_activity_generator.sh.060723_130200.log
 create mode 100644 NCI-02227555-ML/scripts/cronjob_scripts/logs/github_activity_generator.sh.060723_140200.log
 create mode 100644 NCI-02227555-ML/scripts/cronjob_scripts/logs/github_activity_generator.sh.060723_150200.log
 create mode 100644 NCI-02227555-ML/scripts/cronjob_scripts/logs/github_activity_generator.sh.060723_160200.log
 create mode 100644 NCI-02227555-ML/scripts/cronjob_scripts/logs/github_activity_generator.sh.060723_170200.log
 create mode 100644 NCI-02227555-ML/scripts/cronjob_scripts/logs/github_activity_generator.sh.060723_180201.log
 create mode 100644 NCI-02227555-ML/scripts/cronjob_scripts/logs/github_activity_generator.sh.060723_190200.log
 create mode 100644 NCI-02227555-ML/scripts/cronjob_scripts/logs/github_activity_generator.sh.060723_200200.log
 create mode 100644 NCI-02227555-ML/scripts/cronjob_scripts/logs/github_activity_generator.sh.060723_210200.log
 create mode 100644 NCI-02227555-ML/scripts/cronjob_scripts/logs/github_activity_generator.sh.060723_220200.log
 create mode 100644 NCI-02227555-ML/scripts/cronjob_scripts/logs/github_activity_generator.sh.060723_230201.log
 create mode 100644 NCI-02227555-ML/scripts/cronjob_scripts/logs/github_activity_generator.sh.060823_000200.log
 create mode 100644 NCI-02227555-ML/scripts/cronjob_scripts/logs/github_activity_generator.sh.060823_010200.log
 create mode 100644 NCI-02227555-ML/scripts/cronjob_scripts/logs/github_activity_generator.sh.060823_020200.log
 create mode 100644 NCI-02227555-ML/scripts/cronjob_scripts/logs/github_activity_generator.sh.060823_071055.log
 create mode 100644 NCI-02227555-ML/scripts/cronjob_scripts/logs/github_activity_generator.sh.060823_090200.log
 create mode 100644 NCI-02227555-ML/scripts/cronjob_scripts/logs/github_activity_generator.sh.060823_100200.log
 create mode 100644 NCI-02227555-ML/scripts/cronjob_scripts/logs/github_activity_generator.sh.060823_110200.log
 create mode 100644 NCI-02227555-ML/scripts/cronjob_scripts/logs/github_activity_generator.sh.060823_120200.log
 create mode 100644 NCI-02227555-ML/scripts/cronjob_scripts/logs/github_activity_generator.sh.060823_130201.log
 create mode 100644 NCI-02227555-ML/scripts/cronjob_scripts/logs/github_activity_generator.sh.060823_140200.log
 create mode 100644 NCI-02227555-ML/scripts/cronjob_scripts/logs/github_activity_generator.sh.060823_150201.log
 create mode 100644 NCI-02227555-ML/scripts/cronjob_scripts/logs/github_activity_generator.sh.060823_160200.log
 create mode 100644 NCI-02227555-ML/scripts/cronjob_scripts/logs/github_activity_generator.sh.060823_170200.log
 create mode 100644 NCI-02227555-ML/scripts/cronjob_scripts/logs/github_activity_generator.sh.060823_180201.log
 create mode 100644 NCI-02227555-ML/scripts/cronjob_scripts/logs/github_activity_generator.sh.060823_190200.log
 create mode 100644 NCI-02227555-ML/scripts/cronjob_scripts/logs/github_activity_generator.sh.060823_200200.log
 create mode 100644 NCI-02227555-ML/scripts/cronjob_scripts/logs/github_activity_generator.sh.060823_210200.log
 create mode 100644 NCI-02227555-ML/scripts/cronjob_scripts/logs/github_activity_generator.sh.060823_220200.log
 create mode 100644 NCI-02227555-ML/scripts/cronjob_scripts/logs/github_activity_generator.sh.060823_230200.log
 create mode 100644 NCI-02227555-ML/scripts/cronjob_scripts/logs/github_activity_generator.sh.060923_000200.log
 create mode 100644 NCI-02227555-ML/scripts/cronjob_scripts/logs/github_activity_generator.sh.060923_010201.log
 create mode 100644 NCI-02227555-ML/scripts/cronjob_scripts/logs/github_activity_generator.sh.060923_020200.log
 create mode 100644 NCI-02227555-ML/scripts/cronjob_scripts/logs/github_activity_generator.sh.060923_071155.log
 create mode 100644 NCI-02227555-ML/scripts/cronjob_scripts/logs/github_activity_generator.sh.060923_090200.log
 create mode 100644 NCI-02227555-ML/scripts/cronjob_scripts/logs/github_activity_generator.sh.060923_100200.log
 create mode 100644 NCI-02227555-ML/scripts/cronjob_scripts/logs/github_activity_generator.sh.060923_110200.log
 create mode 100644 NCI-02227555-ML/scripts/cronjob_scripts/logs/github_activity_generator.sh.060923_120200.log
 create mode 100644 NCI-02227555-ML/scripts/cronjob_scripts/logs/github_activity_generator.sh.060923_130200.log
 create mode 100644 NCI-02227555-ML/scripts/cronjob_scripts/logs/github_activity_generator.sh.060923_140201.log
 create mode 100644 NCI-02227555-ML/scripts/cronjob_scripts/logs/github_activity_generator.sh.060923_150200.log
 create mode 100644 NCI-02227555-ML/scripts/cronjob_scripts/logs/github_activity_generator.sh.060923_160200.log
 create mode 100644 NCI-02227555-ML/scripts/cronjob_scripts/logs/github_activity_generator.sh.060923_170200.log
 create mode 100644 NCI-02227555-ML/scripts/cronjob_scripts/logs/github_activity_generator.sh.060923_180200.log
 create mode 100644 NCI-02227555-ML/scripts/cronjob_scripts/logs/github_activity_generator.sh.060923_190200.log
 create mode 100644 NCI-02227555-ML/scripts/cronjob_scripts/logs/github_activity_generator.sh.060923_200201.log
 create mode 100644 NCI-02227555-ML/scripts/cronjob_scripts/logs/github_activity_generator.sh.060923_210200.log
 create mode 100644 NCI-02227555-ML/scripts/cronjob_scripts/logs/github_activity_generator.sh.060923_220200.log
 create mode 100644 NCI-02227555-ML/scripts/cronjob_scripts/logs/github_activity_generator.sh.060923_230200.log
 create mode 100644 NCI-02227555-ML/scripts/cronjob_scripts/logs/github_activity_generator.sh.061023_000201.log
 create mode 100644 NCI-02227555-ML/scripts/cronjob_scripts/logs/github_activity_generator.sh.061023_010200.log
 create mode 100644 NCI-02227555-ML/scripts/cronjob_scripts/logs/github_activity_generator.sh.061023_020200.log
 create mode 100644 NCI-02227555-ML/scripts/cronjob_scripts/logs/github_activity_generator.sh.061023_070656.log
 create mode 100644 NCI-02227555-ML/scripts/cronjob_scripts/logs/github_activity_generator.sh.061123_070201.log
 create mode 100644 NCI-02227555-ML/scripts/cronjob_scripts/logs/github_activity_generator.sh.061223_070201.log
 create mode 100644 NCI-02227555-ML/scripts/cronjob_scripts/logs/github_activity_generator.sh.061223_090200.log
 create mode 100644 NCI-02227555-ML/scripts/cronjob_scripts/logs/github_activity_generator.sh.061223_100200.log
 create mode 100644 NCI-02227555-ML/scripts/cronjob_scripts/logs/github_activity_generator.sh.061223_110200.log
 create mode 100644 NCI-02227555-ML/scripts/cronjob_scripts/logs/github_activity_generator.sh.061223_120200.log
 create mode 100644 NCI-02227555-ML/scripts/cronjob_scripts/logs/github_activity_generator.sh.061223_130200.log
 create mode 100644 NCI-02227555-ML/scripts/cronjob_scripts/logs/github_activity_generator.sh.061223_140200.log
 create mode 100644 NCI-02227555-ML/scripts/cronjob_scripts/logs/github_activity_generator.sh.061223_150200.log
 create mode 100644 NCI-02227555-ML/scripts/cronjob_scripts/logs/github_activity_generator.sh.061223_160200.log
 create mode 100644 NCI-02227555-ML/scripts/cronjob_scripts/logs/github_activity_generator.sh.061223_170201.log
 create mode 100644 NCI-02227555-ML/scripts/cronjob_scripts/logs/github_activity_generator.sh.061223_180200.log
 create mode 100644 NCI-02227555-ML/scripts/cronjob_scripts/logs/github_activity_generator.sh.061223_190200.log
 create mode 100644 NCI-02227555-ML/scripts/cronjob_scripts/logs/github_activity_generator.sh.061223_210200.log
 create mode 100644 NCI-02227555-ML/scripts/cronjob_scripts/logs/github_activity_generator.sh.061223_220200.log
 create mode 100644 NCI-02227555-ML/scripts/cronjob_scripts/logs/github_activity_generator.sh.061223_230200.log
 create mode 100644 NCI-02227555-ML/scripts/cronjob_scripts/logs/github_activity_generator.sh.061323_000200.log
 create mode 100644 NCI-02227555-ML/scripts/cronjob_scripts/logs/github_activity_generator.sh.061323_100200.log
 create mode 100644 NCI-02227555-ML/scripts/cronjob_scripts/logs/kill_brave_browser.sh.060623_110100.log
 create mode 100644 NCI-02227555-ML/scripts/cronjob_scripts/logs/kill_brave_browser.sh.060623_120100.log
 create mode 100644 NCI-02227555-ML/scripts/cronjob_scripts/logs/kill_brave_browser.sh.060623_130100.log
 create mode 100644 NCI-02227555-ML/scripts/cronjob_scripts/logs/kill_brave_browser.sh.060623_140100.log
 create mode 100644 NCI-02227555-ML/scripts/cronjob_scripts/logs/kill_brave_browser.sh.060623_150100.log
 create mode 100644 NCI-02227555-ML/scripts/cronjob_scripts/logs/kill_brave_browser.sh.060623_160100.log
 create mode 100644 NCI-02227555-ML/scripts/cronjob_scripts/logs/kill_brave_browser.sh.060623_170100.log
 create mode 100644 NCI-02227555-ML/scripts/cronjob_scripts/logs/kill_brave_browser.sh.060623_180100.log
 create mode 100644 NCI-02227555-ML/scripts/cronjob_scripts/logs/kill_brave_browser.sh.060623_190100.log
 create mode 100644 NCI-02227555-ML/scripts/cronjob_scripts/logs/kill_brave_browser.sh.060623_200100.log
 create mode 100644 NCI-02227555-ML/scripts/cronjob_scripts/logs/kill_brave_browser.sh.060623_210100.log
 create mode 100644 NCI-02227555-ML/scripts/cronjob_scripts/logs/kill_brave_browser.sh.060623_220100.log
 create mode 100644 NCI-02227555-ML/scripts/cronjob_scripts/logs/kill_brave_browser.sh.060623_230100.log
 create mode 100644 NCI-02227555-ML/scripts/cronjob_scripts/logs/kill_brave_browser.sh.060723_000100.log
 create mode 100644 NCI-02227555-ML/scripts/cronjob_scripts/logs/kill_brave_browser.sh.060723_010100.log
 create mode 100644 NCI-02227555-ML/scripts/cronjob_scripts/logs/kill_brave_browser.sh.060723_070102.log
 create mode 100644 NCI-02227555-ML/scripts/cronjob_scripts/logs/kill_brave_browser.sh.060723_090100.log
 create mode 100644 NCI-02227555-ML/scripts/cronjob_scripts/logs/kill_brave_browser.sh.060723_100100.log
 create mode 100644 NCI-02227555-ML/scripts/cronjob_scripts/logs/kill_brave_browser.sh.060723_110100.log
 create mode 100644 NCI-02227555-ML/scripts/cronjob_scripts/logs/kill_brave_browser.sh.060723_120100.log
 create mode 100644 NCI-02227555-ML/scripts/cronjob_scripts/logs/kill_brave_browser.sh.060723_130100.log
 create mode 100644 NCI-02227555-ML/scripts/cronjob_scripts/logs/kill_brave_browser.sh.060723_140100.log
 create mode 100644 NCI-02227555-ML/scripts/cronjob_scripts/logs/kill_brave_browser.sh.060723_150100.log
 create mode 100644 NCI-02227555-ML/scripts/cronjob_scripts/logs/kill_brave_browser.sh.060723_160101.log
 create mode 100644 NCI-02227555-ML/scripts/cronjob_scripts/logs/kill_brave_browser.sh.060723_170100.log
 create mode 100644 NCI-02227555-ML/scripts/cronjob_scripts/logs/kill_brave_browser.sh.060723_180101.log
 create mode 100644 NCI-02227555-ML/scripts/cronjob_scripts/logs/kill_brave_browser.sh.060723_190101.log
 create mode 100644 NCI-02227555-ML/scripts/cronjob_scripts/logs/kill_brave_browser.sh.060723_200101.log
 create mode 100644 NCI-02227555-ML/scripts/cronjob_scripts/logs/kill_brave_browser.sh.060723_210100.log
 create mode 100644 NCI-02227555-ML/scripts/cronjob_scripts/logs/kill_brave_browser.sh.060723_220100.log
 create mode 100644 NCI-02227555-ML/scripts/cronjob_scripts/logs/kill_brave_browser.sh.060723_230100.log
 create mode 100644 NCI-02227555-ML/scripts/cronjob_scripts/logs/kill_brave_browser.sh.060823_000100.log
 create mode 100644 NCI-02227555-ML/scripts/cronjob_scripts/logs/kill_brave_browser.sh.060823_010100.log
 create mode 100644 NCI-02227555-ML/scripts/cronjob_scripts/logs/kill_brave_browser.sh.060823_020100.log
 create mode 100644 NCI-02227555-ML/scripts/cronjob_scripts/logs/kill_brave_browser.sh.060823_070105.log
 create mode 100644 NCI-02227555-ML/scripts/cronjob_scripts/logs/kill_brave_browser.sh.060823_090100.log
 create mode 100644 NCI-02227555-ML/scripts/cronjob_scripts/logs/kill_brave_browser.sh.060823_100100.log
 create mode 100644 NCI-02227555-ML/scripts/cronjob_scripts/logs/kill_brave_browser.sh.060823_110100.log
 create mode 100644 NCI-02227555-ML/scripts/cronjob_scripts/logs/kill_brave_browser.sh.060823_120100.log
 create mode 100644 NCI-02227555-ML/scripts/cronjob_scripts/logs/kill_brave_browser.sh.060823_130100.log
 create mode 100644 NCI-02227555-ML/scripts/cronjob_scripts/logs/kill_brave_browser.sh.060823_140100.log
 create mode 100644 NCI-02227555-ML/scripts/cronjob_scripts/logs/kill_brave_browser.sh.060823_150100.log
 create mode 100644 NCI-02227555-ML/scripts/cronjob_scripts/logs/kill_brave_browser.sh.060823_160100.log
 create mode 100644 NCI-02227555-ML/scripts/cronjob_scripts/logs/kill_brave_browser.sh.060823_170100.log
 create mode 100644 NCI-02227555-ML/scripts/cronjob_scripts/logs/kill_brave_browser.sh.060823_180100.log
 create mode 100644 NCI-02227555-ML/scripts/cronjob_scripts/logs/kill_brave_browser.sh.060823_190100.log
 create mode 100644 NCI-02227555-ML/scripts/cronjob_scripts/logs/kill_brave_browser.sh.060823_200100.log
 create mode 100644 NCI-02227555-ML/scripts/cronjob_scripts/logs/kill_brave_browser.sh.060823_210101.log
 create mode 100644 NCI-02227555-ML/scripts/cronjob_scripts/logs/kill_brave_browser.sh.060823_220100.log
 create mode 100644 NCI-02227555-ML/scripts/cronjob_scripts/logs/kill_brave_browser.sh.060823_230100.log
 create mode 100644 NCI-02227555-ML/scripts/cronjob_scripts/logs/kill_brave_browser.sh.060923_000100.log
 create mode 100644 NCI-02227555-ML/scripts/cronjob_scripts/logs/kill_brave_browser.sh.060923_010100.log
 create mode 100644 NCI-02227555-ML/scripts/cronjob_scripts/logs/kill_brave_browser.sh.060923_020101.log
 create mode 100644 NCI-02227555-ML/scripts/cronjob_scripts/logs/kill_brave_browser.sh.060923_070100.log
 create mode 100644 NCI-02227555-ML/scripts/cronjob_scripts/logs/kill_brave_browser.sh.060923_090101.log
 create mode 100644 NCI-02227555-ML/scripts/cronjob_scripts/logs/kill_brave_browser.sh.060923_100100.log
 create mode 100644 NCI-02227555-ML/scripts/cronjob_scripts/logs/kill_brave_browser.sh.060923_110100.log
 create mode 100644 NCI-02227555-ML/scripts/cronjob_scripts/logs/kill_brave_browser.sh.060923_120101.log
 create mode 100644 NCI-02227555-ML/scripts/cronjob_scripts/logs/kill_brave_browser.sh.060923_130100.log
 create mode 100644 NCI-02227555-ML/scripts/cronjob_scripts/logs/kill_brave_browser.sh.060923_140100.log
 create mode 100644 NCI-02227555-ML/scripts/cronjob_scripts/logs/kill_brave_browser.sh.060923_150101.log
 create mode 100644 NCI-02227555-ML/scripts/cronjob_scripts/logs/kill_brave_browser.sh.060923_160100.log
 create mode 100644 NCI-02227555-ML/scripts/cronjob_scripts/logs/kill_brave_browser.sh.060923_170101.log
 create mode 100644 NCI-02227555-ML/scripts/cronjob_scripts/logs/kill_brave_browser.sh.060923_180100.log
 create mode 100644 NCI-02227555-ML/scripts/cronjob_scripts/logs/kill_brave_browser.sh.060923_190100.log
 create mode 100644 NCI-02227555-ML/scripts/cronjob_scripts/logs/kill_brave_browser.sh.060923_200100.log
 create mode 100644 NCI-02227555-ML/scripts/cronjob_scripts/logs/kill_brave_browser.sh.060923_210101.log
 create mode 100644 NCI-02227555-ML/scripts/cronjob_scripts/logs/kill_brave_browser.sh.060923_220100.log
 create mode 100644 NCI-02227555-ML/scripts/cronjob_scripts/logs/kill_brave_browser.sh.060923_230100.log
 create mode 100644 NCI-02227555-ML/scripts/cronjob_scripts/logs/kill_brave_browser.sh.061023_000100.log
 create mode 100644 NCI-02227555-ML/scripts/cronjob_scripts/logs/kill_brave_browser.sh.061023_010100.log
 create mode 100644 NCI-02227555-ML/scripts/cronjob_scripts/logs/kill_brave_browser.sh.061023_020100.log
 create mode 100644 NCI-02227555-ML/scripts/cronjob_scripts/logs/kill_brave_browser.sh.061123_070101.log
 create mode 100644 NCI-02227555-ML/scripts/cronjob_scripts/logs/kill_brave_browser.sh.061223_070100.log
 create mode 100644 NCI-02227555-ML/scripts/cronjob_scripts/logs/kill_brave_browser.sh.061223_090100.log
 create mode 100644 NCI-02227555-ML/scripts/cronjob_scripts/logs/kill_brave_browser.sh.061223_100100.log
 create mode 100644 NCI-02227555-ML/scripts/cronjob_scripts/logs/kill_brave_browser.sh.061223_110101.log
 create mode 100644 NCI-02227555-ML/scripts/cronjob_scripts/logs/kill_brave_browser.sh.061223_120100.log
 create mode 100644 NCI-02227555-ML/scripts/cronjob_scripts/logs/kill_brave_browser.sh.061223_130100.log
 create mode 100644 NCI-02227555-ML/scripts/cronjob_scripts/logs/kill_brave_browser.sh.061223_140100.log
 create mode 100644 NCI-02227555-ML/scripts/cronjob_scripts/logs/kill_brave_browser.sh.061223_150100.log
 create mode 100644 NCI-02227555-ML/scripts/cronjob_scripts/logs/kill_brave_browser.sh.061223_160100.log
 create mode 100644 NCI-02227555-ML/scripts/cronjob_scripts/logs/kill_brave_browser.sh.061223_170100.log
 create mode 100644 NCI-02227555-ML/scripts/cronjob_scripts/logs/kill_brave_browser.sh.061223_180100.log
 create mode 100644 NCI-02227555-ML/scripts/cronjob_scripts/logs/kill_brave_browser.sh.061223_190100.log
 create mode 100644 NCI-02227555-ML/scripts/cronjob_scripts/logs/kill_brave_browser.sh.061223_210100.log
 create mode 100644 NCI-02227555-ML/scripts/cronjob_scripts/logs/kill_brave_browser.sh.061223_220100.log
 create mode 100644 NCI-02227555-ML/scripts/cronjob_scripts/logs/kill_brave_browser.sh.061223_230100.log
 create mode 100644 NCI-02227555-ML/scripts/cronjob_scripts/logs/kill_brave_browser.sh.061323_000100.log
 create mode 100644 NCI-02227555-ML/scripts/cronjob_scripts/logs/kill_brave_browser.sh.061323_070102.log
 create mode 100644 NCI-02227555-ML/scripts/cronjob_scripts/logs/kill_brave_browser.sh.061323_100100.log
 create mode 100644 NCI-02227555-ML/scripts/cronjob_scripts/logs/kill_password_boss.sh.060623_120001.log
 create mode 100644 NCI-02227555-ML/scripts/cronjob_scripts/logs/kill_password_boss.sh.060623_160000.log
 create mode 100644 NCI-02227555-ML/scripts/cronjob_scripts/logs/kill_password_boss.sh.060623_200000.log
 create mode 100644 NCI-02227555-ML/scripts/cronjob_scripts/logs/kill_password_boss.sh.060723_000001.log
 create mode 100644 NCI-02227555-ML/scripts/cronjob_scripts/logs/kill_password_boss.sh.060723_120001.log
 create mode 100644 NCI-02227555-ML/scripts/cronjob_scripts/logs/kill_password_boss.sh.060723_160000.log
 create mode 100644 NCI-02227555-ML/scripts/cronjob_scripts/logs/kill_password_boss.sh.060723_200000.log
 create mode 100644 NCI-02227555-ML/scripts/cronjob_scripts/logs/kill_password_boss.sh.060823_000001.log
 create mode 100644 NCI-02227555-ML/scripts/cronjob_scripts/logs/kill_password_boss.sh.060823_120001.log
 create mode 100644 NCI-02227555-ML/scripts/cronjob_scripts/logs/kill_password_boss.sh.060823_160000.log
 create mode 100644 NCI-02227555-ML/scripts/cronjob_scripts/logs/kill_password_boss.sh.060823_200000.log
 create mode 100644 NCI-02227555-ML/scripts/cronjob_scripts/logs/kill_password_boss.sh.060923_000001.log
 create mode 100644 NCI-02227555-ML/scripts/cronjob_scripts/logs/kill_password_boss.sh.060923_120000.log
 create mode 100644 NCI-02227555-ML/scripts/cronjob_scripts/logs/kill_password_boss.sh.060923_160001.log
 create mode 100644 NCI-02227555-ML/scripts/cronjob_scripts/logs/kill_password_boss.sh.060923_200000.log
 create mode 100644 NCI-02227555-ML/scripts/cronjob_scripts/logs/kill_password_boss.sh.061023_000001.log
 create mode 100644 NCI-02227555-ML/scripts/cronjob_scripts/logs/kill_password_boss.sh.061223_120000.log
 create mode 100644 NCI-02227555-ML/scripts/cronjob_scripts/logs/kill_password_boss.sh.061223_160001.log
 create mode 100644 NCI-02227555-ML/scripts/cronjob_scripts/logs/kill_password_boss.sh.061323_000000.log
 create mode 100644 NCI-02227555-ML/scripts/cronjob_scripts/logs/run_monthly.sh.061323_102001.log
+ git push
@@@@@@@@@@@@@@@@@@@@@@@@@@@@@@@@@@@@@@@@@@@@@@@@@@@@@@@@@@@
@    WARNING: REMOTE HOST IDENTIFICATION HAS CHANGED!     @
@@@@@@@@@@@@@@@@@@@@@@@@@@@@@@@@@@@@@@@@@@@@@@@@@@@@@@@@@@@
IT IS POSSIBLE THAT SOMEONE IS DOING SOMETHING NASTY!
Someone could be eavesdropping on you right now (man-in-the-middle attack)!
It is also possible that a host key has just been changed.
The fingerprint for the RSA key sent by the remote host is
SHA256:uNiVztksCsDhcc0u9e8BujQXVUpKZIDTMczCvj3tD2s.
Please contact your system administrator.
Add correct host key in /Users/kopardevn/.ssh/known_hosts to get rid of this message.
Offending RSA key in /Users/kopardevn/.ssh/known_hosts:8
Host key for github.com has changed and you have requested strict checking.
Host key verification failed.
fatal: Could not read from remote repository.

Please make sure you have the correct access rights
and the repository exists.
