++ date +%D
++ sed s@/@@g
+ dt=080922
+ crontab -l
+ cd /Users/kopardevn/Documents/GitRepos/configscriptsetc
+ git add .
+ git commit -m 'push on 080922'
[master e092122] push on 080922
 303 files changed, 739 insertions(+)
 create mode 100644 NCI-02227555-ML/scripts/cronjob_scripts/crontab.bak/crontab.bak.080922
 create mode 100644 NCI-02227555-ML/scripts/cronjob_scripts/logs/bring_slack_to_front.scpt.080522_160000.log
 create mode 100644 NCI-02227555-ML/scripts/cronjob_scripts/logs/bring_slack_to_front.scpt.080522_170000.log
 create mode 100644 NCI-02227555-ML/scripts/cronjob_scripts/logs/bring_slack_to_front.scpt.080522_180000.log
 create mode 100644 NCI-02227555-ML/scripts/cronjob_scripts/logs/bring_slack_to_front.scpt.080522_190000.log
 create mode 100644 NCI-02227555-ML/scripts/cronjob_scripts/logs/bring_slack_to_front.scpt.080522_200000.log
 create mode 100644 NCI-02227555-ML/scripts/cronjob_scripts/logs/bring_slack_to_front.scpt.080522_210000.log
 create mode 100644 NCI-02227555-ML/scripts/cronjob_scripts/logs/bring_slack_to_front.scpt.080522_220001.log
 create mode 100644 NCI-02227555-ML/scripts/cronjob_scripts/logs/bring_slack_to_front.scpt.080522_230000.log
 create mode 100644 NCI-02227555-ML/scripts/cronjob_scripts/logs/bring_slack_to_front.scpt.080622_000000.log
 create mode 100644 NCI-02227555-ML/scripts/cronjob_scripts/logs/bring_slack_to_front.scpt.080622_010001.log
 create mode 100644 NCI-02227555-ML/scripts/cronjob_scripts/logs/bring_slack_to_front.scpt.080622_020000.log
 create mode 100644 NCI-02227555-ML/scripts/cronjob_scripts/logs/bring_slack_to_front.scpt.080622_030001.log
 create mode 100644 NCI-02227555-ML/scripts/cronjob_scripts/logs/bring_slack_to_front.scpt.080622_040000.log
 create mode 100644 NCI-02227555-ML/scripts/cronjob_scripts/logs/bring_slack_to_front.scpt.080622_050000.log
 create mode 100644 NCI-02227555-ML/scripts/cronjob_scripts/logs/bring_slack_to_front.scpt.080622_060000.log
 create mode 100644 NCI-02227555-ML/scripts/cronjob_scripts/logs/bring_slack_to_front.scpt.080622_070000.log
 create mode 100644 NCI-02227555-ML/scripts/cronjob_scripts/logs/bring_slack_to_front.scpt.080622_080000.log
 create mode 100644 NCI-02227555-ML/scripts/cronjob_scripts/logs/bring_slack_to_front.scpt.080622_090000.log
 create mode 100644 NCI-02227555-ML/scripts/cronjob_scripts/logs/bring_slack_to_front.scpt.080622_100000.log
 create mode 100644 NCI-02227555-ML/scripts/cronjob_scripts/logs/bring_slack_to_front.scpt.080622_110000.log
 create mode 100644 NCI-02227555-ML/scripts/cronjob_scripts/logs/bring_slack_to_front.scpt.080622_120000.log
 create mode 100644 NCI-02227555-ML/scripts/cronjob_scripts/logs/bring_slack_to_front.scpt.080622_130001.log
 create mode 100644 NCI-02227555-ML/scripts/cronjob_scripts/logs/bring_slack_to_front.scpt.080622_140000.log
 create mode 100644 NCI-02227555-ML/scripts/cronjob_scripts/logs/bring_slack_to_front.scpt.080622_150000.log
 create mode 100644 NCI-02227555-ML/scripts/cronjob_scripts/logs/bring_slack_to_front.scpt.080622_160000.log
 create mode 100644 NCI-02227555-ML/scripts/cronjob_scripts/logs/bring_slack_to_front.scpt.080622_170000.log
 create mode 100644 NCI-02227555-ML/scripts/cronjob_scripts/logs/bring_slack_to_front.scpt.080622_180000.log
 create mode 100644 NCI-02227555-ML/scripts/cronjob_scripts/logs/bring_slack_to_front.scpt.080622_190000.log
 create mode 100644 NCI-02227555-ML/scripts/cronjob_scripts/logs/bring_slack_to_front.scpt.080622_200001.log
 create mode 100644 NCI-02227555-ML/scripts/cronjob_scripts/logs/bring_slack_to_front.scpt.080622_210000.log
 create mode 100644 NCI-02227555-ML/scripts/cronjob_scripts/logs/bring_slack_to_front.scpt.080622_220001.log
 create mode 100644 NCI-02227555-ML/scripts/cronjob_scripts/logs/bring_slack_to_front.scpt.080622_230000.log
 create mode 100644 NCI-02227555-ML/scripts/cronjob_scripts/logs/bring_slack_to_front.scpt.080722_000000.log
 create mode 100644 NCI-02227555-ML/scripts/cronjob_scripts/logs/bring_slack_to_front.scpt.080722_010000.log
 create mode 100644 NCI-02227555-ML/scripts/cronjob_scripts/logs/bring_slack_to_front.scpt.080722_020000.log
 create mode 100644 NCI-02227555-ML/scripts/cronjob_scripts/logs/bring_slack_to_front.scpt.080722_030000.log
 create mode 100644 NCI-02227555-ML/scripts/cronjob_scripts/logs/bring_slack_to_front.scpt.080722_040000.log
 create mode 100644 NCI-02227555-ML/scripts/cronjob_scripts/logs/bring_slack_to_front.scpt.080722_050000.log
 create mode 100644 NCI-02227555-ML/scripts/cronjob_scripts/logs/bring_slack_to_front.scpt.080722_060000.log
 create mode 100644 NCI-02227555-ML/scripts/cronjob_scripts/logs/bring_slack_to_front.scpt.080722_070000.log
 create mode 100644 NCI-02227555-ML/scripts/cronjob_scripts/logs/bring_slack_to_front.scpt.080722_080001.log
 create mode 100644 NCI-02227555-ML/scripts/cronjob_scripts/logs/bring_slack_to_front.scpt.080722_090000.log
 create mode 100644 NCI-02227555-ML/scripts/cronjob_scripts/logs/bring_slack_to_front.scpt.080722_100000.log
 create mode 100644 NCI-02227555-ML/scripts/cronjob_scripts/logs/bring_slack_to_front.scpt.080722_110000.log
 create mode 100644 NCI-02227555-ML/scripts/cronjob_scripts/logs/bring_slack_to_front.scpt.080722_120000.log
 create mode 100644 NCI-02227555-ML/scripts/cronjob_scripts/logs/bring_slack_to_front.scpt.080722_130000.log
 create mode 100644 NCI-02227555-ML/scripts/cronjob_scripts/logs/bring_slack_to_front.scpt.080722_140000.log
 create mode 100644 NCI-02227555-ML/scripts/cronjob_scripts/logs/bring_slack_to_front.scpt.080722_150001.log
 create mode 100644 NCI-02227555-ML/scripts/cronjob_scripts/logs/bring_slack_to_front.scpt.080722_160000.log
 create mode 100644 NCI-02227555-ML/scripts/cronjob_scripts/logs/bring_slack_to_front.scpt.080722_170001.log
 create mode 100644 NCI-02227555-ML/scripts/cronjob_scripts/logs/bring_slack_to_front.scpt.080722_180000.log
 create mode 100644 NCI-02227555-ML/scripts/cronjob_scripts/logs/bring_slack_to_front.scpt.080722_190000.log
 create mode 100644 NCI-02227555-ML/scripts/cronjob_scripts/logs/bring_slack_to_front.scpt.080722_200001.log
 create mode 100644 NCI-02227555-ML/scripts/cronjob_scripts/logs/bring_slack_to_front.scpt.080722_210000.log
 create mode 100644 NCI-02227555-ML/scripts/cronjob_scripts/logs/bring_slack_to_front.scpt.080722_220000.log
 create mode 100644 NCI-02227555-ML/scripts/cronjob_scripts/logs/bring_slack_to_front.scpt.080722_230000.log
 create mode 100644 NCI-02227555-ML/scripts/cronjob_scripts/logs/bring_slack_to_front.scpt.080822_000000.log
 create mode 100644 NCI-02227555-ML/scripts/cronjob_scripts/logs/bring_slack_to_front.scpt.080822_010000.log
 create mode 100644 NCI-02227555-ML/scripts/cronjob_scripts/logs/bring_slack_to_front.scpt.080822_020000.log
 create mode 100644 NCI-02227555-ML/scripts/cronjob_scripts/logs/bring_slack_to_front.scpt.080822_030000.log
 create mode 100644 NCI-02227555-ML/scripts/cronjob_scripts/logs/bring_slack_to_front.scpt.080822_040001.log
 create mode 100644 NCI-02227555-ML/scripts/cronjob_scripts/logs/bring_slack_to_front.scpt.080822_050000.log
 create mode 100644 NCI-02227555-ML/scripts/cronjob_scripts/logs/bring_slack_to_front.scpt.080822_060000.log
 create mode 100644 NCI-02227555-ML/scripts/cronjob_scripts/logs/bring_slack_to_front.scpt.080822_070001.log
 create mode 100644 NCI-02227555-ML/scripts/cronjob_scripts/logs/bring_slack_to_front.scpt.080822_080000.log
 create mode 100644 NCI-02227555-ML/scripts/cronjob_scripts/logs/bring_slack_to_front.scpt.080822_090000.log
 create mode 100644 NCI-02227555-ML/scripts/cronjob_scripts/logs/bring_slack_to_front.scpt.080822_100000.log
 create mode 100644 NCI-02227555-ML/scripts/cronjob_scripts/logs/bring_slack_to_front.scpt.080822_110000.log
 create mode 100644 NCI-02227555-ML/scripts/cronjob_scripts/logs/bring_slack_to_front.scpt.080822_120000.log
 create mode 100644 NCI-02227555-ML/scripts/cronjob_scripts/logs/bring_slack_to_front.scpt.080822_130000.log
 create mode 100644 NCI-02227555-ML/scripts/cronjob_scripts/logs/bring_slack_to_front.scpt.080822_140000.log
 create mode 100644 NCI-02227555-ML/scripts/cronjob_scripts/logs/bring_slack_to_front.scpt.080822_150001.log
 create mode 100644 NCI-02227555-ML/scripts/cronjob_scripts/logs/bring_slack_to_front.scpt.080822_160001.log
 create mode 100644 NCI-02227555-ML/scripts/cronjob_scripts/logs/bring_slack_to_front.scpt.080822_170000.log
 create mode 100644 NCI-02227555-ML/scripts/cronjob_scripts/logs/bring_slack_to_front.scpt.080822_180001.log
 create mode 100644 NCI-02227555-ML/scripts/cronjob_scripts/logs/bring_slack_to_front.scpt.080822_190000.log
 create mode 100644 NCI-02227555-ML/scripts/cronjob_scripts/logs/bring_slack_to_front.scpt.080822_200000.log
 create mode 100644 NCI-02227555-ML/scripts/cronjob_scripts/logs/bring_slack_to_front.scpt.080822_210001.log
 create mode 100644 NCI-02227555-ML/scripts/cronjob_scripts/logs/bring_slack_to_front.scpt.080822_220000.log
 create mode 100644 NCI-02227555-ML/scripts/cronjob_scripts/logs/bring_slack_to_front.scpt.080822_230000.log
 create mode 100644 NCI-02227555-ML/scripts/cronjob_scripts/logs/bring_slack_to_front.scpt.080922_000000.log
 create mode 100644 NCI-02227555-ML/scripts/cronjob_scripts/logs/bring_slack_to_front.scpt.080922_010000.log
 create mode 100644 NCI-02227555-ML/scripts/cronjob_scripts/logs/bring_slack_to_front.scpt.080922_020000.log
 create mode 100644 NCI-02227555-ML/scripts/cronjob_scripts/logs/bring_slack_to_front.scpt.080922_030001.log
 create mode 100644 NCI-02227555-ML/scripts/cronjob_scripts/logs/bring_slack_to_front.scpt.080922_040000.log
 create mode 100644 NCI-02227555-ML/scripts/cronjob_scripts/logs/bring_slack_to_front.scpt.080922_050001.log
 create mode 100644 NCI-02227555-ML/scripts/cronjob_scripts/logs/bring_slack_to_front.scpt.080922_060000.log
 create mode 100644 NCI-02227555-ML/scripts/cronjob_scripts/logs/bring_slack_to_front.scpt.080922_070001.log
 create mode 100644 NCI-02227555-ML/scripts/cronjob_scripts/logs/bring_slack_to_front.scpt.080922_080000.log
 create mode 100644 NCI-02227555-ML/scripts/cronjob_scripts/logs/bring_slack_to_front.scpt.080922_090000.log
 create mode 100644 NCI-02227555-ML/scripts/cronjob_scripts/logs/bring_slack_to_front.scpt.080922_100000.log
 create mode 100644 NCI-02227555-ML/scripts/cronjob_scripts/logs/commit_todos.sh.080622_100000.log
 create mode 100644 NCI-02227555-ML/scripts/cronjob_scripts/logs/commit_todos.sh.080722_100000.log
 create mode 100644 NCI-02227555-ML/scripts/cronjob_scripts/logs/commit_todos.sh.080822_100000.log
 create mode 100644 NCI-02227555-ML/scripts/cronjob_scripts/logs/commit_todos.sh.080922_100000.log
 create mode 100644 NCI-02227555-ML/scripts/cronjob_scripts/logs/github_activity_generator.sh.080522_160200.log
 create mode 100644 NCI-02227555-ML/scripts/cronjob_scripts/logs/github_activity_generator.sh.080522_170200.log
 create mode 100644 NCI-02227555-ML/scripts/cronjob_scripts/logs/github_activity_generator.sh.080522_180200.log
 create mode 100644 NCI-02227555-ML/scripts/cronjob_scripts/logs/github_activity_generator.sh.080522_190200.log
 create mode 100644 NCI-02227555-ML/scripts/cronjob_scripts/logs/github_activity_generator.sh.080522_200200.log
 create mode 100644 NCI-02227555-ML/scripts/cronjob_scripts/logs/github_activity_generator.sh.080522_210200.log
 create mode 100644 NCI-02227555-ML/scripts/cronjob_scripts/logs/github_activity_generator.sh.080522_220200.log
 create mode 100644 NCI-02227555-ML/scripts/cronjob_scripts/logs/github_activity_generator.sh.080522_230200.log
 create mode 100644 NCI-02227555-ML/scripts/cronjob_scripts/logs/github_activity_generator.sh.080622_000200.log
 create mode 100644 NCI-02227555-ML/scripts/cronjob_scripts/logs/github_activity_generator.sh.080622_010200.log
 create mode 100644 NCI-02227555-ML/scripts/cronjob_scripts/logs/github_activity_generator.sh.080622_020201.log
 create mode 100644 NCI-02227555-ML/scripts/cronjob_scripts/logs/github_activity_generator.sh.080622_030200.log
 create mode 100644 NCI-02227555-ML/scripts/cronjob_scripts/logs/github_activity_generator.sh.080622_040200.log
 create mode 100644 NCI-02227555-ML/scripts/cronjob_scripts/logs/github_activity_generator.sh.080622_050200.log
 create mode 100644 NCI-02227555-ML/scripts/cronjob_scripts/logs/github_activity_generator.sh.080622_060200.log
 create mode 100644 NCI-02227555-ML/scripts/cronjob_scripts/logs/github_activity_generator.sh.080622_070200.log
 create mode 100644 NCI-02227555-ML/scripts/cronjob_scripts/logs/github_activity_generator.sh.080622_080200.log
 create mode 100644 NCI-02227555-ML/scripts/cronjob_scripts/logs/github_activity_generator.sh.080622_090200.log
 create mode 100644 NCI-02227555-ML/scripts/cronjob_scripts/logs/github_activity_generator.sh.080622_100200.log
 create mode 100644 NCI-02227555-ML/scripts/cronjob_scripts/logs/github_activity_generator.sh.080622_110200.log
 create mode 100644 NCI-02227555-ML/scripts/cronjob_scripts/logs/github_activity_generator.sh.080622_120200.log
 create mode 100644 NCI-02227555-ML/scripts/cronjob_scripts/logs/github_activity_generator.sh.080622_130200.log
 create mode 100644 NCI-02227555-ML/scripts/cronjob_scripts/logs/github_activity_generator.sh.080622_140200.log
 create mode 100644 NCI-02227555-ML/scripts/cronjob_scripts/logs/github_activity_generator.sh.080622_150200.log
 create mode 100644 NCI-02227555-ML/scripts/cronjob_scripts/logs/github_activity_generator.sh.080622_160201.log
 create mode 100644 NCI-02227555-ML/scripts/cronjob_scripts/logs/github_activity_generator.sh.080622_170201.log
 create mode 100644 NCI-02227555-ML/scripts/cronjob_scripts/logs/github_activity_generator.sh.080622_180200.log
 create mode 100644 NCI-02227555-ML/scripts/cronjob_scripts/logs/github_activity_generator.sh.080622_190200.log
 create mode 100644 NCI-02227555-ML/scripts/cronjob_scripts/logs/github_activity_generator.sh.080622_200200.log
 create mode 100644 NCI-02227555-ML/scripts/cronjob_scripts/logs/github_activity_generator.sh.080622_210200.log
 create mode 100644 NCI-02227555-ML/scripts/cronjob_scripts/logs/github_activity_generator.sh.080622_220200.log
 create mode 100644 NCI-02227555-ML/scripts/cronjob_scripts/logs/github_activity_generator.sh.080622_230200.log
 create mode 100644 NCI-02227555-ML/scripts/cronjob_scripts/logs/github_activity_generator.sh.080722_000201.log
 create mode 100644 NCI-02227555-ML/scripts/cronjob_scripts/logs/github_activity_generator.sh.080722_010200.log
 create mode 100644 NCI-02227555-ML/scripts/cronjob_scripts/logs/github_activity_generator.sh.080722_020200.log
 create mode 100644 NCI-02227555-ML/scripts/cronjob_scripts/logs/github_activity_generator.sh.080722_030201.log
 create mode 100644 NCI-02227555-ML/scripts/cronjob_scripts/logs/github_activity_generator.sh.080722_040201.log
 create mode 100644 NCI-02227555-ML/scripts/cronjob_scripts/logs/github_activity_generator.sh.080722_050200.log
 create mode 100644 NCI-02227555-ML/scripts/cronjob_scripts/logs/github_activity_generator.sh.080722_060200.log
 create mode 100644 NCI-02227555-ML/scripts/cronjob_scripts/logs/github_activity_generator.sh.080722_070200.log
 create mode 100644 NCI-02227555-ML/scripts/cronjob_scripts/logs/github_activity_generator.sh.080722_080200.log
 create mode 100644 NCI-02227555-ML/scripts/cronjob_scripts/logs/github_activity_generator.sh.080722_090201.log
 create mode 100644 NCI-02227555-ML/scripts/cronjob_scripts/logs/github_activity_generator.sh.080722_100200.log
 create mode 100644 NCI-02227555-ML/scripts/cronjob_scripts/logs/github_activity_generator.sh.080722_110200.log
 create mode 100644 NCI-02227555-ML/scripts/cronjob_scripts/logs/github_activity_generator.sh.080722_120200.log
 create mode 100644 NCI-02227555-ML/scripts/cronjob_scripts/logs/github_activity_generator.sh.080722_130200.log
 create mode 100644 NCI-02227555-ML/scripts/cronjob_scripts/logs/github_activity_generator.sh.080722_140200.log
 create mode 100644 NCI-02227555-ML/scripts/cronjob_scripts/logs/github_activity_generator.sh.080722_150200.log
 create mode 100644 NCI-02227555-ML/scripts/cronjob_scripts/logs/github_activity_generator.sh.080722_160200.log
 create mode 100644 NCI-02227555-ML/scripts/cronjob_scripts/logs/github_activity_generator.sh.080722_170200.log
 create mode 100644 NCI-02227555-ML/scripts/cronjob_scripts/logs/github_activity_generator.sh.080722_180201.log
 create mode 100644 NCI-02227555-ML/scripts/cronjob_scripts/logs/github_activity_generator.sh.080722_190200.log
 create mode 100644 NCI-02227555-ML/scripts/cronjob_scripts/logs/github_activity_generator.sh.080722_200200.log
 create mode 100644 NCI-02227555-ML/scripts/cronjob_scripts/logs/github_activity_generator.sh.080722_210200.log
 create mode 100644 NCI-02227555-ML/scripts/cronjob_scripts/logs/github_activity_generator.sh.080722_220201.log
 create mode 100644 NCI-02227555-ML/scripts/cronjob_scripts/logs/github_activity_generator.sh.080722_230201.log
 create mode 100644 NCI-02227555-ML/scripts/cronjob_scripts/logs/github_activity_generator.sh.080822_000200.log
 create mode 100644 NCI-02227555-ML/scripts/cronjob_scripts/logs/github_activity_generator.sh.080822_010200.log
 create mode 100644 NCI-02227555-ML/scripts/cronjob_scripts/logs/github_activity_generator.sh.080822_020201.log
 create mode 100644 NCI-02227555-ML/scripts/cronjob_scripts/logs/github_activity_generator.sh.080822_030200.log
 create mode 100644 NCI-02227555-ML/scripts/cronjob_scripts/logs/github_activity_generator.sh.080822_040200.log
 create mode 100644 NCI-02227555-ML/scripts/cronjob_scripts/logs/github_activity_generator.sh.080822_050200.log
 create mode 100644 NCI-02227555-ML/scripts/cronjob_scripts/logs/github_activity_generator.sh.080822_060200.log
 create mode 100644 NCI-02227555-ML/scripts/cronjob_scripts/logs/github_activity_generator.sh.080822_070201.log
 create mode 100644 NCI-02227555-ML/scripts/cronjob_scripts/logs/github_activity_generator.sh.080822_080200.log
 create mode 100644 NCI-02227555-ML/scripts/cronjob_scripts/logs/github_activity_generator.sh.080822_090200.log
 create mode 100644 NCI-02227555-ML/scripts/cronjob_scripts/logs/github_activity_generator.sh.080822_100200.log
 create mode 100644 NCI-02227555-ML/scripts/cronjob_scripts/logs/github_activity_generator.sh.080822_110201.log
 create mode 100644 NCI-02227555-ML/scripts/cronjob_scripts/logs/github_activity_generator.sh.080822_120201.log
 create mode 100644 NCI-02227555-ML/scripts/cronjob_scripts/logs/github_activity_generator.sh.080822_130200.log
 create mode 100644 NCI-02227555-ML/scripts/cronjob_scripts/logs/github_activity_generator.sh.080822_140200.log
 create mode 100644 NCI-02227555-ML/scripts/cronjob_scripts/logs/github_activity_generator.sh.080822_150200.log
 create mode 100644 NCI-02227555-ML/scripts/cronjob_scripts/logs/github_activity_generator.sh.080822_160200.log
 create mode 100644 NCI-02227555-ML/scripts/cronjob_scripts/logs/github_activity_generator.sh.080822_170201.log
 create mode 100644 NCI-02227555-ML/scripts/cronjob_scripts/logs/github_activity_generator.sh.080822_180200.log
 create mode 100644 NCI-02227555-ML/scripts/cronjob_scripts/logs/github_activity_generator.sh.080822_190200.log
 create mode 100644 NCI-02227555-ML/scripts/cronjob_scripts/logs/github_activity_generator.sh.080822_200200.log
 create mode 100644 NCI-02227555-ML/scripts/cronjob_scripts/logs/github_activity_generator.sh.080822_210200.log
 create mode 100644 NCI-02227555-ML/scripts/cronjob_scripts/logs/github_activity_generator.sh.080822_220200.log
 create mode 100644 NCI-02227555-ML/scripts/cronjob_scripts/logs/github_activity_generator.sh.080822_230200.log
 create mode 100644 NCI-02227555-ML/scripts/cronjob_scripts/logs/github_activity_generator.sh.080922_000201.log
 create mode 100644 NCI-02227555-ML/scripts/cronjob_scripts/logs/github_activity_generator.sh.080922_010200.log
 create mode 100644 NCI-02227555-ML/scripts/cronjob_scripts/logs/github_activity_generator.sh.080922_020200.log
 create mode 100644 NCI-02227555-ML/scripts/cronjob_scripts/logs/github_activity_generator.sh.080922_030200.log
 create mode 100644 NCI-02227555-ML/scripts/cronjob_scripts/logs/github_activity_generator.sh.080922_040200.log
 create mode 100644 NCI-02227555-ML/scripts/cronjob_scripts/logs/github_activity_generator.sh.080922_050200.log
 create mode 100644 NCI-02227555-ML/scripts/cronjob_scripts/logs/github_activity_generator.sh.080922_060200.log
 create mode 100644 NCI-02227555-ML/scripts/cronjob_scripts/logs/github_activity_generator.sh.080922_070200.log
 create mode 100644 NCI-02227555-ML/scripts/cronjob_scripts/logs/github_activity_generator.sh.080922_080201.log
 create mode 100644 NCI-02227555-ML/scripts/cronjob_scripts/logs/github_activity_generator.sh.080922_090200.log
 create mode 100644 NCI-02227555-ML/scripts/cronjob_scripts/logs/github_activity_generator.sh.080922_100200.log
 create mode 100644 NCI-02227555-ML/scripts/cronjob_scripts/logs/kill_brave_browser.sh.080522_160100.log
 create mode 100644 NCI-02227555-ML/scripts/cronjob_scripts/logs/kill_brave_browser.sh.080522_170100.log
 create mode 100644 NCI-02227555-ML/scripts/cronjob_scripts/logs/kill_brave_browser.sh.080522_180100.log
 create mode 100644 NCI-02227555-ML/scripts/cronjob_scripts/logs/kill_brave_browser.sh.080522_190100.log
 create mode 100644 NCI-02227555-ML/scripts/cronjob_scripts/logs/kill_brave_browser.sh.080522_200100.log
 create mode 100644 NCI-02227555-ML/scripts/cronjob_scripts/logs/kill_brave_browser.sh.080522_210100.log
 create mode 100644 NCI-02227555-ML/scripts/cronjob_scripts/logs/kill_brave_browser.sh.080522_220100.log
 create mode 100644 NCI-02227555-ML/scripts/cronjob_scripts/logs/kill_brave_browser.sh.080522_230100.log
 create mode 100644 NCI-02227555-ML/scripts/cronjob_scripts/logs/kill_brave_browser.sh.080622_000101.log
 create mode 100644 NCI-02227555-ML/scripts/cronjob_scripts/logs/kill_brave_browser.sh.080622_010100.log
 create mode 100644 NCI-02227555-ML/scripts/cronjob_scripts/logs/kill_brave_browser.sh.080622_020100.log
 create mode 100644 NCI-02227555-ML/scripts/cronjob_scripts/logs/kill_brave_browser.sh.080622_030100.log
 create mode 100644 NCI-02227555-ML/scripts/cronjob_scripts/logs/kill_brave_browser.sh.080622_040100.log
 create mode 100644 NCI-02227555-ML/scripts/cronjob_scripts/logs/kill_brave_browser.sh.080622_050100.log
 create mode 100644 NCI-02227555-ML/scripts/cronjob_scripts/logs/kill_brave_browser.sh.080622_060100.log
 create mode 100644 NCI-02227555-ML/scripts/cronjob_scripts/logs/kill_brave_browser.sh.080622_070101.log
 create mode 100644 NCI-02227555-ML/scripts/cronjob_scripts/logs/kill_brave_browser.sh.080622_080100.log
 create mode 100644 NCI-02227555-ML/scripts/cronjob_scripts/logs/kill_brave_browser.sh.080622_090101.log
 create mode 100644 NCI-02227555-ML/scripts/cronjob_scripts/logs/kill_brave_browser.sh.080622_100100.log
 create mode 100644 NCI-02227555-ML/scripts/cronjob_scripts/logs/kill_brave_browser.sh.080622_110100.log
 create mode 100644 NCI-02227555-ML/scripts/cronjob_scripts/logs/kill_brave_browser.sh.080622_120100.log
 create mode 100644 NCI-02227555-ML/scripts/cronjob_scripts/logs/kill_brave_browser.sh.080622_130100.log
 create mode 100644 NCI-02227555-ML/scripts/cronjob_scripts/logs/kill_brave_browser.sh.080622_140101.log
 create mode 100644 NCI-02227555-ML/scripts/cronjob_scripts/logs/kill_brave_browser.sh.080622_150100.log
 create mode 100644 NCI-02227555-ML/scripts/cronjob_scripts/logs/kill_brave_browser.sh.080622_160100.log
 create mode 100644 NCI-02227555-ML/scripts/cronjob_scripts/logs/kill_brave_browser.sh.080622_170100.log
 create mode 100644 NCI-02227555-ML/scripts/cronjob_scripts/logs/kill_brave_browser.sh.080622_180101.log
 create mode 100644 NCI-02227555-ML/scripts/cronjob_scripts/logs/kill_brave_browser.sh.080622_190100.log
 create mode 100644 NCI-02227555-ML/scripts/cronjob_scripts/logs/kill_brave_browser.sh.080622_200100.log
 create mode 100644 NCI-02227555-ML/scripts/cronjob_scripts/logs/kill_brave_browser.sh.080622_210100.log
 create mode 100644 NCI-02227555-ML/scripts/cronjob_scripts/logs/kill_brave_browser.sh.080622_220100.log
 create mode 100644 NCI-02227555-ML/scripts/cronjob_scripts/logs/kill_brave_browser.sh.080622_230101.log
 create mode 100644 NCI-02227555-ML/scripts/cronjob_scripts/logs/kill_brave_browser.sh.080722_000100.log
 create mode 100644 NCI-02227555-ML/scripts/cronjob_scripts/logs/kill_brave_browser.sh.080722_010100.log
 create mode 100644 NCI-02227555-ML/scripts/cronjob_scripts/logs/kill_brave_browser.sh.080722_020100.log
 create mode 100644 NCI-02227555-ML/scripts/cronjob_scripts/logs/kill_brave_browser.sh.080722_030100.log
 create mode 100644 NCI-02227555-ML/scripts/cronjob_scripts/logs/kill_brave_browser.sh.080722_040100.log
 create mode 100644 NCI-02227555-ML/scripts/cronjob_scripts/logs/kill_brave_browser.sh.080722_050100.log
 create mode 100644 NCI-02227555-ML/scripts/cronjob_scripts/logs/kill_brave_browser.sh.080722_060100.log
 create mode 100644 NCI-02227555-ML/scripts/cronjob_scripts/logs/kill_brave_browser.sh.080722_070101.log
 create mode 100644 NCI-02227555-ML/scripts/cronjob_scripts/logs/kill_brave_browser.sh.080722_080100.log
 create mode 100644 NCI-02227555-ML/scripts/cronjob_scripts/logs/kill_brave_browser.sh.080722_090100.log
 create mode 100644 NCI-02227555-ML/scripts/cronjob_scripts/logs/kill_brave_browser.sh.080722_100101.log
 create mode 100644 NCI-02227555-ML/scripts/cronjob_scripts/logs/kill_brave_browser.sh.080722_110100.log
 create mode 100644 NCI-02227555-ML/scripts/cronjob_scripts/logs/kill_brave_browser.sh.080722_120100.log
 create mode 100644 NCI-02227555-ML/scripts/cronjob_scripts/logs/kill_brave_browser.sh.080722_130101.log
 create mode 100644 NCI-02227555-ML/scripts/cronjob_scripts/logs/kill_brave_browser.sh.080722_140100.log
 create mode 100644 NCI-02227555-ML/scripts/cronjob_scripts/logs/kill_brave_browser.sh.080722_150100.log
 create mode 100644 NCI-02227555-ML/scripts/cronjob_scripts/logs/kill_brave_browser.sh.080722_160100.log
 create mode 100644 NCI-02227555-ML/scripts/cronjob_scripts/logs/kill_brave_browser.sh.080722_170100.log
 create mode 100644 NCI-02227555-ML/scripts/cronjob_scripts/logs/kill_brave_browser.sh.080722_180100.log
 create mode 100644 NCI-02227555-ML/scripts/cronjob_scripts/logs/kill_brave_browser.sh.080722_190100.log
 create mode 100644 NCI-02227555-ML/scripts/cronjob_scripts/logs/kill_brave_browser.sh.080722_200100.log
 create mode 100644 NCI-02227555-ML/scripts/cronjob_scripts/logs/kill_brave_browser.sh.080722_210100.log
 create mode 100644 NCI-02227555-ML/scripts/cronjob_scripts/logs/kill_brave_browser.sh.080722_220100.log
 create mode 100644 NCI-02227555-ML/scripts/cronjob_scripts/logs/kill_brave_browser.sh.080722_230100.log
 create mode 100644 NCI-02227555-ML/scripts/cronjob_scripts/logs/kill_brave_browser.sh.080822_000101.log
 create mode 100644 NCI-02227555-ML/scripts/cronjob_scripts/logs/kill_brave_browser.sh.080822_010100.log
 create mode 100644 NCI-02227555-ML/scripts/cronjob_scripts/logs/kill_brave_browser.sh.080822_020100.log
 create mode 100644 NCI-02227555-ML/scripts/cronjob_scripts/logs/kill_brave_browser.sh.080822_030100.log
 create mode 100644 NCI-02227555-ML/scripts/cronjob_scripts/logs/kill_brave_browser.sh.080822_040100.log
 create mode 100644 NCI-02227555-ML/scripts/cronjob_scripts/logs/kill_brave_browser.sh.080822_050100.log
 create mode 100644 NCI-02227555-ML/scripts/cronjob_scripts/logs/kill_brave_browser.sh.080822_060100.log
 create mode 100644 NCI-02227555-ML/scripts/cronjob_scripts/logs/kill_brave_browser.sh.080822_070100.log
 create mode 100644 NCI-02227555-ML/scripts/cronjob_scripts/logs/kill_brave_browser.sh.080822_080100.log
 create mode 100644 NCI-02227555-ML/scripts/cronjob_scripts/logs/kill_brave_browser.sh.080822_090100.log
 create mode 100644 NCI-02227555-ML/scripts/cronjob_scripts/logs/kill_brave_browser.sh.080822_100100.log
 create mode 100644 NCI-02227555-ML/scripts/cronjob_scripts/logs/kill_brave_browser.sh.080822_110100.log
 create mode 100644 NCI-02227555-ML/scripts/cronjob_scripts/logs/kill_brave_browser.sh.080822_120100.log
 create mode 100644 NCI-02227555-ML/scripts/cronjob_scripts/logs/kill_brave_browser.sh.080822_130100.log
 create mode 100644 NCI-02227555-ML/scripts/cronjob_scripts/logs/kill_brave_browser.sh.080822_140100.log
 create mode 100644 NCI-02227555-ML/scripts/cronjob_scripts/logs/kill_brave_browser.sh.080822_150100.log
 create mode 100644 NCI-02227555-ML/scripts/cronjob_scripts/logs/kill_brave_browser.sh.080822_160100.log
 create mode 100644 NCI-02227555-ML/scripts/cronjob_scripts/logs/kill_brave_browser.sh.080822_170100.log
 create mode 100644 NCI-02227555-ML/scripts/cronjob_scripts/logs/kill_brave_browser.sh.080822_180100.log
 create mode 100644 NCI-02227555-ML/scripts/cronjob_scripts/logs/kill_brave_browser.sh.080822_190100.log
 create mode 100644 NCI-02227555-ML/scripts/cronjob_scripts/logs/kill_brave_browser.sh.080822_200100.log
 create mode 100644 NCI-02227555-ML/scripts/cronjob_scripts/logs/kill_brave_browser.sh.080822_210100.log
 create mode 100644 NCI-02227555-ML/scripts/cronjob_scripts/logs/kill_brave_browser.sh.080822_220100.log
 create mode 100644 NCI-02227555-ML/scripts/cronjob_scripts/logs/kill_brave_browser.sh.080822_230101.log
 create mode 100644 NCI-02227555-ML/scripts/cronjob_scripts/logs/kill_brave_browser.sh.080922_000100.log
 create mode 100644 NCI-02227555-ML/scripts/cronjob_scripts/logs/kill_brave_browser.sh.080922_010101.log
 create mode 100644 NCI-02227555-ML/scripts/cronjob_scripts/logs/kill_brave_browser.sh.080922_020100.log
 create mode 100644 NCI-02227555-ML/scripts/cronjob_scripts/logs/kill_brave_browser.sh.080922_030100.log
 create mode 100644 NCI-02227555-ML/scripts/cronjob_scripts/logs/kill_brave_browser.sh.080922_040100.log
 create mode 100644 NCI-02227555-ML/scripts/cronjob_scripts/logs/kill_brave_browser.sh.080922_050100.log
 create mode 100644 NCI-02227555-ML/scripts/cronjob_scripts/logs/kill_brave_browser.sh.080922_060100.log
 create mode 100644 NCI-02227555-ML/scripts/cronjob_scripts/logs/kill_brave_browser.sh.080922_070100.log
 create mode 100644 NCI-02227555-ML/scripts/cronjob_scripts/logs/kill_brave_browser.sh.080922_080100.log
 create mode 100644 NCI-02227555-ML/scripts/cronjob_scripts/logs/kill_brave_browser.sh.080922_090100.log
 create mode 100644 NCI-02227555-ML/scripts/cronjob_scripts/logs/kill_brave_browser.sh.080922_100100.log
 create mode 100644 NCI-02227555-ML/scripts/cronjob_scripts/logs/kill_password_boss.sh.080522_160000.log
 create mode 100644 NCI-02227555-ML/scripts/cronjob_scripts/logs/kill_password_boss.sh.080522_200000.log
 create mode 100644 NCI-02227555-ML/scripts/cronjob_scripts/logs/kill_password_boss.sh.080622_000000.log
 create mode 100644 NCI-02227555-ML/scripts/cronjob_scripts/logs/kill_password_boss.sh.080622_040000.log
 create mode 100644 NCI-02227555-ML/scripts/cronjob_scripts/logs/kill_password_boss.sh.080622_080000.log
 create mode 100644 NCI-02227555-ML/scripts/cronjob_scripts/logs/kill_password_boss.sh.080622_120000.log
 create mode 100644 NCI-02227555-ML/scripts/cronjob_scripts/logs/kill_password_boss.sh.080622_160000.log
 create mode 100644 NCI-02227555-ML/scripts/cronjob_scripts/logs/kill_password_boss.sh.080622_200001.log
 create mode 100644 NCI-02227555-ML/scripts/cronjob_scripts/logs/kill_password_boss.sh.080722_000000.log
 create mode 100644 NCI-02227555-ML/scripts/cronjob_scripts/logs/kill_password_boss.sh.080722_040000.log
 create mode 100644 NCI-02227555-ML/scripts/cronjob_scripts/logs/kill_password_boss.sh.080722_080001.log
 create mode 100644 NCI-02227555-ML/scripts/cronjob_scripts/logs/kill_password_boss.sh.080722_120000.log
 create mode 100644 NCI-02227555-ML/scripts/cronjob_scripts/logs/kill_password_boss.sh.080722_160000.log
 create mode 100644 NCI-02227555-ML/scripts/cronjob_scripts/logs/kill_password_boss.sh.080722_200001.log
 create mode 100644 NCI-02227555-ML/scripts/cronjob_scripts/logs/kill_password_boss.sh.080822_000000.log
 create mode 100644 NCI-02227555-ML/scripts/cronjob_scripts/logs/kill_password_boss.sh.080822_040001.log
 create mode 100644 NCI-02227555-ML/scripts/cronjob_scripts/logs/kill_password_boss.sh.080822_080000.log
 create mode 100644 NCI-02227555-ML/scripts/cronjob_scripts/logs/kill_password_boss.sh.080822_120000.log
 create mode 100644 NCI-02227555-ML/scripts/cronjob_scripts/logs/kill_password_boss.sh.080822_160001.log
 create mode 100644 NCI-02227555-ML/scripts/cronjob_scripts/logs/kill_password_boss.sh.080822_200000.log
 create mode 100644 NCI-02227555-ML/scripts/cronjob_scripts/logs/kill_password_boss.sh.080922_000000.log
 create mode 100644 NCI-02227555-ML/scripts/cronjob_scripts/logs/kill_password_boss.sh.080922_040000.log
 create mode 100644 NCI-02227555-ML/scripts/cronjob_scripts/logs/kill_password_boss.sh.080922_080000.log
 create mode 100644 NCI-02227555-ML/scripts/cronjob_scripts/logs/run_monthly.sh.080922_102001.log
+ git push
To github.com:kopardev/configscriptsetc.git
   7520d2f..e092122  master -> master
