++ date +%D
++ sed s@/@@g
+ dt=031423
+ crontab -l
+ cd /Users/kopardevn/Documents/GitRepos/configscriptsetc
+ git add .
+ git commit -m 'push on 031423'
[master d9d207f] push on 031423
 257 files changed, 1063 insertions(+)
 create mode 100644 NCI-02227555-ML/scripts/cronjob_scripts/crontab.bak/crontab.bak.031423
 create mode 100644 NCI-02227555-ML/scripts/cronjob_scripts/logs/bring_slack_to_front.scpt.030723_110000.log
 create mode 100644 NCI-02227555-ML/scripts/cronjob_scripts/logs/bring_slack_to_front.scpt.030723_120001.log
 create mode 100644 NCI-02227555-ML/scripts/cronjob_scripts/logs/bring_slack_to_front.scpt.030723_130000.log
 create mode 100644 NCI-02227555-ML/scripts/cronjob_scripts/logs/bring_slack_to_front.scpt.030723_140000.log
 create mode 100644 NCI-02227555-ML/scripts/cronjob_scripts/logs/bring_slack_to_front.scpt.030723_150000.log
 create mode 100644 NCI-02227555-ML/scripts/cronjob_scripts/logs/bring_slack_to_front.scpt.030723_160000.log
 create mode 100644 NCI-02227555-ML/scripts/cronjob_scripts/logs/bring_slack_to_front.scpt.030723_170000.log
 create mode 100644 NCI-02227555-ML/scripts/cronjob_scripts/logs/bring_slack_to_front.scpt.030723_180001.log
 create mode 100644 NCI-02227555-ML/scripts/cronjob_scripts/logs/bring_slack_to_front.scpt.030823_000000.log
 create mode 100644 NCI-02227555-ML/scripts/cronjob_scripts/logs/bring_slack_to_front.scpt.030823_090000.log
 create mode 100644 NCI-02227555-ML/scripts/cronjob_scripts/logs/bring_slack_to_front.scpt.030823_100000.log
 create mode 100644 NCI-02227555-ML/scripts/cronjob_scripts/logs/bring_slack_to_front.scpt.030823_110000.log
 create mode 100644 NCI-02227555-ML/scripts/cronjob_scripts/logs/bring_slack_to_front.scpt.030823_120000.log
 create mode 100644 NCI-02227555-ML/scripts/cronjob_scripts/logs/bring_slack_to_front.scpt.030823_130000.log
 create mode 100644 NCI-02227555-ML/scripts/cronjob_scripts/logs/bring_slack_to_front.scpt.030823_140001.log
 create mode 100644 NCI-02227555-ML/scripts/cronjob_scripts/logs/bring_slack_to_front.scpt.030823_150000.log
 create mode 100644 NCI-02227555-ML/scripts/cronjob_scripts/logs/bring_slack_to_front.scpt.030823_160000.log
 create mode 100644 NCI-02227555-ML/scripts/cronjob_scripts/logs/bring_slack_to_front.scpt.030823_170004.log
 create mode 100644 NCI-02227555-ML/scripts/cronjob_scripts/logs/bring_slack_to_front.scpt.030823_200001.log
 create mode 100644 NCI-02227555-ML/scripts/cronjob_scripts/logs/bring_slack_to_front.scpt.030823_210000.log
 create mode 100644 NCI-02227555-ML/scripts/cronjob_scripts/logs/bring_slack_to_front.scpt.030923_100000.log
 create mode 100644 NCI-02227555-ML/scripts/cronjob_scripts/logs/bring_slack_to_front.scpt.030923_110000.log
 create mode 100644 NCI-02227555-ML/scripts/cronjob_scripts/logs/bring_slack_to_front.scpt.030923_120000.log
 create mode 100644 NCI-02227555-ML/scripts/cronjob_scripts/logs/bring_slack_to_front.scpt.030923_130000.log
 create mode 100644 NCI-02227555-ML/scripts/cronjob_scripts/logs/bring_slack_to_front.scpt.030923_140000.log
 create mode 100644 NCI-02227555-ML/scripts/cronjob_scripts/logs/bring_slack_to_front.scpt.030923_150000.log
 create mode 100644 NCI-02227555-ML/scripts/cronjob_scripts/logs/bring_slack_to_front.scpt.030923_160000.log
 create mode 100644 NCI-02227555-ML/scripts/cronjob_scripts/logs/bring_slack_to_front.scpt.030923_170000.log
 create mode 100644 NCI-02227555-ML/scripts/cronjob_scripts/logs/bring_slack_to_front.scpt.030923_180000.log
 create mode 100644 NCI-02227555-ML/scripts/cronjob_scripts/logs/bring_slack_to_front.scpt.030923_190000.log
 create mode 100644 NCI-02227555-ML/scripts/cronjob_scripts/logs/bring_slack_to_front.scpt.030923_210000.log
 create mode 100644 NCI-02227555-ML/scripts/cronjob_scripts/logs/bring_slack_to_front.scpt.031023_080000.log
 create mode 100644 NCI-02227555-ML/scripts/cronjob_scripts/logs/bring_slack_to_front.scpt.031023_090000.log
 create mode 100644 NCI-02227555-ML/scripts/cronjob_scripts/logs/bring_slack_to_front.scpt.031023_100001.log
 create mode 100644 NCI-02227555-ML/scripts/cronjob_scripts/logs/bring_slack_to_front.scpt.031023_110001.log
 create mode 100644 NCI-02227555-ML/scripts/cronjob_scripts/logs/bring_slack_to_front.scpt.031023_120000.log
 create mode 100644 NCI-02227555-ML/scripts/cronjob_scripts/logs/bring_slack_to_front.scpt.031023_130000.log
 create mode 100644 NCI-02227555-ML/scripts/cronjob_scripts/logs/bring_slack_to_front.scpt.031023_140001.log
 create mode 100644 NCI-02227555-ML/scripts/cronjob_scripts/logs/bring_slack_to_front.scpt.031023_150001.log
 create mode 100644 NCI-02227555-ML/scripts/cronjob_scripts/logs/bring_slack_to_front.scpt.031023_160001.log
 create mode 100644 NCI-02227555-ML/scripts/cronjob_scripts/logs/bring_slack_to_front.scpt.031023_170000.log
 create mode 100644 NCI-02227555-ML/scripts/cronjob_scripts/logs/bring_slack_to_front.scpt.031023_220000.log
 create mode 100644 NCI-02227555-ML/scripts/cronjob_scripts/logs/bring_slack_to_front.scpt.031023_230001.log
 create mode 100644 NCI-02227555-ML/scripts/cronjob_scripts/logs/bring_slack_to_front.scpt.031123_000001.log
 create mode 100644 NCI-02227555-ML/scripts/cronjob_scripts/logs/bring_slack_to_front.scpt.031123_110000.log
 create mode 100644 NCI-02227555-ML/scripts/cronjob_scripts/logs/bring_slack_to_front.scpt.031123_170000.log
 create mode 100644 NCI-02227555-ML/scripts/cronjob_scripts/logs/bring_slack_to_front.scpt.031123_210000.log
 create mode 100644 NCI-02227555-ML/scripts/cronjob_scripts/logs/bring_slack_to_front.scpt.031123_220000.log
 create mode 100644 NCI-02227555-ML/scripts/cronjob_scripts/logs/bring_slack_to_front.scpt.031123_230001.log
 create mode 100644 NCI-02227555-ML/scripts/cronjob_scripts/logs/bring_slack_to_front.scpt.031223_000001.log
 create mode 100644 NCI-02227555-ML/scripts/cronjob_scripts/logs/bring_slack_to_front.scpt.031223_090000.log
 create mode 100644 NCI-02227555-ML/scripts/cronjob_scripts/logs/bring_slack_to_front.scpt.031223_110000.log
 create mode 100644 NCI-02227555-ML/scripts/cronjob_scripts/logs/bring_slack_to_front.scpt.031223_120001.log
 create mode 100644 NCI-02227555-ML/scripts/cronjob_scripts/logs/bring_slack_to_front.scpt.031223_220001.log
 create mode 100644 NCI-02227555-ML/scripts/cronjob_scripts/logs/bring_slack_to_front.scpt.031323_090000.log
 create mode 100644 NCI-02227555-ML/scripts/cronjob_scripts/logs/bring_slack_to_front.scpt.031323_100001.log
 create mode 100644 NCI-02227555-ML/scripts/cronjob_scripts/logs/bring_slack_to_front.scpt.031323_110001.log
 create mode 100644 NCI-02227555-ML/scripts/cronjob_scripts/logs/bring_slack_to_front.scpt.031323_120000.log
 create mode 100644 NCI-02227555-ML/scripts/cronjob_scripts/logs/bring_slack_to_front.scpt.031323_130000.log
 create mode 100644 NCI-02227555-ML/scripts/cronjob_scripts/logs/bring_slack_to_front.scpt.031323_140000.log
 create mode 100644 NCI-02227555-ML/scripts/cronjob_scripts/logs/bring_slack_to_front.scpt.031323_150000.log
 create mode 100644 NCI-02227555-ML/scripts/cronjob_scripts/logs/bring_slack_to_front.scpt.031323_160001.log
 create mode 100644 NCI-02227555-ML/scripts/cronjob_scripts/logs/bring_slack_to_front.scpt.031323_170000.log
 create mode 100644 NCI-02227555-ML/scripts/cronjob_scripts/logs/bring_slack_to_front.scpt.031323_180000.log
 create mode 100644 NCI-02227555-ML/scripts/cronjob_scripts/logs/bring_slack_to_front.scpt.031323_200000.log
 create mode 100644 NCI-02227555-ML/scripts/cronjob_scripts/logs/bring_slack_to_front.scpt.031323_210000.log
 create mode 100644 NCI-02227555-ML/scripts/cronjob_scripts/logs/bring_slack_to_front.scpt.031323_220000.log
 create mode 100644 NCI-02227555-ML/scripts/cronjob_scripts/logs/bring_slack_to_front.scpt.031323_230001.log
 create mode 100644 NCI-02227555-ML/scripts/cronjob_scripts/logs/bring_slack_to_front.scpt.031423_000001.log
 create mode 100644 NCI-02227555-ML/scripts/cronjob_scripts/logs/bring_slack_to_front.scpt.031423_010001.log
 create mode 100644 NCI-02227555-ML/scripts/cronjob_scripts/logs/bring_slack_to_front.scpt.031423_020000.log
 create mode 100644 NCI-02227555-ML/scripts/cronjob_scripts/logs/bring_slack_to_front.scpt.031423_080001.log
 create mode 100644 NCI-02227555-ML/scripts/cronjob_scripts/logs/bring_slack_to_front.scpt.031423_100000.log
 create mode 100644 NCI-02227555-ML/scripts/cronjob_scripts/logs/commit_todos.sh.030823_100000.log
 create mode 100644 NCI-02227555-ML/scripts/cronjob_scripts/logs/commit_todos.sh.030923_100000.log
 create mode 100644 NCI-02227555-ML/scripts/cronjob_scripts/logs/commit_todos.sh.031023_100001.log
 create mode 100644 NCI-02227555-ML/scripts/cronjob_scripts/logs/commit_todos.sh.031323_100001.log
 create mode 100644 NCI-02227555-ML/scripts/cronjob_scripts/logs/commit_todos.sh.031423_100000.log
 create mode 100644 NCI-02227555-ML/scripts/cronjob_scripts/logs/github_activity_generator.sh.030723_110200.log
 create mode 100644 NCI-02227555-ML/scripts/cronjob_scripts/logs/github_activity_generator.sh.030723_120200.log
 create mode 100644 NCI-02227555-ML/scripts/cronjob_scripts/logs/github_activity_generator.sh.030723_130200.log
 create mode 100644 NCI-02227555-ML/scripts/cronjob_scripts/logs/github_activity_generator.sh.030723_140200.log
 create mode 100644 NCI-02227555-ML/scripts/cronjob_scripts/logs/github_activity_generator.sh.030723_150200.log
 create mode 100644 NCI-02227555-ML/scripts/cronjob_scripts/logs/github_activity_generator.sh.030723_160200.log
 create mode 100644 NCI-02227555-ML/scripts/cronjob_scripts/logs/github_activity_generator.sh.030723_170200.log
 create mode 100644 NCI-02227555-ML/scripts/cronjob_scripts/logs/github_activity_generator.sh.030723_180201.log
 create mode 100644 NCI-02227555-ML/scripts/cronjob_scripts/logs/github_activity_generator.sh.030823_000200.log
 create mode 100644 NCI-02227555-ML/scripts/cronjob_scripts/logs/github_activity_generator.sh.030823_080201.log
 create mode 100644 NCI-02227555-ML/scripts/cronjob_scripts/logs/github_activity_generator.sh.030823_090200.log
 create mode 100644 NCI-02227555-ML/scripts/cronjob_scripts/logs/github_activity_generator.sh.030823_100200.log
 create mode 100644 NCI-02227555-ML/scripts/cronjob_scripts/logs/github_activity_generator.sh.030823_110200.log
 create mode 100644 NCI-02227555-ML/scripts/cronjob_scripts/logs/github_activity_generator.sh.030823_120200.log
 create mode 100644 NCI-02227555-ML/scripts/cronjob_scripts/logs/github_activity_generator.sh.030823_130200.log
 create mode 100644 NCI-02227555-ML/scripts/cronjob_scripts/logs/github_activity_generator.sh.030823_140201.log
 create mode 100644 NCI-02227555-ML/scripts/cronjob_scripts/logs/github_activity_generator.sh.030823_150200.log
 create mode 100644 NCI-02227555-ML/scripts/cronjob_scripts/logs/github_activity_generator.sh.030823_160200.log
 create mode 100644 NCI-02227555-ML/scripts/cronjob_scripts/logs/github_activity_generator.sh.030823_170200.log
 create mode 100644 NCI-02227555-ML/scripts/cronjob_scripts/logs/github_activity_generator.sh.030823_200200.log
 create mode 100644 NCI-02227555-ML/scripts/cronjob_scripts/logs/github_activity_generator.sh.030823_210200.log
 create mode 100644 NCI-02227555-ML/scripts/cronjob_scripts/logs/github_activity_generator.sh.030923_070200.log
 create mode 100644 NCI-02227555-ML/scripts/cronjob_scripts/logs/github_activity_generator.sh.030923_100200.log
 create mode 100644 NCI-02227555-ML/scripts/cronjob_scripts/logs/github_activity_generator.sh.030923_110200.log
 create mode 100644 NCI-02227555-ML/scripts/cronjob_scripts/logs/github_activity_generator.sh.030923_120200.log
 create mode 100644 NCI-02227555-ML/scripts/cronjob_scripts/logs/github_activity_generator.sh.030923_130200.log
 create mode 100644 NCI-02227555-ML/scripts/cronjob_scripts/logs/github_activity_generator.sh.030923_140200.log
 create mode 100644 NCI-02227555-ML/scripts/cronjob_scripts/logs/github_activity_generator.sh.030923_150200.log
 create mode 100644 NCI-02227555-ML/scripts/cronjob_scripts/logs/github_activity_generator.sh.030923_160200.log
 create mode 100644 NCI-02227555-ML/scripts/cronjob_scripts/logs/github_activity_generator.sh.030923_170200.log
 create mode 100644 NCI-02227555-ML/scripts/cronjob_scripts/logs/github_activity_generator.sh.030923_180200.log
 create mode 100644 NCI-02227555-ML/scripts/cronjob_scripts/logs/github_activity_generator.sh.030923_190200.log
 create mode 100644 NCI-02227555-ML/scripts/cronjob_scripts/logs/github_activity_generator.sh.030923_210200.log
 create mode 100644 NCI-02227555-ML/scripts/cronjob_scripts/logs/github_activity_generator.sh.031023_070201.log
 create mode 100644 NCI-02227555-ML/scripts/cronjob_scripts/logs/github_activity_generator.sh.031023_080200.log
 create mode 100644 NCI-02227555-ML/scripts/cronjob_scripts/logs/github_activity_generator.sh.031023_090200.log
 create mode 100644 NCI-02227555-ML/scripts/cronjob_scripts/logs/github_activity_generator.sh.031023_100200.log
 create mode 100644 NCI-02227555-ML/scripts/cronjob_scripts/logs/github_activity_generator.sh.031023_110201.log
 create mode 100644 NCI-02227555-ML/scripts/cronjob_scripts/logs/github_activity_generator.sh.031023_120200.log
 create mode 100644 NCI-02227555-ML/scripts/cronjob_scripts/logs/github_activity_generator.sh.031023_130201.log
 create mode 100644 NCI-02227555-ML/scripts/cronjob_scripts/logs/github_activity_generator.sh.031023_140200.log
 create mode 100644 NCI-02227555-ML/scripts/cronjob_scripts/logs/github_activity_generator.sh.031023_150200.log
 create mode 100644 NCI-02227555-ML/scripts/cronjob_scripts/logs/github_activity_generator.sh.031023_160200.log
 create mode 100644 NCI-02227555-ML/scripts/cronjob_scripts/logs/github_activity_generator.sh.031023_170200.log
 create mode 100644 NCI-02227555-ML/scripts/cronjob_scripts/logs/github_activity_generator.sh.031023_180201.log
 create mode 100644 NCI-02227555-ML/scripts/cronjob_scripts/logs/github_activity_generator.sh.031023_200200.log
 create mode 100644 NCI-02227555-ML/scripts/cronjob_scripts/logs/github_activity_generator.sh.031023_220200.log
 create mode 100644 NCI-02227555-ML/scripts/cronjob_scripts/logs/github_activity_generator.sh.031023_230200.log
 create mode 100644 NCI-02227555-ML/scripts/cronjob_scripts/logs/github_activity_generator.sh.031123_000200.log
 create mode 100644 NCI-02227555-ML/scripts/cronjob_scripts/logs/github_activity_generator.sh.031123_070223.log
 create mode 100644 NCI-02227555-ML/scripts/cronjob_scripts/logs/github_activity_generator.sh.031123_110200.log
 create mode 100644 NCI-02227555-ML/scripts/cronjob_scripts/logs/github_activity_generator.sh.031123_170201.log
 create mode 100644 NCI-02227555-ML/scripts/cronjob_scripts/logs/github_activity_generator.sh.031123_210200.log
 create mode 100644 NCI-02227555-ML/scripts/cronjob_scripts/logs/github_activity_generator.sh.031123_220200.log
 create mode 100644 NCI-02227555-ML/scripts/cronjob_scripts/logs/github_activity_generator.sh.031123_230200.log
 create mode 100644 NCI-02227555-ML/scripts/cronjob_scripts/logs/github_activity_generator.sh.031223_000200.log
 create mode 100644 NCI-02227555-ML/scripts/cronjob_scripts/logs/github_activity_generator.sh.031223_070202.log
 create mode 100644 NCI-02227555-ML/scripts/cronjob_scripts/logs/github_activity_generator.sh.031223_090200.log
 create mode 100644 NCI-02227555-ML/scripts/cronjob_scripts/logs/github_activity_generator.sh.031223_110200.log
 create mode 100644 NCI-02227555-ML/scripts/cronjob_scripts/logs/github_activity_generator.sh.031223_120200.log
 create mode 100644 NCI-02227555-ML/scripts/cronjob_scripts/logs/github_activity_generator.sh.031223_220200.log
 create mode 100644 NCI-02227555-ML/scripts/cronjob_scripts/logs/github_activity_generator.sh.031323_070200.log
 create mode 100644 NCI-02227555-ML/scripts/cronjob_scripts/logs/github_activity_generator.sh.031323_090200.log
 create mode 100644 NCI-02227555-ML/scripts/cronjob_scripts/logs/github_activity_generator.sh.031323_100201.log
 create mode 100644 NCI-02227555-ML/scripts/cronjob_scripts/logs/github_activity_generator.sh.031323_110200.log
 create mode 100644 NCI-02227555-ML/scripts/cronjob_scripts/logs/github_activity_generator.sh.031323_120200.log
 create mode 100644 NCI-02227555-ML/scripts/cronjob_scripts/logs/github_activity_generator.sh.031323_130200.log
 create mode 100644 NCI-02227555-ML/scripts/cronjob_scripts/logs/github_activity_generator.sh.031323_140200.log
 create mode 100644 NCI-02227555-ML/scripts/cronjob_scripts/logs/github_activity_generator.sh.031323_150201.log
 create mode 100644 NCI-02227555-ML/scripts/cronjob_scripts/logs/github_activity_generator.sh.031323_160201.log
 create mode 100644 NCI-02227555-ML/scripts/cronjob_scripts/logs/github_activity_generator.sh.031323_170200.log
 create mode 100644 NCI-02227555-ML/scripts/cronjob_scripts/logs/github_activity_generator.sh.031323_180200.log
 create mode 100644 NCI-02227555-ML/scripts/cronjob_scripts/logs/github_activity_generator.sh.031323_200200.log
 create mode 100644 NCI-02227555-ML/scripts/cronjob_scripts/logs/github_activity_generator.sh.031323_210200.log
 create mode 100644 NCI-02227555-ML/scripts/cronjob_scripts/logs/github_activity_generator.sh.031323_220200.log
 create mode 100644 NCI-02227555-ML/scripts/cronjob_scripts/logs/github_activity_generator.sh.031323_230200.log
 create mode 100644 NCI-02227555-ML/scripts/cronjob_scripts/logs/github_activity_generator.sh.031423_000200.log
 create mode 100644 NCI-02227555-ML/scripts/cronjob_scripts/logs/github_activity_generator.sh.031423_010200.log
 create mode 100644 NCI-02227555-ML/scripts/cronjob_scripts/logs/github_activity_generator.sh.031423_020201.log
 create mode 100644 NCI-02227555-ML/scripts/cronjob_scripts/logs/github_activity_generator.sh.031423_070250.log
 create mode 100644 NCI-02227555-ML/scripts/cronjob_scripts/logs/github_activity_generator.sh.031423_080200.log
 create mode 100644 NCI-02227555-ML/scripts/cronjob_scripts/logs/github_activity_generator.sh.031423_100200.log
 create mode 100644 NCI-02227555-ML/scripts/cronjob_scripts/logs/kill_brave_browser.sh.030723_110100.log
 create mode 100644 NCI-02227555-ML/scripts/cronjob_scripts/logs/kill_brave_browser.sh.030723_120101.log
 create mode 100644 NCI-02227555-ML/scripts/cronjob_scripts/logs/kill_brave_browser.sh.030723_130100.log
 create mode 100644 NCI-02227555-ML/scripts/cronjob_scripts/logs/kill_brave_browser.sh.030723_140100.log
 create mode 100644 NCI-02227555-ML/scripts/cronjob_scripts/logs/kill_brave_browser.sh.030723_150100.log
 create mode 100644 NCI-02227555-ML/scripts/cronjob_scripts/logs/kill_brave_browser.sh.030723_160100.log
 create mode 100644 NCI-02227555-ML/scripts/cronjob_scripts/logs/kill_brave_browser.sh.030723_170100.log
 create mode 100644 NCI-02227555-ML/scripts/cronjob_scripts/logs/kill_brave_browser.sh.030723_180100.log
 create mode 100644 NCI-02227555-ML/scripts/cronjob_scripts/logs/kill_brave_browser.sh.030823_000101.log
 create mode 100644 NCI-02227555-ML/scripts/cronjob_scripts/logs/kill_brave_browser.sh.030823_090100.log
 create mode 100644 NCI-02227555-ML/scripts/cronjob_scripts/logs/kill_brave_browser.sh.030823_100100.log
 create mode 100644 NCI-02227555-ML/scripts/cronjob_scripts/logs/kill_brave_browser.sh.030823_110100.log
 create mode 100644 NCI-02227555-ML/scripts/cronjob_scripts/logs/kill_brave_browser.sh.030823_120100.log
 create mode 100644 NCI-02227555-ML/scripts/cronjob_scripts/logs/kill_brave_browser.sh.030823_130100.log
 create mode 100644 NCI-02227555-ML/scripts/cronjob_scripts/logs/kill_brave_browser.sh.030823_140100.log
 create mode 100644 NCI-02227555-ML/scripts/cronjob_scripts/logs/kill_brave_browser.sh.030823_150100.log
 create mode 100644 NCI-02227555-ML/scripts/cronjob_scripts/logs/kill_brave_browser.sh.030823_160100.log
 create mode 100644 NCI-02227555-ML/scripts/cronjob_scripts/logs/kill_brave_browser.sh.030823_170100.log
 create mode 100644 NCI-02227555-ML/scripts/cronjob_scripts/logs/kill_brave_browser.sh.030823_200102.log
 create mode 100644 NCI-02227555-ML/scripts/cronjob_scripts/logs/kill_brave_browser.sh.030823_210100.log
 create mode 100644 NCI-02227555-ML/scripts/cronjob_scripts/logs/kill_brave_browser.sh.030923_100100.log
 create mode 100644 NCI-02227555-ML/scripts/cronjob_scripts/logs/kill_brave_browser.sh.030923_110100.log
 create mode 100644 NCI-02227555-ML/scripts/cronjob_scripts/logs/kill_brave_browser.sh.030923_120100.log
 create mode 100644 NCI-02227555-ML/scripts/cronjob_scripts/logs/kill_brave_browser.sh.030923_130100.log
 create mode 100644 NCI-02227555-ML/scripts/cronjob_scripts/logs/kill_brave_browser.sh.030923_140100.log
 create mode 100644 NCI-02227555-ML/scripts/cronjob_scripts/logs/kill_brave_browser.sh.030923_150100.log
 create mode 100644 NCI-02227555-ML/scripts/cronjob_scripts/logs/kill_brave_browser.sh.030923_160100.log
 create mode 100644 NCI-02227555-ML/scripts/cronjob_scripts/logs/kill_brave_browser.sh.030923_170100.log
 create mode 100644 NCI-02227555-ML/scripts/cronjob_scripts/logs/kill_brave_browser.sh.030923_180100.log
 create mode 100644 NCI-02227555-ML/scripts/cronjob_scripts/logs/kill_brave_browser.sh.030923_190100.log
 create mode 100644 NCI-02227555-ML/scripts/cronjob_scripts/logs/kill_brave_browser.sh.030923_210100.log
 create mode 100644 NCI-02227555-ML/scripts/cronjob_scripts/logs/kill_brave_browser.sh.031023_070106.log
 create mode 100644 NCI-02227555-ML/scripts/cronjob_scripts/logs/kill_brave_browser.sh.031023_080100.log
 create mode 100644 NCI-02227555-ML/scripts/cronjob_scripts/logs/kill_brave_browser.sh.031023_090101.log
 create mode 100644 NCI-02227555-ML/scripts/cronjob_scripts/logs/kill_brave_browser.sh.031023_100101.log
 create mode 100644 NCI-02227555-ML/scripts/cronjob_scripts/logs/kill_brave_browser.sh.031023_110100.log
 create mode 100644 NCI-02227555-ML/scripts/cronjob_scripts/logs/kill_brave_browser.sh.031023_120100.log
 create mode 100644 NCI-02227555-ML/scripts/cronjob_scripts/logs/kill_brave_browser.sh.031023_130100.log
 create mode 100644 NCI-02227555-ML/scripts/cronjob_scripts/logs/kill_brave_browser.sh.031023_140100.log
 create mode 100644 NCI-02227555-ML/scripts/cronjob_scripts/logs/kill_brave_browser.sh.031023_150100.log
 create mode 100644 NCI-02227555-ML/scripts/cronjob_scripts/logs/kill_brave_browser.sh.031023_160100.log
 create mode 100644 NCI-02227555-ML/scripts/cronjob_scripts/logs/kill_brave_browser.sh.031023_170100.log
 create mode 100644 NCI-02227555-ML/scripts/cronjob_scripts/logs/kill_brave_browser.sh.031023_180101.log
 create mode 100644 NCI-02227555-ML/scripts/cronjob_scripts/logs/kill_brave_browser.sh.031023_220101.log
 create mode 100644 NCI-02227555-ML/scripts/cronjob_scripts/logs/kill_brave_browser.sh.031023_230100.log
 create mode 100644 NCI-02227555-ML/scripts/cronjob_scripts/logs/kill_brave_browser.sh.031123_000100.log
 create mode 100644 NCI-02227555-ML/scripts/cronjob_scripts/logs/kill_brave_browser.sh.031123_110100.log
 create mode 100644 NCI-02227555-ML/scripts/cronjob_scripts/logs/kill_brave_browser.sh.031123_170100.log
 create mode 100644 NCI-02227555-ML/scripts/cronjob_scripts/logs/kill_brave_browser.sh.031123_210100.log
 create mode 100644 NCI-02227555-ML/scripts/cronjob_scripts/logs/kill_brave_browser.sh.031123_220100.log
 create mode 100644 NCI-02227555-ML/scripts/cronjob_scripts/logs/kill_brave_browser.sh.031123_230100.log
 create mode 100644 NCI-02227555-ML/scripts/cronjob_scripts/logs/kill_brave_browser.sh.031223_000100.log
 create mode 100644 NCI-02227555-ML/scripts/cronjob_scripts/logs/kill_brave_browser.sh.031223_090100.log
 create mode 100644 NCI-02227555-ML/scripts/cronjob_scripts/logs/kill_brave_browser.sh.031223_110100.log
 create mode 100644 NCI-02227555-ML/scripts/cronjob_scripts/logs/kill_brave_browser.sh.031223_120100.log
 create mode 100644 NCI-02227555-ML/scripts/cronjob_scripts/logs/kill_brave_browser.sh.031223_220101.log
 create mode 100644 NCI-02227555-ML/scripts/cronjob_scripts/logs/kill_brave_browser.sh.031323_090100.log
 create mode 100644 NCI-02227555-ML/scripts/cronjob_scripts/logs/kill_brave_browser.sh.031323_100100.log
 create mode 100644 NCI-02227555-ML/scripts/cronjob_scripts/logs/kill_brave_browser.sh.031323_110101.log
 create mode 100644 NCI-02227555-ML/scripts/cronjob_scripts/logs/kill_brave_browser.sh.031323_120100.log
 create mode 100644 NCI-02227555-ML/scripts/cronjob_scripts/logs/kill_brave_browser.sh.031323_130101.log
 create mode 100644 NCI-02227555-ML/scripts/cronjob_scripts/logs/kill_brave_browser.sh.031323_140100.log
 create mode 100644 NCI-02227555-ML/scripts/cronjob_scripts/logs/kill_brave_browser.sh.031323_150100.log
 create mode 100644 NCI-02227555-ML/scripts/cronjob_scripts/logs/kill_brave_browser.sh.031323_160101.log
 create mode 100644 NCI-02227555-ML/scripts/cronjob_scripts/logs/kill_brave_browser.sh.031323_170100.log
 create mode 100644 NCI-02227555-ML/scripts/cronjob_scripts/logs/kill_brave_browser.sh.031323_180100.log
 create mode 100644 NCI-02227555-ML/scripts/cronjob_scripts/logs/kill_brave_browser.sh.031323_200100.log
 create mode 100644 NCI-02227555-ML/scripts/cronjob_scripts/logs/kill_brave_browser.sh.031323_210101.log
 create mode 100644 NCI-02227555-ML/scripts/cronjob_scripts/logs/kill_brave_browser.sh.031323_220100.log
 create mode 100644 NCI-02227555-ML/scripts/cronjob_scripts/logs/kill_brave_browser.sh.031323_230100.log
 create mode 100644 NCI-02227555-ML/scripts/cronjob_scripts/logs/kill_brave_browser.sh.031423_000100.log
 create mode 100644 NCI-02227555-ML/scripts/cronjob_scripts/logs/kill_brave_browser.sh.031423_010100.log
 create mode 100644 NCI-02227555-ML/scripts/cronjob_scripts/logs/kill_brave_browser.sh.031423_020100.log
 create mode 100644 NCI-02227555-ML/scripts/cronjob_scripts/logs/kill_brave_browser.sh.031423_080101.log
 create mode 100644 NCI-02227555-ML/scripts/cronjob_scripts/logs/kill_brave_browser.sh.031423_100100.log
 create mode 100644 NCI-02227555-ML/scripts/cronjob_scripts/logs/kill_password_boss.sh.030723_120001.log
 create mode 100644 NCI-02227555-ML/scripts/cronjob_scripts/logs/kill_password_boss.sh.030723_160000.log
 create mode 100644 NCI-02227555-ML/scripts/cronjob_scripts/logs/kill_password_boss.sh.030823_000000.log
 create mode 100644 NCI-02227555-ML/scripts/cronjob_scripts/logs/kill_password_boss.sh.030823_120000.log
 create mode 100644 NCI-02227555-ML/scripts/cronjob_scripts/logs/kill_password_boss.sh.030823_160000.log
 create mode 100644 NCI-02227555-ML/scripts/cronjob_scripts/logs/kill_password_boss.sh.030823_200001.log
 create mode 100644 NCI-02227555-ML/scripts/cronjob_scripts/logs/kill_password_boss.sh.030923_120000.log
 create mode 100644 NCI-02227555-ML/scripts/cronjob_scripts/logs/kill_password_boss.sh.030923_160000.log
 create mode 100644 NCI-02227555-ML/scripts/cronjob_scripts/logs/kill_password_boss.sh.031023_080000.log
 create mode 100644 NCI-02227555-ML/scripts/cronjob_scripts/logs/kill_password_boss.sh.031023_120000.log
 create mode 100644 NCI-02227555-ML/scripts/cronjob_scripts/logs/kill_password_boss.sh.031023_160001.log
 create mode 100644 NCI-02227555-ML/scripts/cronjob_scripts/logs/kill_password_boss.sh.031123_000001.log
 create mode 100644 NCI-02227555-ML/scripts/cronjob_scripts/logs/kill_password_boss.sh.031223_000001.log
 create mode 100644 NCI-02227555-ML/scripts/cronjob_scripts/logs/kill_password_boss.sh.031223_120001.log
 create mode 100644 NCI-02227555-ML/scripts/cronjob_scripts/logs/kill_password_boss.sh.031323_120000.log
 create mode 100644 NCI-02227555-ML/scripts/cronjob_scripts/logs/kill_password_boss.sh.031323_160001.log
 create mode 100644 NCI-02227555-ML/scripts/cronjob_scripts/logs/kill_password_boss.sh.031323_200000.log
 create mode 100644 NCI-02227555-ML/scripts/cronjob_scripts/logs/kill_password_boss.sh.031423_000001.log
 create mode 100644 NCI-02227555-ML/scripts/cronjob_scripts/logs/kill_password_boss.sh.031423_080001.log
 create mode 100644 NCI-02227555-ML/scripts/cronjob_scripts/logs/run_monthly.sh.031423_102000.log
+ git push
To github.com:kopardev/configscriptsetc.git
   7a5dce7..d9d207f  master -> master
