++ date +%D
++ sed s@/@@g
+ dt=022024
+ crontab -l
+ cd /Users/kopardevn/Documents/GitRepos/configscriptsetc
+ git add .
+ git commit -m 'push on 022024'
[master 0a71f69] push on 022024
 262 files changed, 1027 insertions(+)
 create mode 100644 NCI-02227555-ML/scripts/cronjob_scripts/crontab.bak/crontab.bak.022024
 create mode 100644 NCI-02227555-ML/scripts/cronjob_scripts/logs/commit_todos.sh.021424_100000.log
 create mode 100644 NCI-02227555-ML/scripts/cronjob_scripts/logs/commit_todos.sh.021524_100000.log
 create mode 100644 NCI-02227555-ML/scripts/cronjob_scripts/logs/commit_todos.sh.021624_100000.log
 create mode 100644 NCI-02227555-ML/scripts/cronjob_scripts/logs/commit_todos.sh.021924_100000.log
 create mode 100644 NCI-02227555-ML/scripts/cronjob_scripts/logs/commit_todos.sh.022024_100000.log
 create mode 100644 NCI-02227555-ML/scripts/cronjob_scripts/logs/github_activity_generator.sh.021324_110200.log
 create mode 100644 NCI-02227555-ML/scripts/cronjob_scripts/logs/github_activity_generator.sh.021324_120200.log
 create mode 100644 NCI-02227555-ML/scripts/cronjob_scripts/logs/github_activity_generator.sh.021324_130200.log
 create mode 100644 NCI-02227555-ML/scripts/cronjob_scripts/logs/github_activity_generator.sh.021324_140200.log
 create mode 100644 NCI-02227555-ML/scripts/cronjob_scripts/logs/github_activity_generator.sh.021324_150200.log
 create mode 100644 NCI-02227555-ML/scripts/cronjob_scripts/logs/github_activity_generator.sh.021324_160200.log
 create mode 100644 NCI-02227555-ML/scripts/cronjob_scripts/logs/github_activity_generator.sh.021324_170201.log
 create mode 100644 NCI-02227555-ML/scripts/cronjob_scripts/logs/github_activity_generator.sh.021324_180200.log
 create mode 100644 NCI-02227555-ML/scripts/cronjob_scripts/logs/github_activity_generator.sh.021324_190200.log
 create mode 100644 NCI-02227555-ML/scripts/cronjob_scripts/logs/github_activity_generator.sh.021324_200200.log
 create mode 100644 NCI-02227555-ML/scripts/cronjob_scripts/logs/github_activity_generator.sh.021324_210200.log
 create mode 100644 NCI-02227555-ML/scripts/cronjob_scripts/logs/github_activity_generator.sh.021324_230200.log
 create mode 100644 NCI-02227555-ML/scripts/cronjob_scripts/logs/github_activity_generator.sh.021424_000200.log
 create mode 100644 NCI-02227555-ML/scripts/cronjob_scripts/logs/github_activity_generator.sh.021424_010201.log
 create mode 100644 NCI-02227555-ML/scripts/cronjob_scripts/logs/github_activity_generator.sh.021424_020201.log
 create mode 100644 NCI-02227555-ML/scripts/cronjob_scripts/logs/github_activity_generator.sh.021424_030200.log
 create mode 100644 NCI-02227555-ML/scripts/cronjob_scripts/logs/github_activity_generator.sh.021424_040200.log
 create mode 100644 NCI-02227555-ML/scripts/cronjob_scripts/logs/github_activity_generator.sh.021424_050200.log
 create mode 100644 NCI-02227555-ML/scripts/cronjob_scripts/logs/github_activity_generator.sh.021424_060200.log
 create mode 100644 NCI-02227555-ML/scripts/cronjob_scripts/logs/github_activity_generator.sh.021424_070200.log
 create mode 100644 NCI-02227555-ML/scripts/cronjob_scripts/logs/github_activity_generator.sh.021424_080200.log
 create mode 100644 NCI-02227555-ML/scripts/cronjob_scripts/logs/github_activity_generator.sh.021424_090200.log
 create mode 100644 NCI-02227555-ML/scripts/cronjob_scripts/logs/github_activity_generator.sh.021424_100200.log
 create mode 100644 NCI-02227555-ML/scripts/cronjob_scripts/logs/github_activity_generator.sh.021424_110200.log
 create mode 100644 NCI-02227555-ML/scripts/cronjob_scripts/logs/github_activity_generator.sh.021424_120200.log
 create mode 100644 NCI-02227555-ML/scripts/cronjob_scripts/logs/github_activity_generator.sh.021424_130200.log
 create mode 100644 NCI-02227555-ML/scripts/cronjob_scripts/logs/github_activity_generator.sh.021424_140200.log
 create mode 100644 NCI-02227555-ML/scripts/cronjob_scripts/logs/github_activity_generator.sh.021424_150200.log
 create mode 100644 NCI-02227555-ML/scripts/cronjob_scripts/logs/github_activity_generator.sh.021424_160200.log
 create mode 100644 NCI-02227555-ML/scripts/cronjob_scripts/logs/github_activity_generator.sh.021424_170201.log
 create mode 100644 NCI-02227555-ML/scripts/cronjob_scripts/logs/github_activity_generator.sh.021424_180200.log
 create mode 100644 NCI-02227555-ML/scripts/cronjob_scripts/logs/github_activity_generator.sh.021424_190200.log
 create mode 100644 NCI-02227555-ML/scripts/cronjob_scripts/logs/github_activity_generator.sh.021424_200201.log
 create mode 100644 NCI-02227555-ML/scripts/cronjob_scripts/logs/github_activity_generator.sh.021424_210200.log
 create mode 100644 NCI-02227555-ML/scripts/cronjob_scripts/logs/github_activity_generator.sh.021424_220201.log
 create mode 100644 NCI-02227555-ML/scripts/cronjob_scripts/logs/github_activity_generator.sh.021424_230200.log
 create mode 100644 NCI-02227555-ML/scripts/cronjob_scripts/logs/github_activity_generator.sh.021524_000200.log
 create mode 100644 NCI-02227555-ML/scripts/cronjob_scripts/logs/github_activity_generator.sh.021524_010200.log
 create mode 100644 NCI-02227555-ML/scripts/cronjob_scripts/logs/github_activity_generator.sh.021524_020200.log
 create mode 100644 NCI-02227555-ML/scripts/cronjob_scripts/logs/github_activity_generator.sh.021524_070200.log
 create mode 100644 NCI-02227555-ML/scripts/cronjob_scripts/logs/github_activity_generator.sh.021524_080200.log
 create mode 100644 NCI-02227555-ML/scripts/cronjob_scripts/logs/github_activity_generator.sh.021524_090200.log
 create mode 100644 NCI-02227555-ML/scripts/cronjob_scripts/logs/github_activity_generator.sh.021524_100200.log
 create mode 100644 NCI-02227555-ML/scripts/cronjob_scripts/logs/github_activity_generator.sh.021524_110200.log
 create mode 100644 NCI-02227555-ML/scripts/cronjob_scripts/logs/github_activity_generator.sh.021524_120200.log
 create mode 100644 NCI-02227555-ML/scripts/cronjob_scripts/logs/github_activity_generator.sh.021524_130200.log
 create mode 100644 NCI-02227555-ML/scripts/cronjob_scripts/logs/github_activity_generator.sh.021524_140200.log
 create mode 100644 NCI-02227555-ML/scripts/cronjob_scripts/logs/github_activity_generator.sh.021524_150200.log
 create mode 100644 NCI-02227555-ML/scripts/cronjob_scripts/logs/github_activity_generator.sh.021524_160200.log
 create mode 100644 NCI-02227555-ML/scripts/cronjob_scripts/logs/github_activity_generator.sh.021524_170200.log
 create mode 100644 NCI-02227555-ML/scripts/cronjob_scripts/logs/github_activity_generator.sh.021524_180200.log
 create mode 100644 NCI-02227555-ML/scripts/cronjob_scripts/logs/github_activity_generator.sh.021524_190200.log
 create mode 100644 NCI-02227555-ML/scripts/cronjob_scripts/logs/github_activity_generator.sh.021524_200200.log
 create mode 100644 NCI-02227555-ML/scripts/cronjob_scripts/logs/github_activity_generator.sh.021524_210200.log
 create mode 100644 NCI-02227555-ML/scripts/cronjob_scripts/logs/github_activity_generator.sh.021524_220200.log
 create mode 100644 NCI-02227555-ML/scripts/cronjob_scripts/logs/github_activity_generator.sh.021524_230200.log
 create mode 100644 NCI-02227555-ML/scripts/cronjob_scripts/logs/github_activity_generator.sh.021624_000200.log
 create mode 100644 NCI-02227555-ML/scripts/cronjob_scripts/logs/github_activity_generator.sh.021624_010200.log
 create mode 100644 NCI-02227555-ML/scripts/cronjob_scripts/logs/github_activity_generator.sh.021624_020201.log
 create mode 100644 NCI-02227555-ML/scripts/cronjob_scripts/logs/github_activity_generator.sh.021624_070200.log
 create mode 100644 NCI-02227555-ML/scripts/cronjob_scripts/logs/github_activity_generator.sh.021624_100200.log
 create mode 100644 NCI-02227555-ML/scripts/cronjob_scripts/logs/github_activity_generator.sh.021624_110200.log
 create mode 100644 NCI-02227555-ML/scripts/cronjob_scripts/logs/github_activity_generator.sh.021624_120200.log
 create mode 100644 NCI-02227555-ML/scripts/cronjob_scripts/logs/github_activity_generator.sh.021624_130200.log
 create mode 100644 NCI-02227555-ML/scripts/cronjob_scripts/logs/github_activity_generator.sh.021624_140200.log
 create mode 100644 NCI-02227555-ML/scripts/cronjob_scripts/logs/github_activity_generator.sh.021624_150200.log
 create mode 100644 NCI-02227555-ML/scripts/cronjob_scripts/logs/github_activity_generator.sh.021624_160200.log
 create mode 100644 NCI-02227555-ML/scripts/cronjob_scripts/logs/github_activity_generator.sh.021624_170200.log
 create mode 100644 NCI-02227555-ML/scripts/cronjob_scripts/logs/github_activity_generator.sh.021624_180200.log
 create mode 100644 NCI-02227555-ML/scripts/cronjob_scripts/logs/github_activity_generator.sh.021624_190201.log
 create mode 100644 NCI-02227555-ML/scripts/cronjob_scripts/logs/github_activity_generator.sh.021624_200200.log
 create mode 100644 NCI-02227555-ML/scripts/cronjob_scripts/logs/github_activity_generator.sh.021624_210200.log
 create mode 100644 NCI-02227555-ML/scripts/cronjob_scripts/logs/github_activity_generator.sh.021624_220200.log
 create mode 100644 NCI-02227555-ML/scripts/cronjob_scripts/logs/github_activity_generator.sh.021624_230201.log
 create mode 100644 NCI-02227555-ML/scripts/cronjob_scripts/logs/github_activity_generator.sh.021724_000200.log
 create mode 100644 NCI-02227555-ML/scripts/cronjob_scripts/logs/github_activity_generator.sh.021724_010200.log
 create mode 100644 NCI-02227555-ML/scripts/cronjob_scripts/logs/github_activity_generator.sh.021724_020200.log
 create mode 100644 NCI-02227555-ML/scripts/cronjob_scripts/logs/github_activity_generator.sh.021724_070201.log
 create mode 100644 NCI-02227555-ML/scripts/cronjob_scripts/logs/github_activity_generator.sh.021724_190203.log
 create mode 100644 NCI-02227555-ML/scripts/cronjob_scripts/logs/github_activity_generator.sh.021824_010912.log
 create mode 100644 NCI-02227555-ML/scripts/cronjob_scripts/logs/github_activity_generator.sh.021824_070200.log
 create mode 100644 NCI-02227555-ML/scripts/cronjob_scripts/logs/github_activity_generator.sh.021824_150200.log
 create mode 100644 NCI-02227555-ML/scripts/cronjob_scripts/logs/github_activity_generator.sh.021824_160200.log
 create mode 100644 NCI-02227555-ML/scripts/cronjob_scripts/logs/github_activity_generator.sh.021824_170200.log
 create mode 100644 NCI-02227555-ML/scripts/cronjob_scripts/logs/github_activity_generator.sh.021824_180200.log
 create mode 100644 NCI-02227555-ML/scripts/cronjob_scripts/logs/github_activity_generator.sh.021824_190201.log
 create mode 100644 NCI-02227555-ML/scripts/cronjob_scripts/logs/github_activity_generator.sh.021824_200200.log
 create mode 100644 NCI-02227555-ML/scripts/cronjob_scripts/logs/github_activity_generator.sh.021824_210200.log
 create mode 100644 NCI-02227555-ML/scripts/cronjob_scripts/logs/github_activity_generator.sh.021824_220200.log
 create mode 100644 NCI-02227555-ML/scripts/cronjob_scripts/logs/github_activity_generator.sh.021824_230200.log
 create mode 100644 NCI-02227555-ML/scripts/cronjob_scripts/logs/github_activity_generator.sh.021924_000200.log
 create mode 100644 NCI-02227555-ML/scripts/cronjob_scripts/logs/github_activity_generator.sh.021924_010200.log
 create mode 100644 NCI-02227555-ML/scripts/cronjob_scripts/logs/github_activity_generator.sh.021924_020201.log
 create mode 100644 NCI-02227555-ML/scripts/cronjob_scripts/logs/github_activity_generator.sh.021924_070200.log
 create mode 100644 NCI-02227555-ML/scripts/cronjob_scripts/logs/github_activity_generator.sh.021924_080200.log
 create mode 100644 NCI-02227555-ML/scripts/cronjob_scripts/logs/github_activity_generator.sh.021924_090200.log
 create mode 100644 NCI-02227555-ML/scripts/cronjob_scripts/logs/github_activity_generator.sh.021924_100200.log
 create mode 100644 NCI-02227555-ML/scripts/cronjob_scripts/logs/github_activity_generator.sh.021924_110200.log
 create mode 100644 NCI-02227555-ML/scripts/cronjob_scripts/logs/github_activity_generator.sh.021924_120200.log
 create mode 100644 NCI-02227555-ML/scripts/cronjob_scripts/logs/github_activity_generator.sh.021924_130200.log
 create mode 100644 NCI-02227555-ML/scripts/cronjob_scripts/logs/github_activity_generator.sh.021924_140200.log
 create mode 100644 NCI-02227555-ML/scripts/cronjob_scripts/logs/github_activity_generator.sh.021924_150201.log
 create mode 100644 NCI-02227555-ML/scripts/cronjob_scripts/logs/github_activity_generator.sh.021924_160200.log
 create mode 100644 NCI-02227555-ML/scripts/cronjob_scripts/logs/github_activity_generator.sh.021924_170200.log
 create mode 100644 NCI-02227555-ML/scripts/cronjob_scripts/logs/github_activity_generator.sh.021924_180201.log
 create mode 100644 NCI-02227555-ML/scripts/cronjob_scripts/logs/github_activity_generator.sh.021924_190201.log
 create mode 100644 NCI-02227555-ML/scripts/cronjob_scripts/logs/github_activity_generator.sh.021924_200200.log
 create mode 100644 NCI-02227555-ML/scripts/cronjob_scripts/logs/github_activity_generator.sh.021924_210200.log
 create mode 100644 NCI-02227555-ML/scripts/cronjob_scripts/logs/github_activity_generator.sh.021924_220200.log
 create mode 100644 NCI-02227555-ML/scripts/cronjob_scripts/logs/github_activity_generator.sh.021924_230200.log
 create mode 100644 NCI-02227555-ML/scripts/cronjob_scripts/logs/github_activity_generator.sh.022024_000201.log
 create mode 100644 NCI-02227555-ML/scripts/cronjob_scripts/logs/github_activity_generator.sh.022024_010201.log
 create mode 100644 NCI-02227555-ML/scripts/cronjob_scripts/logs/github_activity_generator.sh.022024_020200.log
 create mode 100644 NCI-02227555-ML/scripts/cronjob_scripts/logs/github_activity_generator.sh.022024_070200.log
 create mode 100644 NCI-02227555-ML/scripts/cronjob_scripts/logs/github_activity_generator.sh.022024_090201.log
 create mode 100644 NCI-02227555-ML/scripts/cronjob_scripts/logs/github_activity_generator.sh.022024_100200.log
 create mode 100644 NCI-02227555-ML/scripts/cronjob_scripts/logs/kill_brave_browser.sh.021324_110100.log
 create mode 100644 NCI-02227555-ML/scripts/cronjob_scripts/logs/kill_brave_browser.sh.021324_120100.log
 create mode 100644 NCI-02227555-ML/scripts/cronjob_scripts/logs/kill_brave_browser.sh.021324_130100.log
 create mode 100644 NCI-02227555-ML/scripts/cronjob_scripts/logs/kill_brave_browser.sh.021324_140100.log
 create mode 100644 NCI-02227555-ML/scripts/cronjob_scripts/logs/kill_brave_browser.sh.021324_150100.log
 create mode 100644 NCI-02227555-ML/scripts/cronjob_scripts/logs/kill_brave_browser.sh.021324_160100.log
 create mode 100644 NCI-02227555-ML/scripts/cronjob_scripts/logs/kill_brave_browser.sh.021324_170100.log
 create mode 100644 NCI-02227555-ML/scripts/cronjob_scripts/logs/kill_brave_browser.sh.021324_180100.log
 create mode 100644 NCI-02227555-ML/scripts/cronjob_scripts/logs/kill_brave_browser.sh.021324_190101.log
 create mode 100644 NCI-02227555-ML/scripts/cronjob_scripts/logs/kill_brave_browser.sh.021324_200100.log
 create mode 100644 NCI-02227555-ML/scripts/cronjob_scripts/logs/kill_brave_browser.sh.021324_210100.log
 create mode 100644 NCI-02227555-ML/scripts/cronjob_scripts/logs/kill_brave_browser.sh.021324_230100.log
 create mode 100644 NCI-02227555-ML/scripts/cronjob_scripts/logs/kill_brave_browser.sh.021424_000100.log
 create mode 100644 NCI-02227555-ML/scripts/cronjob_scripts/logs/kill_brave_browser.sh.021424_010100.log
 create mode 100644 NCI-02227555-ML/scripts/cronjob_scripts/logs/kill_brave_browser.sh.021424_020100.log
 create mode 100644 NCI-02227555-ML/scripts/cronjob_scripts/logs/kill_brave_browser.sh.021424_030100.log
 create mode 100644 NCI-02227555-ML/scripts/cronjob_scripts/logs/kill_brave_browser.sh.021424_040100.log
 create mode 100644 NCI-02227555-ML/scripts/cronjob_scripts/logs/kill_brave_browser.sh.021424_050101.log
 create mode 100644 NCI-02227555-ML/scripts/cronjob_scripts/logs/kill_brave_browser.sh.021424_060100.log
 create mode 100644 NCI-02227555-ML/scripts/cronjob_scripts/logs/kill_brave_browser.sh.021424_070100.log
 create mode 100644 NCI-02227555-ML/scripts/cronjob_scripts/logs/kill_brave_browser.sh.021424_080100.log
 create mode 100644 NCI-02227555-ML/scripts/cronjob_scripts/logs/kill_brave_browser.sh.021424_090100.log
 create mode 100644 NCI-02227555-ML/scripts/cronjob_scripts/logs/kill_brave_browser.sh.021424_100100.log
 create mode 100644 NCI-02227555-ML/scripts/cronjob_scripts/logs/kill_brave_browser.sh.021424_110101.log
 create mode 100644 NCI-02227555-ML/scripts/cronjob_scripts/logs/kill_brave_browser.sh.021424_120100.log
 create mode 100644 NCI-02227555-ML/scripts/cronjob_scripts/logs/kill_brave_browser.sh.021424_130100.log
 create mode 100644 NCI-02227555-ML/scripts/cronjob_scripts/logs/kill_brave_browser.sh.021424_140100.log
 create mode 100644 NCI-02227555-ML/scripts/cronjob_scripts/logs/kill_brave_browser.sh.021424_150100.log
 create mode 100644 NCI-02227555-ML/scripts/cronjob_scripts/logs/kill_brave_browser.sh.021424_160100.log
 create mode 100644 NCI-02227555-ML/scripts/cronjob_scripts/logs/kill_brave_browser.sh.021424_170100.log
 create mode 100644 NCI-02227555-ML/scripts/cronjob_scripts/logs/kill_brave_browser.sh.021424_180100.log
 create mode 100644 NCI-02227555-ML/scripts/cronjob_scripts/logs/kill_brave_browser.sh.021424_190100.log
 create mode 100644 NCI-02227555-ML/scripts/cronjob_scripts/logs/kill_brave_browser.sh.021424_200100.log
 create mode 100644 NCI-02227555-ML/scripts/cronjob_scripts/logs/kill_brave_browser.sh.021424_210100.log
 create mode 100644 NCI-02227555-ML/scripts/cronjob_scripts/logs/kill_brave_browser.sh.021424_220100.log
 create mode 100644 NCI-02227555-ML/scripts/cronjob_scripts/logs/kill_brave_browser.sh.021424_230100.log
 create mode 100644 NCI-02227555-ML/scripts/cronjob_scripts/logs/kill_brave_browser.sh.021524_000100.log
 create mode 100644 NCI-02227555-ML/scripts/cronjob_scripts/logs/kill_brave_browser.sh.021524_010101.log
 create mode 100644 NCI-02227555-ML/scripts/cronjob_scripts/logs/kill_brave_browser.sh.021524_020100.log
 create mode 100644 NCI-02227555-ML/scripts/cronjob_scripts/logs/kill_brave_browser.sh.021524_070100.log
 create mode 100644 NCI-02227555-ML/scripts/cronjob_scripts/logs/kill_brave_browser.sh.021524_080101.log
 create mode 100644 NCI-02227555-ML/scripts/cronjob_scripts/logs/kill_brave_browser.sh.021524_090100.log
 create mode 100644 NCI-02227555-ML/scripts/cronjob_scripts/logs/kill_brave_browser.sh.021524_100100.log
 create mode 100644 NCI-02227555-ML/scripts/cronjob_scripts/logs/kill_brave_browser.sh.021524_110100.log
 create mode 100644 NCI-02227555-ML/scripts/cronjob_scripts/logs/kill_brave_browser.sh.021524_120100.log
 create mode 100644 NCI-02227555-ML/scripts/cronjob_scripts/logs/kill_brave_browser.sh.021524_130100.log
 create mode 100644 NCI-02227555-ML/scripts/cronjob_scripts/logs/kill_brave_browser.sh.021524_140100.log
 create mode 100644 NCI-02227555-ML/scripts/cronjob_scripts/logs/kill_brave_browser.sh.021524_150100.log
 create mode 100644 NCI-02227555-ML/scripts/cronjob_scripts/logs/kill_brave_browser.sh.021524_160100.log
 create mode 100644 NCI-02227555-ML/scripts/cronjob_scripts/logs/kill_brave_browser.sh.021524_170100.log
 create mode 100644 NCI-02227555-ML/scripts/cronjob_scripts/logs/kill_brave_browser.sh.021524_180100.log
 create mode 100644 NCI-02227555-ML/scripts/cronjob_scripts/logs/kill_brave_browser.sh.021524_190100.log
 create mode 100644 NCI-02227555-ML/scripts/cronjob_scripts/logs/kill_brave_browser.sh.021524_200100.log
 create mode 100644 NCI-02227555-ML/scripts/cronjob_scripts/logs/kill_brave_browser.sh.021524_210100.log
 create mode 100644 NCI-02227555-ML/scripts/cronjob_scripts/logs/kill_brave_browser.sh.021524_220100.log
 create mode 100644 NCI-02227555-ML/scripts/cronjob_scripts/logs/kill_brave_browser.sh.021524_230101.log
 create mode 100644 NCI-02227555-ML/scripts/cronjob_scripts/logs/kill_brave_browser.sh.021624_000101.log
 create mode 100644 NCI-02227555-ML/scripts/cronjob_scripts/logs/kill_brave_browser.sh.021624_010101.log
 create mode 100644 NCI-02227555-ML/scripts/cronjob_scripts/logs/kill_brave_browser.sh.021624_020100.log
 create mode 100644 NCI-02227555-ML/scripts/cronjob_scripts/logs/kill_brave_browser.sh.021624_100100.log
 create mode 100644 NCI-02227555-ML/scripts/cronjob_scripts/logs/kill_brave_browser.sh.021624_110100.log
 create mode 100644 NCI-02227555-ML/scripts/cronjob_scripts/logs/kill_brave_browser.sh.021624_120101.log
 create mode 100644 NCI-02227555-ML/scripts/cronjob_scripts/logs/kill_brave_browser.sh.021624_130100.log
 create mode 100644 NCI-02227555-ML/scripts/cronjob_scripts/logs/kill_brave_browser.sh.021624_140100.log
 create mode 100644 NCI-02227555-ML/scripts/cronjob_scripts/logs/kill_brave_browser.sh.021624_150100.log
 create mode 100644 NCI-02227555-ML/scripts/cronjob_scripts/logs/kill_brave_browser.sh.021624_160100.log
 create mode 100644 NCI-02227555-ML/scripts/cronjob_scripts/logs/kill_brave_browser.sh.021624_170100.log
 create mode 100644 NCI-02227555-ML/scripts/cronjob_scripts/logs/kill_brave_browser.sh.021624_180101.log
 create mode 100644 NCI-02227555-ML/scripts/cronjob_scripts/logs/kill_brave_browser.sh.021624_190100.log
 create mode 100644 NCI-02227555-ML/scripts/cronjob_scripts/logs/kill_brave_browser.sh.021624_200100.log
 create mode 100644 NCI-02227555-ML/scripts/cronjob_scripts/logs/kill_brave_browser.sh.021624_210100.log
 create mode 100644 NCI-02227555-ML/scripts/cronjob_scripts/logs/kill_brave_browser.sh.021624_220100.log
 create mode 100644 NCI-02227555-ML/scripts/cronjob_scripts/logs/kill_brave_browser.sh.021624_230100.log
 create mode 100644 NCI-02227555-ML/scripts/cronjob_scripts/logs/kill_brave_browser.sh.021724_000100.log
 create mode 100644 NCI-02227555-ML/scripts/cronjob_scripts/logs/kill_brave_browser.sh.021724_010100.log
 create mode 100644 NCI-02227555-ML/scripts/cronjob_scripts/logs/kill_brave_browser.sh.021724_020100.log
 create mode 100644 NCI-02227555-ML/scripts/cronjob_scripts/logs/kill_brave_browser.sh.021724_190100.log
 create mode 100644 NCI-02227555-ML/scripts/cronjob_scripts/logs/kill_brave_browser.sh.021824_150100.log
 create mode 100644 NCI-02227555-ML/scripts/cronjob_scripts/logs/kill_brave_browser.sh.021824_160101.log
 create mode 100644 NCI-02227555-ML/scripts/cronjob_scripts/logs/kill_brave_browser.sh.021824_170101.log
 create mode 100644 NCI-02227555-ML/scripts/cronjob_scripts/logs/kill_brave_browser.sh.021824_180100.log
 create mode 100644 NCI-02227555-ML/scripts/cronjob_scripts/logs/kill_brave_browser.sh.021824_190100.log
 create mode 100644 NCI-02227555-ML/scripts/cronjob_scripts/logs/kill_brave_browser.sh.021824_200100.log
 create mode 100644 NCI-02227555-ML/scripts/cronjob_scripts/logs/kill_brave_browser.sh.021824_210100.log
 create mode 100644 NCI-02227555-ML/scripts/cronjob_scripts/logs/kill_brave_browser.sh.021824_220101.log
 create mode 100644 NCI-02227555-ML/scripts/cronjob_scripts/logs/kill_brave_browser.sh.021824_230101.log
 create mode 100644 NCI-02227555-ML/scripts/cronjob_scripts/logs/kill_brave_browser.sh.021924_000100.log
 create mode 100644 NCI-02227555-ML/scripts/cronjob_scripts/logs/kill_brave_browser.sh.021924_010101.log
 create mode 100644 NCI-02227555-ML/scripts/cronjob_scripts/logs/kill_brave_browser.sh.021924_020100.log
 create mode 100644 NCI-02227555-ML/scripts/cronjob_scripts/logs/kill_brave_browser.sh.021924_080100.log
 create mode 100644 NCI-02227555-ML/scripts/cronjob_scripts/logs/kill_brave_browser.sh.021924_090100.log
 create mode 100644 NCI-02227555-ML/scripts/cronjob_scripts/logs/kill_brave_browser.sh.021924_100100.log
 create mode 100644 NCI-02227555-ML/scripts/cronjob_scripts/logs/kill_brave_browser.sh.021924_110100.log
 create mode 100644 NCI-02227555-ML/scripts/cronjob_scripts/logs/kill_brave_browser.sh.021924_120100.log
 create mode 100644 NCI-02227555-ML/scripts/cronjob_scripts/logs/kill_brave_browser.sh.021924_130100.log
 create mode 100644 NCI-02227555-ML/scripts/cronjob_scripts/logs/kill_brave_browser.sh.021924_140100.log
 create mode 100644 NCI-02227555-ML/scripts/cronjob_scripts/logs/kill_brave_browser.sh.021924_150100.log
 create mode 100644 NCI-02227555-ML/scripts/cronjob_scripts/logs/kill_brave_browser.sh.021924_160100.log
 create mode 100644 NCI-02227555-ML/scripts/cronjob_scripts/logs/kill_brave_browser.sh.021924_170100.log
 create mode 100644 NCI-02227555-ML/scripts/cronjob_scripts/logs/kill_brave_browser.sh.021924_180100.log
 create mode 100644 NCI-02227555-ML/scripts/cronjob_scripts/logs/kill_brave_browser.sh.021924_190100.log
 create mode 100644 NCI-02227555-ML/scripts/cronjob_scripts/logs/kill_brave_browser.sh.021924_200100.log
 create mode 100644 NCI-02227555-ML/scripts/cronjob_scripts/logs/kill_brave_browser.sh.021924_210100.log
 create mode 100644 NCI-02227555-ML/scripts/cronjob_scripts/logs/kill_brave_browser.sh.021924_220100.log
 create mode 100644 NCI-02227555-ML/scripts/cronjob_scripts/logs/kill_brave_browser.sh.021924_230100.log
 create mode 100644 NCI-02227555-ML/scripts/cronjob_scripts/logs/kill_brave_browser.sh.022024_000100.log
 create mode 100644 NCI-02227555-ML/scripts/cronjob_scripts/logs/kill_brave_browser.sh.022024_010100.log
 create mode 100644 NCI-02227555-ML/scripts/cronjob_scripts/logs/kill_brave_browser.sh.022024_020100.log
 create mode 100644 NCI-02227555-ML/scripts/cronjob_scripts/logs/kill_brave_browser.sh.022024_090100.log
 create mode 100644 NCI-02227555-ML/scripts/cronjob_scripts/logs/kill_brave_browser.sh.022024_100100.log
 create mode 100644 NCI-02227555-ML/scripts/cronjob_scripts/logs/kill_password_boss.sh.021324_120000.log
 create mode 100644 NCI-02227555-ML/scripts/cronjob_scripts/logs/kill_password_boss.sh.021324_160000.log
 create mode 100644 NCI-02227555-ML/scripts/cronjob_scripts/logs/kill_password_boss.sh.021324_200000.log
 create mode 100644 NCI-02227555-ML/scripts/cronjob_scripts/logs/kill_password_boss.sh.021424_000000.log
 create mode 100644 NCI-02227555-ML/scripts/cronjob_scripts/logs/kill_password_boss.sh.021424_040000.log
 create mode 100644 NCI-02227555-ML/scripts/cronjob_scripts/logs/kill_password_boss.sh.021424_080000.log
 create mode 100644 NCI-02227555-ML/scripts/cronjob_scripts/logs/kill_password_boss.sh.021424_120000.log
 create mode 100644 NCI-02227555-ML/scripts/cronjob_scripts/logs/kill_password_boss.sh.021424_160000.log
 create mode 100644 NCI-02227555-ML/scripts/cronjob_scripts/logs/kill_password_boss.sh.021424_200000.log
 create mode 100644 NCI-02227555-ML/scripts/cronjob_scripts/logs/kill_password_boss.sh.021524_000000.log
 create mode 100644 NCI-02227555-ML/scripts/cronjob_scripts/logs/kill_password_boss.sh.021524_080000.log
 create mode 100644 NCI-02227555-ML/scripts/cronjob_scripts/logs/kill_password_boss.sh.021524_120000.log
 create mode 100644 NCI-02227555-ML/scripts/cronjob_scripts/logs/kill_password_boss.sh.021524_160000.log
 create mode 100644 NCI-02227555-ML/scripts/cronjob_scripts/logs/kill_password_boss.sh.021524_200001.log
 create mode 100644 NCI-02227555-ML/scripts/cronjob_scripts/logs/kill_password_boss.sh.021624_000000.log
 create mode 100644 NCI-02227555-ML/scripts/cronjob_scripts/logs/kill_password_boss.sh.021624_120000.log
 create mode 100644 NCI-02227555-ML/scripts/cronjob_scripts/logs/kill_password_boss.sh.021624_160000.log
 create mode 100644 NCI-02227555-ML/scripts/cronjob_scripts/logs/kill_password_boss.sh.021624_200000.log
 create mode 100644 NCI-02227555-ML/scripts/cronjob_scripts/logs/kill_password_boss.sh.021724_000001.log
 create mode 100644 NCI-02227555-ML/scripts/cronjob_scripts/logs/kill_password_boss.sh.021824_160000.log
 create mode 100644 NCI-02227555-ML/scripts/cronjob_scripts/logs/kill_password_boss.sh.021824_200000.log
 create mode 100644 NCI-02227555-ML/scripts/cronjob_scripts/logs/kill_password_boss.sh.021924_000000.log
 create mode 100644 NCI-02227555-ML/scripts/cronjob_scripts/logs/kill_password_boss.sh.021924_080000.log
 create mode 100644 NCI-02227555-ML/scripts/cronjob_scripts/logs/kill_password_boss.sh.021924_120000.log
 create mode 100644 NCI-02227555-ML/scripts/cronjob_scripts/logs/kill_password_boss.sh.021924_160000.log
 create mode 100644 NCI-02227555-ML/scripts/cronjob_scripts/logs/kill_password_boss.sh.021924_200000.log
 create mode 100644 NCI-02227555-ML/scripts/cronjob_scripts/logs/kill_password_boss.sh.022024_000000.log
 create mode 100644 NCI-02227555-ML/scripts/cronjob_scripts/logs/run_monthly.sh.022024_102000.log
+ git push
@@@@@@@@@@@@@@@@@@@@@@@@@@@@@@@@@@@@@@@@@@@@@@@@@@@@@@@@@@@
@    WARNING: REMOTE HOST IDENTIFICATION HAS CHANGED!     @
@@@@@@@@@@@@@@@@@@@@@@@@@@@@@@@@@@@@@@@@@@@@@@@@@@@@@@@@@@@
IT IS POSSIBLE THAT SOMEONE IS DOING SOMETHING NASTY!
Someone could be eavesdropping on you right now (man-in-the-middle attack)!
It is also possible that a host key has just been changed.
The fingerprint for the RSA key sent by the remote host is
SHA256:uNiVztksCsDhcc0u9e8BujQXVUpKZIDTMczCvj3tD2s.
Please contact your system administrator.
Add correct host key in /Users/kopardevn/.ssh/known_hosts to get rid of this message.
Offending RSA key in /Users/kopardevn/.ssh/known_hosts:8
Host key for github.com has changed and you have requested strict checking.
Host key verification failed.
fatal: Could not read from remote repository.

Please make sure you have the correct access rights
and the repository exists.
