++ date +%D
++ sed s@/@@g
+ dt=080123
+ crontab -l
+ cd /Users/kopardevn/Documents/GitRepos/configscriptsetc
+ git add .
+ git commit -m 'push on 080123'
[master 4039d20] push on 080123
 166 files changed, 1317 insertions(+), 1 deletion(-)
 create mode 100644 NCI-02227555-ML/scripts/cronjob_scripts/crontab.bak/crontab.bak.080123
 create mode 100644 NCI-02227555-ML/scripts/cronjob_scripts/logs/commit_todos.sh.071923_100001.log
 create mode 100644 NCI-02227555-ML/scripts/cronjob_scripts/logs/commit_todos.sh.072123_100000.log
 create mode 100644 NCI-02227555-ML/scripts/cronjob_scripts/logs/commit_todos.sh.073123_100000.log
 create mode 100644 NCI-02227555-ML/scripts/cronjob_scripts/logs/commit_todos.sh.080123_100000.log
 create mode 100644 NCI-02227555-ML/scripts/cronjob_scripts/logs/github_activity_generator.sh.071823_110200.log
 create mode 100644 NCI-02227555-ML/scripts/cronjob_scripts/logs/github_activity_generator.sh.071823_120200.log
 create mode 100644 NCI-02227555-ML/scripts/cronjob_scripts/logs/github_activity_generator.sh.071823_130201.log
 create mode 100644 NCI-02227555-ML/scripts/cronjob_scripts/logs/github_activity_generator.sh.071823_140200.log
 create mode 100644 NCI-02227555-ML/scripts/cronjob_scripts/logs/github_activity_generator.sh.071823_150200.log
 create mode 100644 NCI-02227555-ML/scripts/cronjob_scripts/logs/github_activity_generator.sh.071823_160200.log
 create mode 100644 NCI-02227555-ML/scripts/cronjob_scripts/logs/github_activity_generator.sh.071823_220200.log
 create mode 100644 NCI-02227555-ML/scripts/cronjob_scripts/logs/github_activity_generator.sh.071823_230200.log
 create mode 100644 NCI-02227555-ML/scripts/cronjob_scripts/logs/github_activity_generator.sh.071923_000200.log
 create mode 100644 NCI-02227555-ML/scripts/cronjob_scripts/logs/github_activity_generator.sh.071923_070201.log
 create mode 100644 NCI-02227555-ML/scripts/cronjob_scripts/logs/github_activity_generator.sh.071923_100201.log
 create mode 100644 NCI-02227555-ML/scripts/cronjob_scripts/logs/github_activity_generator.sh.071923_110200.log
 create mode 100644 NCI-02227555-ML/scripts/cronjob_scripts/logs/github_activity_generator.sh.071923_120200.log
 create mode 100644 NCI-02227555-ML/scripts/cronjob_scripts/logs/github_activity_generator.sh.071923_130201.log
 create mode 100644 NCI-02227555-ML/scripts/cronjob_scripts/logs/github_activity_generator.sh.071923_140200.log
 create mode 100644 NCI-02227555-ML/scripts/cronjob_scripts/logs/github_activity_generator.sh.071923_150200.log
 create mode 100644 NCI-02227555-ML/scripts/cronjob_scripts/logs/github_activity_generator.sh.071923_160200.log
 create mode 100644 NCI-02227555-ML/scripts/cronjob_scripts/logs/github_activity_generator.sh.071923_170200.log
 create mode 100644 NCI-02227555-ML/scripts/cronjob_scripts/logs/github_activity_generator.sh.071923_180200.log
 create mode 100644 NCI-02227555-ML/scripts/cronjob_scripts/logs/github_activity_generator.sh.071923_190508.log
 create mode 100644 NCI-02227555-ML/scripts/cronjob_scripts/logs/github_activity_generator.sh.071923_200201.log
 create mode 100644 NCI-02227555-ML/scripts/cronjob_scripts/logs/github_activity_generator.sh.071923_210200.log
 create mode 100644 NCI-02227555-ML/scripts/cronjob_scripts/logs/github_activity_generator.sh.071923_230200.log
 create mode 100644 NCI-02227555-ML/scripts/cronjob_scripts/logs/github_activity_generator.sh.072023_000200.log
 create mode 100644 NCI-02227555-ML/scripts/cronjob_scripts/logs/github_activity_generator.sh.072023_070201.log
 create mode 100644 NCI-02227555-ML/scripts/cronjob_scripts/logs/github_activity_generator.sh.072023_110209.log
 create mode 100644 NCI-02227555-ML/scripts/cronjob_scripts/logs/github_activity_generator.sh.072023_120200.log
 create mode 100644 NCI-02227555-ML/scripts/cronjob_scripts/logs/github_activity_generator.sh.072023_130200.log
 create mode 100644 NCI-02227555-ML/scripts/cronjob_scripts/logs/github_activity_generator.sh.072023_140200.log
 create mode 100644 NCI-02227555-ML/scripts/cronjob_scripts/logs/github_activity_generator.sh.072023_150200.log
 create mode 100644 NCI-02227555-ML/scripts/cronjob_scripts/logs/github_activity_generator.sh.072023_160200.log
 create mode 100644 NCI-02227555-ML/scripts/cronjob_scripts/logs/github_activity_generator.sh.072023_170200.log
 create mode 100644 NCI-02227555-ML/scripts/cronjob_scripts/logs/github_activity_generator.sh.072023_220200.log
 create mode 100644 NCI-02227555-ML/scripts/cronjob_scripts/logs/github_activity_generator.sh.072023_230200.log
 create mode 100644 NCI-02227555-ML/scripts/cronjob_scripts/logs/github_activity_generator.sh.072123_000200.log
 create mode 100644 NCI-02227555-ML/scripts/cronjob_scripts/logs/github_activity_generator.sh.072123_010200.log
 create mode 100644 NCI-02227555-ML/scripts/cronjob_scripts/logs/github_activity_generator.sh.072123_080201.log
 create mode 100644 NCI-02227555-ML/scripts/cronjob_scripts/logs/github_activity_generator.sh.072123_090200.log
 create mode 100644 NCI-02227555-ML/scripts/cronjob_scripts/logs/github_activity_generator.sh.072123_100200.log
 create mode 100644 NCI-02227555-ML/scripts/cronjob_scripts/logs/github_activity_generator.sh.072123_110200.log
 create mode 100644 NCI-02227555-ML/scripts/cronjob_scripts/logs/github_activity_generator.sh.072123_120200.log
 create mode 100644 NCI-02227555-ML/scripts/cronjob_scripts/logs/github_activity_generator.sh.072123_130200.log
 create mode 100644 NCI-02227555-ML/scripts/cronjob_scripts/logs/github_activity_generator.sh.072123_140200.log
 create mode 100644 NCI-02227555-ML/scripts/cronjob_scripts/logs/github_activity_generator.sh.072123_150200.log
 create mode 100644 NCI-02227555-ML/scripts/cronjob_scripts/logs/github_activity_generator.sh.072123_160200.log
 create mode 100644 NCI-02227555-ML/scripts/cronjob_scripts/logs/github_activity_generator.sh.072123_170201.log
 create mode 100644 NCI-02227555-ML/scripts/cronjob_scripts/logs/github_activity_generator.sh.072123_180200.log
 create mode 100644 NCI-02227555-ML/scripts/cronjob_scripts/logs/github_activity_generator.sh.072223_070201.log
 create mode 100644 NCI-02227555-ML/scripts/cronjob_scripts/logs/github_activity_generator.sh.072223_090201.log
 create mode 100644 NCI-02227555-ML/scripts/cronjob_scripts/logs/github_activity_generator.sh.072323_080201.log
 create mode 100644 NCI-02227555-ML/scripts/cronjob_scripts/logs/github_activity_generator.sh.072523_000645.log
 create mode 100644 NCI-02227555-ML/scripts/cronjob_scripts/logs/github_activity_generator.sh.072623_070201.log
 create mode 100644 NCI-02227555-ML/scripts/cronjob_scripts/logs/github_activity_generator.sh.072623_080201.log
 create mode 100644 NCI-02227555-ML/scripts/cronjob_scripts/logs/github_activity_generator.sh.072723_070200.log
 create mode 100644 NCI-02227555-ML/scripts/cronjob_scripts/logs/github_activity_generator.sh.072923_070201.log
 create mode 100644 NCI-02227555-ML/scripts/cronjob_scripts/logs/github_activity_generator.sh.073023_070639.log
 create mode 100644 NCI-02227555-ML/scripts/cronjob_scripts/logs/github_activity_generator.sh.073123_070200.log
 create mode 100644 NCI-02227555-ML/scripts/cronjob_scripts/logs/github_activity_generator.sh.073123_080200.log
 create mode 100644 NCI-02227555-ML/scripts/cronjob_scripts/logs/github_activity_generator.sh.073123_100201.log
 create mode 100644 NCI-02227555-ML/scripts/cronjob_scripts/logs/github_activity_generator.sh.073123_110200.log
 create mode 100644 NCI-02227555-ML/scripts/cronjob_scripts/logs/github_activity_generator.sh.073123_120200.log
 create mode 100644 NCI-02227555-ML/scripts/cronjob_scripts/logs/github_activity_generator.sh.073123_130200.log
 create mode 100644 NCI-02227555-ML/scripts/cronjob_scripts/logs/github_activity_generator.sh.073123_140200.log
 create mode 100644 NCI-02227555-ML/scripts/cronjob_scripts/logs/github_activity_generator.sh.073123_150201.log
 create mode 100644 NCI-02227555-ML/scripts/cronjob_scripts/logs/github_activity_generator.sh.073123_160201.log
 create mode 100644 NCI-02227555-ML/scripts/cronjob_scripts/logs/github_activity_generator.sh.073123_170200.log
 create mode 100644 NCI-02227555-ML/scripts/cronjob_scripts/logs/github_activity_generator.sh.073123_180200.log
 create mode 100644 NCI-02227555-ML/scripts/cronjob_scripts/logs/github_activity_generator.sh.073123_190201.log
 create mode 100644 NCI-02227555-ML/scripts/cronjob_scripts/logs/github_activity_generator.sh.073123_200201.log
 create mode 100644 NCI-02227555-ML/scripts/cronjob_scripts/logs/github_activity_generator.sh.073123_210200.log
 create mode 100644 NCI-02227555-ML/scripts/cronjob_scripts/logs/github_activity_generator.sh.073123_220200.log
 create mode 100644 NCI-02227555-ML/scripts/cronjob_scripts/logs/github_activity_generator.sh.080123_080200.log
 create mode 100644 NCI-02227555-ML/scripts/cronjob_scripts/logs/github_activity_generator.sh.080123_090200.log
 create mode 100644 NCI-02227555-ML/scripts/cronjob_scripts/logs/github_activity_generator.sh.080123_100200.log
 create mode 100644 NCI-02227555-ML/scripts/cronjob_scripts/logs/kill_brave_browser.sh.071823_110100.log
 create mode 100644 NCI-02227555-ML/scripts/cronjob_scripts/logs/kill_brave_browser.sh.071823_120100.log
 create mode 100644 NCI-02227555-ML/scripts/cronjob_scripts/logs/kill_brave_browser.sh.071823_130100.log
 create mode 100644 NCI-02227555-ML/scripts/cronjob_scripts/logs/kill_brave_browser.sh.071823_140101.log
 create mode 100644 NCI-02227555-ML/scripts/cronjob_scripts/logs/kill_brave_browser.sh.071823_150100.log
 create mode 100644 NCI-02227555-ML/scripts/cronjob_scripts/logs/kill_brave_browser.sh.071823_160100.log
 create mode 100644 NCI-02227555-ML/scripts/cronjob_scripts/logs/kill_brave_browser.sh.071823_220100.log
 create mode 100644 NCI-02227555-ML/scripts/cronjob_scripts/logs/kill_brave_browser.sh.071823_230100.log
 create mode 100644 NCI-02227555-ML/scripts/cronjob_scripts/logs/kill_brave_browser.sh.071923_000100.log
 create mode 100644 NCI-02227555-ML/scripts/cronjob_scripts/logs/kill_brave_browser.sh.071923_054124.log
 create mode 100644 NCI-02227555-ML/scripts/cronjob_scripts/logs/kill_brave_browser.sh.071923_100100.log
 create mode 100644 NCI-02227555-ML/scripts/cronjob_scripts/logs/kill_brave_browser.sh.071923_110101.log
 create mode 100644 NCI-02227555-ML/scripts/cronjob_scripts/logs/kill_brave_browser.sh.071923_120100.log
 create mode 100644 NCI-02227555-ML/scripts/cronjob_scripts/logs/kill_brave_browser.sh.071923_130101.log
 create mode 100644 NCI-02227555-ML/scripts/cronjob_scripts/logs/kill_brave_browser.sh.071923_140100.log
 create mode 100644 NCI-02227555-ML/scripts/cronjob_scripts/logs/kill_brave_browser.sh.071923_150101.log
 create mode 100644 NCI-02227555-ML/scripts/cronjob_scripts/logs/kill_brave_browser.sh.071923_160100.log
 create mode 100644 NCI-02227555-ML/scripts/cronjob_scripts/logs/kill_brave_browser.sh.071923_170100.log
 create mode 100644 NCI-02227555-ML/scripts/cronjob_scripts/logs/kill_brave_browser.sh.071923_180100.log
 create mode 100644 NCI-02227555-ML/scripts/cronjob_scripts/logs/kill_brave_browser.sh.071923_190508.log
 create mode 100644 NCI-02227555-ML/scripts/cronjob_scripts/logs/kill_brave_browser.sh.071923_200100.log
 create mode 100644 NCI-02227555-ML/scripts/cronjob_scripts/logs/kill_brave_browser.sh.071923_210100.log
 create mode 100644 NCI-02227555-ML/scripts/cronjob_scripts/logs/kill_brave_browser.sh.071923_230100.log
 create mode 100644 NCI-02227555-ML/scripts/cronjob_scripts/logs/kill_brave_browser.sh.072023_000100.log
 create mode 100644 NCI-02227555-ML/scripts/cronjob_scripts/logs/kill_brave_browser.sh.072023_110100.log
 create mode 100644 NCI-02227555-ML/scripts/cronjob_scripts/logs/kill_brave_browser.sh.072023_120100.log
 create mode 100644 NCI-02227555-ML/scripts/cronjob_scripts/logs/kill_brave_browser.sh.072023_130100.log
 create mode 100644 NCI-02227555-ML/scripts/cronjob_scripts/logs/kill_brave_browser.sh.072023_140101.log
 create mode 100644 NCI-02227555-ML/scripts/cronjob_scripts/logs/kill_brave_browser.sh.072023_150100.log
 create mode 100644 NCI-02227555-ML/scripts/cronjob_scripts/logs/kill_brave_browser.sh.072023_160100.log
 create mode 100644 NCI-02227555-ML/scripts/cronjob_scripts/logs/kill_brave_browser.sh.072023_170100.log
 create mode 100644 NCI-02227555-ML/scripts/cronjob_scripts/logs/kill_brave_browser.sh.072023_220100.log
 create mode 100644 NCI-02227555-ML/scripts/cronjob_scripts/logs/kill_brave_browser.sh.072023_230100.log
 create mode 100644 NCI-02227555-ML/scripts/cronjob_scripts/logs/kill_brave_browser.sh.072123_000100.log
 create mode 100644 NCI-02227555-ML/scripts/cronjob_scripts/logs/kill_brave_browser.sh.072123_010100.log
 create mode 100644 NCI-02227555-ML/scripts/cronjob_scripts/logs/kill_brave_browser.sh.072123_090101.log
 create mode 100644 NCI-02227555-ML/scripts/cronjob_scripts/logs/kill_brave_browser.sh.072123_100100.log
 create mode 100644 NCI-02227555-ML/scripts/cronjob_scripts/logs/kill_brave_browser.sh.072123_110101.log
 create mode 100644 NCI-02227555-ML/scripts/cronjob_scripts/logs/kill_brave_browser.sh.072123_120100.log
 create mode 100644 NCI-02227555-ML/scripts/cronjob_scripts/logs/kill_brave_browser.sh.072123_130100.log
 create mode 100644 NCI-02227555-ML/scripts/cronjob_scripts/logs/kill_brave_browser.sh.072123_140100.log
 create mode 100644 NCI-02227555-ML/scripts/cronjob_scripts/logs/kill_brave_browser.sh.072123_150100.log
 create mode 100644 NCI-02227555-ML/scripts/cronjob_scripts/logs/kill_brave_browser.sh.072123_160100.log
 create mode 100644 NCI-02227555-ML/scripts/cronjob_scripts/logs/kill_brave_browser.sh.072123_170100.log
 create mode 100644 NCI-02227555-ML/scripts/cronjob_scripts/logs/kill_brave_browser.sh.072123_180100.log
 create mode 100644 NCI-02227555-ML/scripts/cronjob_scripts/logs/kill_brave_browser.sh.072223_010100.log
 create mode 100644 NCI-02227555-ML/scripts/cronjob_scripts/logs/kill_brave_browser.sh.072223_080100.log
 create mode 100644 NCI-02227555-ML/scripts/cronjob_scripts/logs/kill_brave_browser.sh.072323_010101.log
 create mode 100644 NCI-02227555-ML/scripts/cronjob_scripts/logs/kill_brave_browser.sh.072523_000645.log
 create mode 100644 NCI-02227555-ML/scripts/cronjob_scripts/logs/kill_brave_browser.sh.072623_010101.log
 create mode 100644 NCI-02227555-ML/scripts/cronjob_scripts/logs/kill_brave_browser.sh.073123_100100.log
 create mode 100644 NCI-02227555-ML/scripts/cronjob_scripts/logs/kill_brave_browser.sh.073123_110100.log
 create mode 100644 NCI-02227555-ML/scripts/cronjob_scripts/logs/kill_brave_browser.sh.073123_120100.log
 create mode 100644 NCI-02227555-ML/scripts/cronjob_scripts/logs/kill_brave_browser.sh.073123_130100.log
 create mode 100644 NCI-02227555-ML/scripts/cronjob_scripts/logs/kill_brave_browser.sh.073123_140100.log
 create mode 100644 NCI-02227555-ML/scripts/cronjob_scripts/logs/kill_brave_browser.sh.073123_150100.log
 create mode 100644 NCI-02227555-ML/scripts/cronjob_scripts/logs/kill_brave_browser.sh.073123_160100.log
 create mode 100644 NCI-02227555-ML/scripts/cronjob_scripts/logs/kill_brave_browser.sh.073123_170101.log
 create mode 100644 NCI-02227555-ML/scripts/cronjob_scripts/logs/kill_brave_browser.sh.073123_180100.log
 create mode 100644 NCI-02227555-ML/scripts/cronjob_scripts/logs/kill_brave_browser.sh.073123_190100.log
 create mode 100644 NCI-02227555-ML/scripts/cronjob_scripts/logs/kill_brave_browser.sh.073123_200100.log
 create mode 100644 NCI-02227555-ML/scripts/cronjob_scripts/logs/kill_brave_browser.sh.073123_210100.log
 create mode 100644 NCI-02227555-ML/scripts/cronjob_scripts/logs/kill_brave_browser.sh.073123_220100.log
 create mode 100644 NCI-02227555-ML/scripts/cronjob_scripts/logs/kill_brave_browser.sh.080123_080100.log
 create mode 100644 NCI-02227555-ML/scripts/cronjob_scripts/logs/kill_brave_browser.sh.080123_090100.log
 create mode 100644 NCI-02227555-ML/scripts/cronjob_scripts/logs/kill_brave_browser.sh.080123_100100.log
 create mode 100644 NCI-02227555-ML/scripts/cronjob_scripts/logs/kill_password_boss.sh.071823_120000.log
 create mode 100644 NCI-02227555-ML/scripts/cronjob_scripts/logs/kill_password_boss.sh.071823_160000.log
 create mode 100644 NCI-02227555-ML/scripts/cronjob_scripts/logs/kill_password_boss.sh.071923_000000.log
 create mode 100644 NCI-02227555-ML/scripts/cronjob_scripts/logs/kill_password_boss.sh.071923_120000.log
 create mode 100644 NCI-02227555-ML/scripts/cronjob_scripts/logs/kill_password_boss.sh.071923_160000.log
 create mode 100644 NCI-02227555-ML/scripts/cronjob_scripts/logs/kill_password_boss.sh.071923_200000.log
 create mode 100644 NCI-02227555-ML/scripts/cronjob_scripts/logs/kill_password_boss.sh.072023_000001.log
 create mode 100644 NCI-02227555-ML/scripts/cronjob_scripts/logs/kill_password_boss.sh.072023_120000.log
 create mode 100644 NCI-02227555-ML/scripts/cronjob_scripts/logs/kill_password_boss.sh.072023_160000.log
 create mode 100644 NCI-02227555-ML/scripts/cronjob_scripts/logs/kill_password_boss.sh.072123_000000.log
 create mode 100644 NCI-02227555-ML/scripts/cronjob_scripts/logs/kill_password_boss.sh.072123_120000.log
 create mode 100644 NCI-02227555-ML/scripts/cronjob_scripts/logs/kill_password_boss.sh.072123_160001.log
 create mode 100644 NCI-02227555-ML/scripts/cronjob_scripts/logs/kill_password_boss.sh.072223_080000.log
 create mode 100644 NCI-02227555-ML/scripts/cronjob_scripts/logs/kill_password_boss.sh.072523_000001.log
 create mode 100644 NCI-02227555-ML/scripts/cronjob_scripts/logs/kill_password_boss.sh.073123_120000.log
 create mode 100644 NCI-02227555-ML/scripts/cronjob_scripts/logs/kill_password_boss.sh.073123_160000.log
 create mode 100644 NCI-02227555-ML/scripts/cronjob_scripts/logs/kill_password_boss.sh.073123_200001.log
 create mode 100644 NCI-02227555-ML/scripts/cronjob_scripts/logs/kill_password_boss.sh.080123_080000.log
 create mode 100644 NCI-02227555-ML/scripts/cronjob_scripts/logs/run_monthly.sh.080123_102000.log
+ git push
@@@@@@@@@@@@@@@@@@@@@@@@@@@@@@@@@@@@@@@@@@@@@@@@@@@@@@@@@@@
@    WARNING: REMOTE HOST IDENTIFICATION HAS CHANGED!     @
@@@@@@@@@@@@@@@@@@@@@@@@@@@@@@@@@@@@@@@@@@@@@@@@@@@@@@@@@@@
IT IS POSSIBLE THAT SOMEONE IS DOING SOMETHING NASTY!
Someone could be eavesdropping on you right now (man-in-the-middle attack)!
It is also possible that a host key has just been changed.
The fingerprint for the RSA key sent by the remote host is
SHA256:uNiVztksCsDhcc0u9e8BujQXVUpKZIDTMczCvj3tD2s.
Please contact your system administrator.
Add correct host key in /Users/kopardevn/.ssh/known_hosts to get rid of this message.
Offending RSA key in /Users/kopardevn/.ssh/known_hosts:8
Host key for github.com has changed and you have requested strict checking.
Host key verification failed.
fatal: Could not read from remote repository.

Please make sure you have the correct access rights
and the repository exists.
