++ date +%D
++ sed s@/@@g
+ dt=030723
+ crontab -l
+ cd /Users/kopardevn/Documents/GitRepos/configscriptsetc
+ git add .
+ git commit -m 'push on 030723'
[master 7a5dce7] push on 030723
 308 files changed, 1079 insertions(+)
 create mode 100644 NCI-02227555-ML/scripts/cronjob_scripts/crontab.bak/crontab.bak.030723
 create mode 100644 NCI-02227555-ML/scripts/cronjob_scripts/logs/bring_slack_to_front.scpt.022823_110000.log
 create mode 100644 NCI-02227555-ML/scripts/cronjob_scripts/logs/bring_slack_to_front.scpt.022823_120000.log
 create mode 100644 NCI-02227555-ML/scripts/cronjob_scripts/logs/bring_slack_to_front.scpt.022823_130001.log
 create mode 100644 NCI-02227555-ML/scripts/cronjob_scripts/logs/bring_slack_to_front.scpt.022823_140000.log
 create mode 100644 NCI-02227555-ML/scripts/cronjob_scripts/logs/bring_slack_to_front.scpt.022823_150000.log
 create mode 100644 NCI-02227555-ML/scripts/cronjob_scripts/logs/bring_slack_to_front.scpt.022823_160000.log
 create mode 100644 NCI-02227555-ML/scripts/cronjob_scripts/logs/bring_slack_to_front.scpt.022823_170000.log
 create mode 100644 NCI-02227555-ML/scripts/cronjob_scripts/logs/bring_slack_to_front.scpt.022823_180000.log
 create mode 100644 NCI-02227555-ML/scripts/cronjob_scripts/logs/bring_slack_to_front.scpt.022823_190001.log
 create mode 100644 NCI-02227555-ML/scripts/cronjob_scripts/logs/bring_slack_to_front.scpt.022823_200000.log
 create mode 100644 NCI-02227555-ML/scripts/cronjob_scripts/logs/bring_slack_to_front.scpt.022823_210000.log
 create mode 100644 NCI-02227555-ML/scripts/cronjob_scripts/logs/bring_slack_to_front.scpt.022823_230000.log
 create mode 100644 NCI-02227555-ML/scripts/cronjob_scripts/logs/bring_slack_to_front.scpt.030123_000000.log
 create mode 100644 NCI-02227555-ML/scripts/cronjob_scripts/logs/bring_slack_to_front.scpt.030123_010000.log
 create mode 100644 NCI-02227555-ML/scripts/cronjob_scripts/logs/bring_slack_to_front.scpt.030123_020001.log
 create mode 100644 NCI-02227555-ML/scripts/cronjob_scripts/logs/bring_slack_to_front.scpt.030123_090000.log
 create mode 100644 NCI-02227555-ML/scripts/cronjob_scripts/logs/bring_slack_to_front.scpt.030123_120000.log
 create mode 100644 NCI-02227555-ML/scripts/cronjob_scripts/logs/bring_slack_to_front.scpt.030123_130000.log
 create mode 100644 NCI-02227555-ML/scripts/cronjob_scripts/logs/bring_slack_to_front.scpt.030123_140000.log
 create mode 100644 NCI-02227555-ML/scripts/cronjob_scripts/logs/bring_slack_to_front.scpt.030123_150000.log
 create mode 100644 NCI-02227555-ML/scripts/cronjob_scripts/logs/bring_slack_to_front.scpt.030123_160000.log
 create mode 100644 NCI-02227555-ML/scripts/cronjob_scripts/logs/bring_slack_to_front.scpt.030123_170000.log
 create mode 100644 NCI-02227555-ML/scripts/cronjob_scripts/logs/bring_slack_to_front.scpt.030123_180000.log
 create mode 100644 NCI-02227555-ML/scripts/cronjob_scripts/logs/bring_slack_to_front.scpt.030123_200000.log
 create mode 100644 NCI-02227555-ML/scripts/cronjob_scripts/logs/bring_slack_to_front.scpt.030123_220000.log
 create mode 100644 NCI-02227555-ML/scripts/cronjob_scripts/logs/bring_slack_to_front.scpt.030123_230000.log
 create mode 100644 NCI-02227555-ML/scripts/cronjob_scripts/logs/bring_slack_to_front.scpt.030223_010048.log
 create mode 100644 NCI-02227555-ML/scripts/cronjob_scripts/logs/bring_slack_to_front.scpt.030223_070000.log
 create mode 100644 NCI-02227555-ML/scripts/cronjob_scripts/logs/bring_slack_to_front.scpt.030223_080000.log
 create mode 100644 NCI-02227555-ML/scripts/cronjob_scripts/logs/bring_slack_to_front.scpt.030223_100000.log
 create mode 100644 NCI-02227555-ML/scripts/cronjob_scripts/logs/bring_slack_to_front.scpt.030223_110000.log
 create mode 100644 NCI-02227555-ML/scripts/cronjob_scripts/logs/bring_slack_to_front.scpt.030223_120000.log
 create mode 100644 NCI-02227555-ML/scripts/cronjob_scripts/logs/bring_slack_to_front.scpt.030223_130000.log
 create mode 100644 NCI-02227555-ML/scripts/cronjob_scripts/logs/bring_slack_to_front.scpt.030223_140000.log
 create mode 100644 NCI-02227555-ML/scripts/cronjob_scripts/logs/bring_slack_to_front.scpt.030223_150000.log
 create mode 100644 NCI-02227555-ML/scripts/cronjob_scripts/logs/bring_slack_to_front.scpt.030223_160000.log
 create mode 100644 NCI-02227555-ML/scripts/cronjob_scripts/logs/bring_slack_to_front.scpt.030223_170000.log
 create mode 100644 NCI-02227555-ML/scripts/cronjob_scripts/logs/bring_slack_to_front.scpt.030223_180000.log
 create mode 100644 NCI-02227555-ML/scripts/cronjob_scripts/logs/bring_slack_to_front.scpt.030223_190000.log
 create mode 100644 NCI-02227555-ML/scripts/cronjob_scripts/logs/bring_slack_to_front.scpt.030223_200000.log
 create mode 100644 NCI-02227555-ML/scripts/cronjob_scripts/logs/bring_slack_to_front.scpt.030223_210000.log
 create mode 100644 NCI-02227555-ML/scripts/cronjob_scripts/logs/bring_slack_to_front.scpt.030223_220000.log
 create mode 100644 NCI-02227555-ML/scripts/cronjob_scripts/logs/bring_slack_to_front.scpt.030223_230001.log
 create mode 100644 NCI-02227555-ML/scripts/cronjob_scripts/logs/bring_slack_to_front.scpt.030323_000000.log
 create mode 100644 NCI-02227555-ML/scripts/cronjob_scripts/logs/bring_slack_to_front.scpt.030323_030001.log
 create mode 100644 NCI-02227555-ML/scripts/cronjob_scripts/logs/bring_slack_to_front.scpt.030323_040310.log
 create mode 100644 NCI-02227555-ML/scripts/cronjob_scripts/logs/bring_slack_to_front.scpt.030323_050642.log
 create mode 100644 NCI-02227555-ML/scripts/cronjob_scripts/logs/bring_slack_to_front.scpt.030323_060024.log
 create mode 100644 NCI-02227555-ML/scripts/cronjob_scripts/logs/bring_slack_to_front.scpt.030323_100000.log
 create mode 100644 NCI-02227555-ML/scripts/cronjob_scripts/logs/bring_slack_to_front.scpt.030323_110000.log
 create mode 100644 NCI-02227555-ML/scripts/cronjob_scripts/logs/bring_slack_to_front.scpt.030323_120000.log
 create mode 100644 NCI-02227555-ML/scripts/cronjob_scripts/logs/bring_slack_to_front.scpt.030323_130000.log
 create mode 100644 NCI-02227555-ML/scripts/cronjob_scripts/logs/bring_slack_to_front.scpt.030323_140000.log
 create mode 100644 NCI-02227555-ML/scripts/cronjob_scripts/logs/bring_slack_to_front.scpt.030323_150000.log
 create mode 100644 NCI-02227555-ML/scripts/cronjob_scripts/logs/bring_slack_to_front.scpt.030323_160000.log
 create mode 100644 NCI-02227555-ML/scripts/cronjob_scripts/logs/bring_slack_to_front.scpt.030323_170002.log
 create mode 100644 NCI-02227555-ML/scripts/cronjob_scripts/logs/bring_slack_to_front.scpt.030323_180048.log
 create mode 100644 NCI-02227555-ML/scripts/cronjob_scripts/logs/bring_slack_to_front.scpt.030323_210001.log
 create mode 100644 NCI-02227555-ML/scripts/cronjob_scripts/logs/bring_slack_to_front.scpt.030323_220001.log
 create mode 100644 NCI-02227555-ML/scripts/cronjob_scripts/logs/bring_slack_to_front.scpt.030323_230000.log
 create mode 100644 NCI-02227555-ML/scripts/cronjob_scripts/logs/bring_slack_to_front.scpt.030423_000000.log
 create mode 100644 NCI-02227555-ML/scripts/cronjob_scripts/logs/bring_slack_to_front.scpt.030423_010008.log
 create mode 100644 NCI-02227555-ML/scripts/cronjob_scripts/logs/bring_slack_to_front.scpt.030423_020151.log
 create mode 100644 NCI-02227555-ML/scripts/cronjob_scripts/logs/bring_slack_to_front.scpt.030423_070109.log
 create mode 100644 NCI-02227555-ML/scripts/cronjob_scripts/logs/bring_slack_to_front.scpt.030423_080000.log
 create mode 100644 NCI-02227555-ML/scripts/cronjob_scripts/logs/bring_slack_to_front.scpt.030523_170000.log
 create mode 100644 NCI-02227555-ML/scripts/cronjob_scripts/logs/bring_slack_to_front.scpt.030523_180000.log
 create mode 100644 NCI-02227555-ML/scripts/cronjob_scripts/logs/bring_slack_to_front.scpt.030523_190000.log
 create mode 100644 NCI-02227555-ML/scripts/cronjob_scripts/logs/bring_slack_to_front.scpt.030523_200000.log
 create mode 100644 NCI-02227555-ML/scripts/cronjob_scripts/logs/bring_slack_to_front.scpt.030523_210000.log
 create mode 100644 NCI-02227555-ML/scripts/cronjob_scripts/logs/bring_slack_to_front.scpt.030523_220000.log
 create mode 100644 NCI-02227555-ML/scripts/cronjob_scripts/logs/bring_slack_to_front.scpt.030523_230000.log
 create mode 100644 NCI-02227555-ML/scripts/cronjob_scripts/logs/bring_slack_to_front.scpt.030623_000001.log
 create mode 100644 NCI-02227555-ML/scripts/cronjob_scripts/logs/bring_slack_to_front.scpt.030623_010000.log
 create mode 100644 NCI-02227555-ML/scripts/cronjob_scripts/logs/bring_slack_to_front.scpt.030623_020000.log
 create mode 100644 NCI-02227555-ML/scripts/cronjob_scripts/logs/bring_slack_to_front.scpt.030623_030000.log
 create mode 100644 NCI-02227555-ML/scripts/cronjob_scripts/logs/bring_slack_to_front.scpt.030623_100000.log
 create mode 100644 NCI-02227555-ML/scripts/cronjob_scripts/logs/bring_slack_to_front.scpt.030623_110000.log
 create mode 100644 NCI-02227555-ML/scripts/cronjob_scripts/logs/bring_slack_to_front.scpt.030623_120000.log
 create mode 100644 NCI-02227555-ML/scripts/cronjob_scripts/logs/bring_slack_to_front.scpt.030623_130000.log
 create mode 100644 NCI-02227555-ML/scripts/cronjob_scripts/logs/bring_slack_to_front.scpt.030623_140001.log
 create mode 100644 NCI-02227555-ML/scripts/cronjob_scripts/logs/bring_slack_to_front.scpt.030623_150000.log
 create mode 100644 NCI-02227555-ML/scripts/cronjob_scripts/logs/bring_slack_to_front.scpt.030623_160001.log
 create mode 100644 NCI-02227555-ML/scripts/cronjob_scripts/logs/bring_slack_to_front.scpt.030623_170000.log
 create mode 100644 NCI-02227555-ML/scripts/cronjob_scripts/logs/bring_slack_to_front.scpt.030623_180000.log
 create mode 100644 NCI-02227555-ML/scripts/cronjob_scripts/logs/bring_slack_to_front.scpt.030623_190000.log
 create mode 100644 NCI-02227555-ML/scripts/cronjob_scripts/logs/bring_slack_to_front.scpt.030623_200000.log
 create mode 100644 NCI-02227555-ML/scripts/cronjob_scripts/logs/bring_slack_to_front.scpt.030623_220000.log
 create mode 100644 NCI-02227555-ML/scripts/cronjob_scripts/logs/bring_slack_to_front.scpt.030623_230000.log
 create mode 100644 NCI-02227555-ML/scripts/cronjob_scripts/logs/bring_slack_to_front.scpt.030723_000000.log
 create mode 100644 NCI-02227555-ML/scripts/cronjob_scripts/logs/bring_slack_to_front.scpt.030723_090000.log
 create mode 100644 NCI-02227555-ML/scripts/cronjob_scripts/logs/bring_slack_to_front.scpt.030723_100000.log
 create mode 100644 NCI-02227555-ML/scripts/cronjob_scripts/logs/commit_todos.sh.030223_100000.log
 create mode 100644 NCI-02227555-ML/scripts/cronjob_scripts/logs/commit_todos.sh.030323_100001.log
 create mode 100644 NCI-02227555-ML/scripts/cronjob_scripts/logs/commit_todos.sh.030623_100000.log
 create mode 100644 NCI-02227555-ML/scripts/cronjob_scripts/logs/commit_todos.sh.030723_100000.log
 create mode 100644 NCI-02227555-ML/scripts/cronjob_scripts/logs/github_activity_generator.sh.022823_110200.log
 create mode 100644 NCI-02227555-ML/scripts/cronjob_scripts/logs/github_activity_generator.sh.022823_120201.log
 create mode 100644 NCI-02227555-ML/scripts/cronjob_scripts/logs/github_activity_generator.sh.022823_130200.log
 create mode 100644 NCI-02227555-ML/scripts/cronjob_scripts/logs/github_activity_generator.sh.022823_140200.log
 create mode 100644 NCI-02227555-ML/scripts/cronjob_scripts/logs/github_activity_generator.sh.022823_150200.log
 create mode 100644 NCI-02227555-ML/scripts/cronjob_scripts/logs/github_activity_generator.sh.022823_160200.log
 create mode 100644 NCI-02227555-ML/scripts/cronjob_scripts/logs/github_activity_generator.sh.022823_170200.log
 create mode 100644 NCI-02227555-ML/scripts/cronjob_scripts/logs/github_activity_generator.sh.022823_180200.log
 create mode 100644 NCI-02227555-ML/scripts/cronjob_scripts/logs/github_activity_generator.sh.022823_190200.log
 create mode 100644 NCI-02227555-ML/scripts/cronjob_scripts/logs/github_activity_generator.sh.022823_200200.log
 create mode 100644 NCI-02227555-ML/scripts/cronjob_scripts/logs/github_activity_generator.sh.022823_210200.log
 create mode 100644 NCI-02227555-ML/scripts/cronjob_scripts/logs/github_activity_generator.sh.022823_230200.log
 create mode 100644 NCI-02227555-ML/scripts/cronjob_scripts/logs/github_activity_generator.sh.030123_000200.log
 create mode 100644 NCI-02227555-ML/scripts/cronjob_scripts/logs/github_activity_generator.sh.030123_010200.log
 create mode 100644 NCI-02227555-ML/scripts/cronjob_scripts/logs/github_activity_generator.sh.030123_020200.log
 create mode 100644 NCI-02227555-ML/scripts/cronjob_scripts/logs/github_activity_generator.sh.030123_070201.log
 create mode 100644 NCI-02227555-ML/scripts/cronjob_scripts/logs/github_activity_generator.sh.030123_090200.log
 create mode 100644 NCI-02227555-ML/scripts/cronjob_scripts/logs/github_activity_generator.sh.030123_120200.log
 create mode 100644 NCI-02227555-ML/scripts/cronjob_scripts/logs/github_activity_generator.sh.030123_130200.log
 create mode 100644 NCI-02227555-ML/scripts/cronjob_scripts/logs/github_activity_generator.sh.030123_140200.log
 create mode 100644 NCI-02227555-ML/scripts/cronjob_scripts/logs/github_activity_generator.sh.030123_150200.log
 create mode 100644 NCI-02227555-ML/scripts/cronjob_scripts/logs/github_activity_generator.sh.030123_160200.log
 create mode 100644 NCI-02227555-ML/scripts/cronjob_scripts/logs/github_activity_generator.sh.030123_170201.log
 create mode 100644 NCI-02227555-ML/scripts/cronjob_scripts/logs/github_activity_generator.sh.030123_180200.log
 create mode 100644 NCI-02227555-ML/scripts/cronjob_scripts/logs/github_activity_generator.sh.030123_200200.log
 create mode 100644 NCI-02227555-ML/scripts/cronjob_scripts/logs/github_activity_generator.sh.030123_220200.log
 create mode 100644 NCI-02227555-ML/scripts/cronjob_scripts/logs/github_activity_generator.sh.030123_230200.log
 create mode 100644 NCI-02227555-ML/scripts/cronjob_scripts/logs/github_activity_generator.sh.030223_010419.log
 create mode 100644 NCI-02227555-ML/scripts/cronjob_scripts/logs/github_activity_generator.sh.030223_070200.log
 create mode 100644 NCI-02227555-ML/scripts/cronjob_scripts/logs/github_activity_generator.sh.030223_080200.log
 create mode 100644 NCI-02227555-ML/scripts/cronjob_scripts/logs/github_activity_generator.sh.030223_100200.log
 create mode 100644 NCI-02227555-ML/scripts/cronjob_scripts/logs/github_activity_generator.sh.030223_110200.log
 create mode 100644 NCI-02227555-ML/scripts/cronjob_scripts/logs/github_activity_generator.sh.030223_120200.log
 create mode 100644 NCI-02227555-ML/scripts/cronjob_scripts/logs/github_activity_generator.sh.030223_130200.log
 create mode 100644 NCI-02227555-ML/scripts/cronjob_scripts/logs/github_activity_generator.sh.030223_140200.log
 create mode 100644 NCI-02227555-ML/scripts/cronjob_scripts/logs/github_activity_generator.sh.030223_150200.log
 create mode 100644 NCI-02227555-ML/scripts/cronjob_scripts/logs/github_activity_generator.sh.030223_160200.log
 create mode 100644 NCI-02227555-ML/scripts/cronjob_scripts/logs/github_activity_generator.sh.030223_170200.log
 create mode 100644 NCI-02227555-ML/scripts/cronjob_scripts/logs/github_activity_generator.sh.030223_180201.log
 create mode 100644 NCI-02227555-ML/scripts/cronjob_scripts/logs/github_activity_generator.sh.030223_190200.log
 create mode 100644 NCI-02227555-ML/scripts/cronjob_scripts/logs/github_activity_generator.sh.030223_200200.log
 create mode 100644 NCI-02227555-ML/scripts/cronjob_scripts/logs/github_activity_generator.sh.030223_210200.log
 create mode 100644 NCI-02227555-ML/scripts/cronjob_scripts/logs/github_activity_generator.sh.030223_220200.log
 create mode 100644 NCI-02227555-ML/scripts/cronjob_scripts/logs/github_activity_generator.sh.030223_230200.log
 create mode 100644 NCI-02227555-ML/scripts/cronjob_scripts/logs/github_activity_generator.sh.030323_000200.log
 create mode 100644 NCI-02227555-ML/scripts/cronjob_scripts/logs/github_activity_generator.sh.030323_030201.log
 create mode 100644 NCI-02227555-ML/scripts/cronjob_scripts/logs/github_activity_generator.sh.030323_040310.log
 create mode 100644 NCI-02227555-ML/scripts/cronjob_scripts/logs/github_activity_generator.sh.030323_050642.log
 create mode 100644 NCI-02227555-ML/scripts/cronjob_scripts/logs/github_activity_generator.sh.030323_060200.log
 create mode 100644 NCI-02227555-ML/scripts/cronjob_scripts/logs/github_activity_generator.sh.030323_100200.log
 create mode 100644 NCI-02227555-ML/scripts/cronjob_scripts/logs/github_activity_generator.sh.030323_110200.log
 create mode 100644 NCI-02227555-ML/scripts/cronjob_scripts/logs/github_activity_generator.sh.030323_120200.log
 create mode 100644 NCI-02227555-ML/scripts/cronjob_scripts/logs/github_activity_generator.sh.030323_130200.log
 create mode 100644 NCI-02227555-ML/scripts/cronjob_scripts/logs/github_activity_generator.sh.030323_140200.log
 create mode 100644 NCI-02227555-ML/scripts/cronjob_scripts/logs/github_activity_generator.sh.030323_150200.log
 create mode 100644 NCI-02227555-ML/scripts/cronjob_scripts/logs/github_activity_generator.sh.030323_160200.log
 create mode 100644 NCI-02227555-ML/scripts/cronjob_scripts/logs/github_activity_generator.sh.030323_170200.log
 create mode 100644 NCI-02227555-ML/scripts/cronjob_scripts/logs/github_activity_generator.sh.030323_210200.log
 create mode 100644 NCI-02227555-ML/scripts/cronjob_scripts/logs/github_activity_generator.sh.030323_220200.log
 create mode 100644 NCI-02227555-ML/scripts/cronjob_scripts/logs/github_activity_generator.sh.030323_230200.log
 create mode 100644 NCI-02227555-ML/scripts/cronjob_scripts/logs/github_activity_generator.sh.030423_000200.log
 create mode 100644 NCI-02227555-ML/scripts/cronjob_scripts/logs/github_activity_generator.sh.030423_010221.log
 create mode 100644 NCI-02227555-ML/scripts/cronjob_scripts/logs/github_activity_generator.sh.030423_020200.log
 create mode 100644 NCI-02227555-ML/scripts/cronjob_scripts/logs/github_activity_generator.sh.030423_070201.log
 create mode 100644 NCI-02227555-ML/scripts/cronjob_scripts/logs/github_activity_generator.sh.030423_080201.log
 create mode 100644 NCI-02227555-ML/scripts/cronjob_scripts/logs/github_activity_generator.sh.030523_170200.log
 create mode 100644 NCI-02227555-ML/scripts/cronjob_scripts/logs/github_activity_generator.sh.030523_180200.log
 create mode 100644 NCI-02227555-ML/scripts/cronjob_scripts/logs/github_activity_generator.sh.030523_190200.log
 create mode 100644 NCI-02227555-ML/scripts/cronjob_scripts/logs/github_activity_generator.sh.030523_200200.log
 create mode 100644 NCI-02227555-ML/scripts/cronjob_scripts/logs/github_activity_generator.sh.030523_210201.log
 create mode 100644 NCI-02227555-ML/scripts/cronjob_scripts/logs/github_activity_generator.sh.030523_220200.log
 create mode 100644 NCI-02227555-ML/scripts/cronjob_scripts/logs/github_activity_generator.sh.030523_230201.log
 create mode 100644 NCI-02227555-ML/scripts/cronjob_scripts/logs/github_activity_generator.sh.030623_000200.log
 create mode 100644 NCI-02227555-ML/scripts/cronjob_scripts/logs/github_activity_generator.sh.030623_010200.log
 create mode 100644 NCI-02227555-ML/scripts/cronjob_scripts/logs/github_activity_generator.sh.030623_020200.log
 create mode 100644 NCI-02227555-ML/scripts/cronjob_scripts/logs/github_activity_generator.sh.030623_030200.log
 create mode 100644 NCI-02227555-ML/scripts/cronjob_scripts/logs/github_activity_generator.sh.030623_100200.log
 create mode 100644 NCI-02227555-ML/scripts/cronjob_scripts/logs/github_activity_generator.sh.030623_110200.log
 create mode 100644 NCI-02227555-ML/scripts/cronjob_scripts/logs/github_activity_generator.sh.030623_120200.log
 create mode 100644 NCI-02227555-ML/scripts/cronjob_scripts/logs/github_activity_generator.sh.030623_130200.log
 create mode 100644 NCI-02227555-ML/scripts/cronjob_scripts/logs/github_activity_generator.sh.030623_140200.log
 create mode 100644 NCI-02227555-ML/scripts/cronjob_scripts/logs/github_activity_generator.sh.030623_150201.log
 create mode 100644 NCI-02227555-ML/scripts/cronjob_scripts/logs/github_activity_generator.sh.030623_160200.log
 create mode 100644 NCI-02227555-ML/scripts/cronjob_scripts/logs/github_activity_generator.sh.030623_170200.log
 create mode 100644 NCI-02227555-ML/scripts/cronjob_scripts/logs/github_activity_generator.sh.030623_180200.log
 create mode 100644 NCI-02227555-ML/scripts/cronjob_scripts/logs/github_activity_generator.sh.030623_190200.log
 create mode 100644 NCI-02227555-ML/scripts/cronjob_scripts/logs/github_activity_generator.sh.030623_200200.log
 create mode 100644 NCI-02227555-ML/scripts/cronjob_scripts/logs/github_activity_generator.sh.030623_220201.log
 create mode 100644 NCI-02227555-ML/scripts/cronjob_scripts/logs/github_activity_generator.sh.030623_230200.log
 create mode 100644 NCI-02227555-ML/scripts/cronjob_scripts/logs/github_activity_generator.sh.030723_000200.log
 create mode 100644 NCI-02227555-ML/scripts/cronjob_scripts/logs/github_activity_generator.sh.030723_070201.log
 create mode 100644 NCI-02227555-ML/scripts/cronjob_scripts/logs/github_activity_generator.sh.030723_090200.log
 create mode 100644 NCI-02227555-ML/scripts/cronjob_scripts/logs/github_activity_generator.sh.030723_100200.log
 create mode 100644 NCI-02227555-ML/scripts/cronjob_scripts/logs/kill_brave_browser.sh.022823_110100.log
 create mode 100644 NCI-02227555-ML/scripts/cronjob_scripts/logs/kill_brave_browser.sh.022823_120100.log
 create mode 100644 NCI-02227555-ML/scripts/cronjob_scripts/logs/kill_brave_browser.sh.022823_130100.log
 create mode 100644 NCI-02227555-ML/scripts/cronjob_scripts/logs/kill_brave_browser.sh.022823_140100.log
 create mode 100644 NCI-02227555-ML/scripts/cronjob_scripts/logs/kill_brave_browser.sh.022823_150100.log
 create mode 100644 NCI-02227555-ML/scripts/cronjob_scripts/logs/kill_brave_browser.sh.022823_160101.log
 create mode 100644 NCI-02227555-ML/scripts/cronjob_scripts/logs/kill_brave_browser.sh.022823_170100.log
 create mode 100644 NCI-02227555-ML/scripts/cronjob_scripts/logs/kill_brave_browser.sh.022823_180100.log
 create mode 100644 NCI-02227555-ML/scripts/cronjob_scripts/logs/kill_brave_browser.sh.022823_190100.log
 create mode 100644 NCI-02227555-ML/scripts/cronjob_scripts/logs/kill_brave_browser.sh.022823_200100.log
 create mode 100644 NCI-02227555-ML/scripts/cronjob_scripts/logs/kill_brave_browser.sh.022823_210100.log
 create mode 100644 NCI-02227555-ML/scripts/cronjob_scripts/logs/kill_brave_browser.sh.022823_230100.log
 create mode 100644 NCI-02227555-ML/scripts/cronjob_scripts/logs/kill_brave_browser.sh.030123_000100.log
 create mode 100644 NCI-02227555-ML/scripts/cronjob_scripts/logs/kill_brave_browser.sh.030123_010101.log
 create mode 100644 NCI-02227555-ML/scripts/cronjob_scripts/logs/kill_brave_browser.sh.030123_020100.log
 create mode 100644 NCI-02227555-ML/scripts/cronjob_scripts/logs/kill_brave_browser.sh.030123_070101.log
 create mode 100644 NCI-02227555-ML/scripts/cronjob_scripts/logs/kill_brave_browser.sh.030123_090100.log
 create mode 100644 NCI-02227555-ML/scripts/cronjob_scripts/logs/kill_brave_browser.sh.030123_120101.log
 create mode 100644 NCI-02227555-ML/scripts/cronjob_scripts/logs/kill_brave_browser.sh.030123_130100.log
 create mode 100644 NCI-02227555-ML/scripts/cronjob_scripts/logs/kill_brave_browser.sh.030123_140100.log
 create mode 100644 NCI-02227555-ML/scripts/cronjob_scripts/logs/kill_brave_browser.sh.030123_150100.log
 create mode 100644 NCI-02227555-ML/scripts/cronjob_scripts/logs/kill_brave_browser.sh.030123_160100.log
 create mode 100644 NCI-02227555-ML/scripts/cronjob_scripts/logs/kill_brave_browser.sh.030123_170100.log
 create mode 100644 NCI-02227555-ML/scripts/cronjob_scripts/logs/kill_brave_browser.sh.030123_180100.log
 create mode 100644 NCI-02227555-ML/scripts/cronjob_scripts/logs/kill_brave_browser.sh.030123_200100.log
 create mode 100644 NCI-02227555-ML/scripts/cronjob_scripts/logs/kill_brave_browser.sh.030123_220100.log
 create mode 100644 NCI-02227555-ML/scripts/cronjob_scripts/logs/kill_brave_browser.sh.030123_230100.log
 create mode 100644 NCI-02227555-ML/scripts/cronjob_scripts/logs/kill_brave_browser.sh.030223_010101.log
 create mode 100644 NCI-02227555-ML/scripts/cronjob_scripts/logs/kill_brave_browser.sh.030223_070100.log
 create mode 100644 NCI-02227555-ML/scripts/cronjob_scripts/logs/kill_brave_browser.sh.030223_080100.log
 create mode 100644 NCI-02227555-ML/scripts/cronjob_scripts/logs/kill_brave_browser.sh.030223_100100.log
 create mode 100644 NCI-02227555-ML/scripts/cronjob_scripts/logs/kill_brave_browser.sh.030223_110101.log
 create mode 100644 NCI-02227555-ML/scripts/cronjob_scripts/logs/kill_brave_browser.sh.030223_120100.log
 create mode 100644 NCI-02227555-ML/scripts/cronjob_scripts/logs/kill_brave_browser.sh.030223_130100.log
 create mode 100644 NCI-02227555-ML/scripts/cronjob_scripts/logs/kill_brave_browser.sh.030223_140100.log
 create mode 100644 NCI-02227555-ML/scripts/cronjob_scripts/logs/kill_brave_browser.sh.030223_150100.log
 create mode 100644 NCI-02227555-ML/scripts/cronjob_scripts/logs/kill_brave_browser.sh.030223_160100.log
 create mode 100644 NCI-02227555-ML/scripts/cronjob_scripts/logs/kill_brave_browser.sh.030223_170100.log
 create mode 100644 NCI-02227555-ML/scripts/cronjob_scripts/logs/kill_brave_browser.sh.030223_180100.log
 create mode 100644 NCI-02227555-ML/scripts/cronjob_scripts/logs/kill_brave_browser.sh.030223_190100.log
 create mode 100644 NCI-02227555-ML/scripts/cronjob_scripts/logs/kill_brave_browser.sh.030223_200101.log
 create mode 100644 NCI-02227555-ML/scripts/cronjob_scripts/logs/kill_brave_browser.sh.030223_210100.log
 create mode 100644 NCI-02227555-ML/scripts/cronjob_scripts/logs/kill_brave_browser.sh.030223_220100.log
 create mode 100644 NCI-02227555-ML/scripts/cronjob_scripts/logs/kill_brave_browser.sh.030223_230100.log
 create mode 100644 NCI-02227555-ML/scripts/cronjob_scripts/logs/kill_brave_browser.sh.030323_000100.log
 create mode 100644 NCI-02227555-ML/scripts/cronjob_scripts/logs/kill_brave_browser.sh.030323_030100.log
 create mode 100644 NCI-02227555-ML/scripts/cronjob_scripts/logs/kill_brave_browser.sh.030323_040310.log
 create mode 100644 NCI-02227555-ML/scripts/cronjob_scripts/logs/kill_brave_browser.sh.030323_050642.log
 create mode 100644 NCI-02227555-ML/scripts/cronjob_scripts/logs/kill_brave_browser.sh.030323_060155.log
 create mode 100644 NCI-02227555-ML/scripts/cronjob_scripts/logs/kill_brave_browser.sh.030323_100100.log
 create mode 100644 NCI-02227555-ML/scripts/cronjob_scripts/logs/kill_brave_browser.sh.030323_110100.log
 create mode 100644 NCI-02227555-ML/scripts/cronjob_scripts/logs/kill_brave_browser.sh.030323_120100.log
 create mode 100644 NCI-02227555-ML/scripts/cronjob_scripts/logs/kill_brave_browser.sh.030323_130100.log
 create mode 100644 NCI-02227555-ML/scripts/cronjob_scripts/logs/kill_brave_browser.sh.030323_140100.log
 create mode 100644 NCI-02227555-ML/scripts/cronjob_scripts/logs/kill_brave_browser.sh.030323_150101.log
 create mode 100644 NCI-02227555-ML/scripts/cronjob_scripts/logs/kill_brave_browser.sh.030323_160101.log
 create mode 100644 NCI-02227555-ML/scripts/cronjob_scripts/logs/kill_brave_browser.sh.030323_170100.log
 create mode 100644 NCI-02227555-ML/scripts/cronjob_scripts/logs/kill_brave_browser.sh.030323_180101.log
 create mode 100644 NCI-02227555-ML/scripts/cronjob_scripts/logs/kill_brave_browser.sh.030323_210100.log
 create mode 100644 NCI-02227555-ML/scripts/cronjob_scripts/logs/kill_brave_browser.sh.030323_220100.log
 create mode 100644 NCI-02227555-ML/scripts/cronjob_scripts/logs/kill_brave_browser.sh.030323_230100.log
 create mode 100644 NCI-02227555-ML/scripts/cronjob_scripts/logs/kill_brave_browser.sh.030423_000100.log
 create mode 100644 NCI-02227555-ML/scripts/cronjob_scripts/logs/kill_brave_browser.sh.030423_010100.log
 create mode 100644 NCI-02227555-ML/scripts/cronjob_scripts/logs/kill_brave_browser.sh.030423_020151.log
 create mode 100644 NCI-02227555-ML/scripts/cronjob_scripts/logs/kill_brave_browser.sh.030423_070109.log
 create mode 100644 NCI-02227555-ML/scripts/cronjob_scripts/logs/kill_brave_browser.sh.030423_080101.log
 create mode 100644 NCI-02227555-ML/scripts/cronjob_scripts/logs/kill_brave_browser.sh.030523_170100.log
 create mode 100644 NCI-02227555-ML/scripts/cronjob_scripts/logs/kill_brave_browser.sh.030523_180100.log
 create mode 100644 NCI-02227555-ML/scripts/cronjob_scripts/logs/kill_brave_browser.sh.030523_190100.log
 create mode 100644 NCI-02227555-ML/scripts/cronjob_scripts/logs/kill_brave_browser.sh.030523_200100.log
 create mode 100644 NCI-02227555-ML/scripts/cronjob_scripts/logs/kill_brave_browser.sh.030523_210100.log
 create mode 100644 NCI-02227555-ML/scripts/cronjob_scripts/logs/kill_brave_browser.sh.030523_220100.log
 create mode 100644 NCI-02227555-ML/scripts/cronjob_scripts/logs/kill_brave_browser.sh.030523_230100.log
 create mode 100644 NCI-02227555-ML/scripts/cronjob_scripts/logs/kill_brave_browser.sh.030623_000100.log
 create mode 100644 NCI-02227555-ML/scripts/cronjob_scripts/logs/kill_brave_browser.sh.030623_010102.log
 create mode 100644 NCI-02227555-ML/scripts/cronjob_scripts/logs/kill_brave_browser.sh.030623_020100.log
 create mode 100644 NCI-02227555-ML/scripts/cronjob_scripts/logs/kill_brave_browser.sh.030623_030100.log
 create mode 100644 NCI-02227555-ML/scripts/cronjob_scripts/logs/kill_brave_browser.sh.030623_100100.log
 create mode 100644 NCI-02227555-ML/scripts/cronjob_scripts/logs/kill_brave_browser.sh.030623_110100.log
 create mode 100644 NCI-02227555-ML/scripts/cronjob_scripts/logs/kill_brave_browser.sh.030623_120100.log
 create mode 100644 NCI-02227555-ML/scripts/cronjob_scripts/logs/kill_brave_browser.sh.030623_130100.log
 create mode 100644 NCI-02227555-ML/scripts/cronjob_scripts/logs/kill_brave_browser.sh.030623_140101.log
 create mode 100644 NCI-02227555-ML/scripts/cronjob_scripts/logs/kill_brave_browser.sh.030623_150100.log
 create mode 100644 NCI-02227555-ML/scripts/cronjob_scripts/logs/kill_brave_browser.sh.030623_160101.log
 create mode 100644 NCI-02227555-ML/scripts/cronjob_scripts/logs/kill_brave_browser.sh.030623_170100.log
 create mode 100644 NCI-02227555-ML/scripts/cronjob_scripts/logs/kill_brave_browser.sh.030623_180100.log
 create mode 100644 NCI-02227555-ML/scripts/cronjob_scripts/logs/kill_brave_browser.sh.030623_190100.log
 create mode 100644 NCI-02227555-ML/scripts/cronjob_scripts/logs/kill_brave_browser.sh.030623_200100.log
 create mode 100644 NCI-02227555-ML/scripts/cronjob_scripts/logs/kill_brave_browser.sh.030623_220100.log
 create mode 100644 NCI-02227555-ML/scripts/cronjob_scripts/logs/kill_brave_browser.sh.030623_230100.log
 create mode 100644 NCI-02227555-ML/scripts/cronjob_scripts/logs/kill_brave_browser.sh.030723_000100.log
 create mode 100644 NCI-02227555-ML/scripts/cronjob_scripts/logs/kill_brave_browser.sh.030723_090100.log
 create mode 100644 NCI-02227555-ML/scripts/cronjob_scripts/logs/kill_brave_browser.sh.030723_100100.log
 create mode 100644 NCI-02227555-ML/scripts/cronjob_scripts/logs/kill_password_boss.sh.022823_120000.log
 create mode 100644 NCI-02227555-ML/scripts/cronjob_scripts/logs/kill_password_boss.sh.022823_160000.log
 create mode 100644 NCI-02227555-ML/scripts/cronjob_scripts/logs/kill_password_boss.sh.022823_200000.log
 create mode 100644 NCI-02227555-ML/scripts/cronjob_scripts/logs/kill_password_boss.sh.030123_000000.log
 create mode 100644 NCI-02227555-ML/scripts/cronjob_scripts/logs/kill_password_boss.sh.030123_120000.log
 create mode 100644 NCI-02227555-ML/scripts/cronjob_scripts/logs/kill_password_boss.sh.030123_160000.log
 create mode 100644 NCI-02227555-ML/scripts/cronjob_scripts/logs/kill_password_boss.sh.030123_200000.log
 create mode 100644 NCI-02227555-ML/scripts/cronjob_scripts/logs/kill_password_boss.sh.030223_080000.log
 create mode 100644 NCI-02227555-ML/scripts/cronjob_scripts/logs/kill_password_boss.sh.030223_120000.log
 create mode 100644 NCI-02227555-ML/scripts/cronjob_scripts/logs/kill_password_boss.sh.030223_160000.log
 create mode 100644 NCI-02227555-ML/scripts/cronjob_scripts/logs/kill_password_boss.sh.030223_200000.log
 create mode 100644 NCI-02227555-ML/scripts/cronjob_scripts/logs/kill_password_boss.sh.030323_000000.log
 create mode 100644 NCI-02227555-ML/scripts/cronjob_scripts/logs/kill_password_boss.sh.030323_040310.log
 create mode 100644 NCI-02227555-ML/scripts/cronjob_scripts/logs/kill_password_boss.sh.030323_120000.log
 create mode 100644 NCI-02227555-ML/scripts/cronjob_scripts/logs/kill_password_boss.sh.030323_160000.log
 create mode 100644 NCI-02227555-ML/scripts/cronjob_scripts/logs/kill_password_boss.sh.030423_000000.log
 create mode 100644 NCI-02227555-ML/scripts/cronjob_scripts/logs/kill_password_boss.sh.030423_080000.log
 create mode 100644 NCI-02227555-ML/scripts/cronjob_scripts/logs/kill_password_boss.sh.030523_200000.log
 create mode 100644 NCI-02227555-ML/scripts/cronjob_scripts/logs/kill_password_boss.sh.030623_000001.log
 create mode 100644 NCI-02227555-ML/scripts/cronjob_scripts/logs/kill_password_boss.sh.030623_120000.log
 create mode 100644 NCI-02227555-ML/scripts/cronjob_scripts/logs/kill_password_boss.sh.030623_160001.log
 create mode 100644 NCI-02227555-ML/scripts/cronjob_scripts/logs/kill_password_boss.sh.030623_200000.log
 create mode 100644 NCI-02227555-ML/scripts/cronjob_scripts/logs/kill_password_boss.sh.030723_000000.log
 create mode 100644 NCI-02227555-ML/scripts/cronjob_scripts/logs/run_monthly.sh.030723_102000.log
+ git push
To github.com:kopardev/configscriptsetc.git
   93e80bb..7a5dce7  master -> master
