++ date +%D
++ sed s@/@@g
+ dt=062822
+ crontab -l
+ cd /Users/kopardevn/Documents/GitRepos/configscriptsetc
+ git add .
+ git commit -m 'push on 062822'
[master 8b7de20] push on 062822
 531 files changed, 1591 insertions(+)
 create mode 100644 NCI-02227555-ML/scripts/cronjob_scripts/crontab.bak/crontab.bak.062822
 create mode 100644 NCI-02227555-ML/scripts/cronjob_scripts/logs/bring_slack_to_front.scpt.062122_110000.log
 create mode 100644 NCI-02227555-ML/scripts/cronjob_scripts/logs/bring_slack_to_front.scpt.062122_120000.log
 create mode 100644 NCI-02227555-ML/scripts/cronjob_scripts/logs/bring_slack_to_front.scpt.062122_130000.log
 create mode 100644 NCI-02227555-ML/scripts/cronjob_scripts/logs/bring_slack_to_front.scpt.062122_140000.log
 create mode 100644 NCI-02227555-ML/scripts/cronjob_scripts/logs/bring_slack_to_front.scpt.062122_150000.log
 create mode 100644 NCI-02227555-ML/scripts/cronjob_scripts/logs/bring_slack_to_front.scpt.062122_160001.log
 create mode 100644 NCI-02227555-ML/scripts/cronjob_scripts/logs/bring_slack_to_front.scpt.062122_170000.log
 create mode 100644 NCI-02227555-ML/scripts/cronjob_scripts/logs/bring_slack_to_front.scpt.062122_180000.log
 create mode 100644 NCI-02227555-ML/scripts/cronjob_scripts/logs/bring_slack_to_front.scpt.062122_190001.log
 create mode 100644 NCI-02227555-ML/scripts/cronjob_scripts/logs/bring_slack_to_front.scpt.062122_200000.log
 create mode 100644 NCI-02227555-ML/scripts/cronjob_scripts/logs/bring_slack_to_front.scpt.062122_210000.log
 create mode 100644 NCI-02227555-ML/scripts/cronjob_scripts/logs/bring_slack_to_front.scpt.062122_220000.log
 create mode 100644 NCI-02227555-ML/scripts/cronjob_scripts/logs/bring_slack_to_front.scpt.062122_230000.log
 create mode 100644 NCI-02227555-ML/scripts/cronjob_scripts/logs/bring_slack_to_front.scpt.062222_000000.log
 create mode 100644 NCI-02227555-ML/scripts/cronjob_scripts/logs/bring_slack_to_front.scpt.062222_010000.log
 create mode 100644 NCI-02227555-ML/scripts/cronjob_scripts/logs/bring_slack_to_front.scpt.062222_020000.log
 create mode 100644 NCI-02227555-ML/scripts/cronjob_scripts/logs/bring_slack_to_front.scpt.062222_030000.log
 create mode 100644 NCI-02227555-ML/scripts/cronjob_scripts/logs/bring_slack_to_front.scpt.062222_040000.log
 create mode 100644 NCI-02227555-ML/scripts/cronjob_scripts/logs/bring_slack_to_front.scpt.062222_050000.log
 create mode 100644 NCI-02227555-ML/scripts/cronjob_scripts/logs/bring_slack_to_front.scpt.062222_060000.log
 create mode 100644 NCI-02227555-ML/scripts/cronjob_scripts/logs/bring_slack_to_front.scpt.062222_070000.log
 create mode 100644 NCI-02227555-ML/scripts/cronjob_scripts/logs/bring_slack_to_front.scpt.062222_080000.log
 create mode 100644 NCI-02227555-ML/scripts/cronjob_scripts/logs/bring_slack_to_front.scpt.062222_090001.log
 create mode 100644 NCI-02227555-ML/scripts/cronjob_scripts/logs/bring_slack_to_front.scpt.062222_100000.log
 create mode 100644 NCI-02227555-ML/scripts/cronjob_scripts/logs/bring_slack_to_front.scpt.062222_110000.log
 create mode 100644 NCI-02227555-ML/scripts/cronjob_scripts/logs/bring_slack_to_front.scpt.062222_120000.log
 create mode 100644 NCI-02227555-ML/scripts/cronjob_scripts/logs/bring_slack_to_front.scpt.062222_130000.log
 create mode 100644 NCI-02227555-ML/scripts/cronjob_scripts/logs/bring_slack_to_front.scpt.062222_140000.log
 create mode 100644 NCI-02227555-ML/scripts/cronjob_scripts/logs/bring_slack_to_front.scpt.062222_150000.log
 create mode 100644 NCI-02227555-ML/scripts/cronjob_scripts/logs/bring_slack_to_front.scpt.062222_160000.log
 create mode 100644 NCI-02227555-ML/scripts/cronjob_scripts/logs/bring_slack_to_front.scpt.062222_170000.log
 create mode 100644 NCI-02227555-ML/scripts/cronjob_scripts/logs/bring_slack_to_front.scpt.062222_180000.log
 create mode 100644 NCI-02227555-ML/scripts/cronjob_scripts/logs/bring_slack_to_front.scpt.062222_190000.log
 create mode 100644 NCI-02227555-ML/scripts/cronjob_scripts/logs/bring_slack_to_front.scpt.062222_200000.log
 create mode 100644 NCI-02227555-ML/scripts/cronjob_scripts/logs/bring_slack_to_front.scpt.062222_210000.log
 create mode 100644 NCI-02227555-ML/scripts/cronjob_scripts/logs/bring_slack_to_front.scpt.062222_220000.log
 create mode 100644 NCI-02227555-ML/scripts/cronjob_scripts/logs/bring_slack_to_front.scpt.062222_230000.log
 create mode 100644 NCI-02227555-ML/scripts/cronjob_scripts/logs/bring_slack_to_front.scpt.062322_000000.log
 create mode 100644 NCI-02227555-ML/scripts/cronjob_scripts/logs/bring_slack_to_front.scpt.062322_010000.log
 create mode 100644 NCI-02227555-ML/scripts/cronjob_scripts/logs/bring_slack_to_front.scpt.062322_020000.log
 create mode 100644 NCI-02227555-ML/scripts/cronjob_scripts/logs/bring_slack_to_front.scpt.062322_030000.log
 create mode 100644 NCI-02227555-ML/scripts/cronjob_scripts/logs/bring_slack_to_front.scpt.062322_040000.log
 create mode 100644 NCI-02227555-ML/scripts/cronjob_scripts/logs/bring_slack_to_front.scpt.062322_050000.log
 create mode 100644 NCI-02227555-ML/scripts/cronjob_scripts/logs/bring_slack_to_front.scpt.062322_060000.log
 create mode 100644 NCI-02227555-ML/scripts/cronjob_scripts/logs/bring_slack_to_front.scpt.062322_070000.log
 create mode 100644 NCI-02227555-ML/scripts/cronjob_scripts/logs/bring_slack_to_front.scpt.062322_080000.log
 create mode 100644 NCI-02227555-ML/scripts/cronjob_scripts/logs/bring_slack_to_front.scpt.062322_090000.log
 create mode 100644 NCI-02227555-ML/scripts/cronjob_scripts/logs/bring_slack_to_front.scpt.062322_100000.log
 create mode 100644 NCI-02227555-ML/scripts/cronjob_scripts/logs/bring_slack_to_front.scpt.062322_110000.log
 create mode 100644 NCI-02227555-ML/scripts/cronjob_scripts/logs/bring_slack_to_front.scpt.062322_120000.log
 create mode 100644 NCI-02227555-ML/scripts/cronjob_scripts/logs/bring_slack_to_front.scpt.062322_130000.log
 create mode 100644 NCI-02227555-ML/scripts/cronjob_scripts/logs/bring_slack_to_front.scpt.062322_140000.log
 create mode 100644 NCI-02227555-ML/scripts/cronjob_scripts/logs/bring_slack_to_front.scpt.062322_150000.log
 create mode 100644 NCI-02227555-ML/scripts/cronjob_scripts/logs/bring_slack_to_front.scpt.062322_160000.log
 create mode 100644 NCI-02227555-ML/scripts/cronjob_scripts/logs/bring_slack_to_front.scpt.062322_170000.log
 create mode 100644 NCI-02227555-ML/scripts/cronjob_scripts/logs/bring_slack_to_front.scpt.062322_180000.log
 create mode 100644 NCI-02227555-ML/scripts/cronjob_scripts/logs/bring_slack_to_front.scpt.062322_190000.log
 create mode 100644 NCI-02227555-ML/scripts/cronjob_scripts/logs/bring_slack_to_front.scpt.062322_200000.log
 create mode 100644 NCI-02227555-ML/scripts/cronjob_scripts/logs/bring_slack_to_front.scpt.062322_210000.log
 create mode 100644 NCI-02227555-ML/scripts/cronjob_scripts/logs/bring_slack_to_front.scpt.062322_220000.log
 create mode 100644 NCI-02227555-ML/scripts/cronjob_scripts/logs/bring_slack_to_front.scpt.062322_230000.log
 create mode 100644 NCI-02227555-ML/scripts/cronjob_scripts/logs/bring_slack_to_front.scpt.062422_000000.log
 create mode 100644 NCI-02227555-ML/scripts/cronjob_scripts/logs/bring_slack_to_front.scpt.062422_010000.log
 create mode 100644 NCI-02227555-ML/scripts/cronjob_scripts/logs/bring_slack_to_front.scpt.062422_020000.log
 create mode 100644 NCI-02227555-ML/scripts/cronjob_scripts/logs/bring_slack_to_front.scpt.062422_030001.log
 create mode 100644 NCI-02227555-ML/scripts/cronjob_scripts/logs/bring_slack_to_front.scpt.062422_040000.log
 create mode 100644 NCI-02227555-ML/scripts/cronjob_scripts/logs/bring_slack_to_front.scpt.062422_050000.log
 create mode 100644 NCI-02227555-ML/scripts/cronjob_scripts/logs/bring_slack_to_front.scpt.062422_060000.log
 create mode 100644 NCI-02227555-ML/scripts/cronjob_scripts/logs/bring_slack_to_front.scpt.062422_070000.log
 create mode 100644 NCI-02227555-ML/scripts/cronjob_scripts/logs/bring_slack_to_front.scpt.062422_080001.log
 create mode 100644 NCI-02227555-ML/scripts/cronjob_scripts/logs/bring_slack_to_front.scpt.062422_090000.log
 create mode 100644 NCI-02227555-ML/scripts/cronjob_scripts/logs/bring_slack_to_front.scpt.062422_100001.log
 create mode 100644 NCI-02227555-ML/scripts/cronjob_scripts/logs/bring_slack_to_front.scpt.062422_110000.log
 create mode 100644 NCI-02227555-ML/scripts/cronjob_scripts/logs/bring_slack_to_front.scpt.062422_120001.log
 create mode 100644 NCI-02227555-ML/scripts/cronjob_scripts/logs/bring_slack_to_front.scpt.062422_130000.log
 create mode 100644 NCI-02227555-ML/scripts/cronjob_scripts/logs/bring_slack_to_front.scpt.062422_140000.log
 create mode 100644 NCI-02227555-ML/scripts/cronjob_scripts/logs/bring_slack_to_front.scpt.062422_150000.log
 create mode 100644 NCI-02227555-ML/scripts/cronjob_scripts/logs/bring_slack_to_front.scpt.062422_160000.log
 create mode 100644 NCI-02227555-ML/scripts/cronjob_scripts/logs/bring_slack_to_front.scpt.062422_170000.log
 create mode 100644 NCI-02227555-ML/scripts/cronjob_scripts/logs/bring_slack_to_front.scpt.062422_180000.log
 create mode 100644 NCI-02227555-ML/scripts/cronjob_scripts/logs/bring_slack_to_front.scpt.062422_190000.log
 create mode 100644 NCI-02227555-ML/scripts/cronjob_scripts/logs/bring_slack_to_front.scpt.062422_200001.log
 create mode 100644 NCI-02227555-ML/scripts/cronjob_scripts/logs/bring_slack_to_front.scpt.062422_210000.log
 create mode 100644 NCI-02227555-ML/scripts/cronjob_scripts/logs/bring_slack_to_front.scpt.062422_220004.log
 create mode 100644 NCI-02227555-ML/scripts/cronjob_scripts/logs/bring_slack_to_front.scpt.062422_230001.log
 create mode 100644 NCI-02227555-ML/scripts/cronjob_scripts/logs/bring_slack_to_front.scpt.062522_000000.log
 create mode 100644 NCI-02227555-ML/scripts/cronjob_scripts/logs/bring_slack_to_front.scpt.062522_010000.log
 create mode 100644 NCI-02227555-ML/scripts/cronjob_scripts/logs/bring_slack_to_front.scpt.062522_020000.log
 create mode 100644 NCI-02227555-ML/scripts/cronjob_scripts/logs/bring_slack_to_front.scpt.062522_030000.log
 create mode 100644 NCI-02227555-ML/scripts/cronjob_scripts/logs/bring_slack_to_front.scpt.062522_040000.log
 create mode 100644 NCI-02227555-ML/scripts/cronjob_scripts/logs/bring_slack_to_front.scpt.062522_050000.log
 create mode 100644 NCI-02227555-ML/scripts/cronjob_scripts/logs/bring_slack_to_front.scpt.062522_060000.log
 create mode 100644 NCI-02227555-ML/scripts/cronjob_scripts/logs/bring_slack_to_front.scpt.062522_070000.log
 create mode 100644 NCI-02227555-ML/scripts/cronjob_scripts/logs/bring_slack_to_front.scpt.062522_080000.log
 create mode 100644 NCI-02227555-ML/scripts/cronjob_scripts/logs/bring_slack_to_front.scpt.062522_090000.log
 create mode 100644 NCI-02227555-ML/scripts/cronjob_scripts/logs/bring_slack_to_front.scpt.062522_100000.log
 create mode 100644 NCI-02227555-ML/scripts/cronjob_scripts/logs/bring_slack_to_front.scpt.062522_110001.log
 create mode 100644 NCI-02227555-ML/scripts/cronjob_scripts/logs/bring_slack_to_front.scpt.062522_120000.log
 create mode 100644 NCI-02227555-ML/scripts/cronjob_scripts/logs/bring_slack_to_front.scpt.062522_130000.log
 create mode 100644 NCI-02227555-ML/scripts/cronjob_scripts/logs/bring_slack_to_front.scpt.062522_140000.log
 create mode 100644 NCI-02227555-ML/scripts/cronjob_scripts/logs/bring_slack_to_front.scpt.062522_150000.log
 create mode 100644 NCI-02227555-ML/scripts/cronjob_scripts/logs/bring_slack_to_front.scpt.062522_160000.log
 create mode 100644 NCI-02227555-ML/scripts/cronjob_scripts/logs/bring_slack_to_front.scpt.062522_170000.log
 create mode 100644 NCI-02227555-ML/scripts/cronjob_scripts/logs/bring_slack_to_front.scpt.062522_180000.log
 create mode 100644 NCI-02227555-ML/scripts/cronjob_scripts/logs/bring_slack_to_front.scpt.062522_190000.log
 create mode 100644 NCI-02227555-ML/scripts/cronjob_scripts/logs/bring_slack_to_front.scpt.062522_200001.log
 create mode 100644 NCI-02227555-ML/scripts/cronjob_scripts/logs/bring_slack_to_front.scpt.062522_210000.log
 create mode 100644 NCI-02227555-ML/scripts/cronjob_scripts/logs/bring_slack_to_front.scpt.062522_220000.log
 create mode 100644 NCI-02227555-ML/scripts/cronjob_scripts/logs/bring_slack_to_front.scpt.062522_230000.log
 create mode 100644 NCI-02227555-ML/scripts/cronjob_scripts/logs/bring_slack_to_front.scpt.062622_000000.log
 create mode 100644 NCI-02227555-ML/scripts/cronjob_scripts/logs/bring_slack_to_front.scpt.062622_010000.log
 create mode 100644 NCI-02227555-ML/scripts/cronjob_scripts/logs/bring_slack_to_front.scpt.062622_020000.log
 create mode 100644 NCI-02227555-ML/scripts/cronjob_scripts/logs/bring_slack_to_front.scpt.062622_030000.log
 create mode 100644 NCI-02227555-ML/scripts/cronjob_scripts/logs/bring_slack_to_front.scpt.062622_040000.log
 create mode 100644 NCI-02227555-ML/scripts/cronjob_scripts/logs/bring_slack_to_front.scpt.062622_050000.log
 create mode 100644 NCI-02227555-ML/scripts/cronjob_scripts/logs/bring_slack_to_front.scpt.062622_060000.log
 create mode 100644 NCI-02227555-ML/scripts/cronjob_scripts/logs/bring_slack_to_front.scpt.062622_070000.log
 create mode 100644 NCI-02227555-ML/scripts/cronjob_scripts/logs/bring_slack_to_front.scpt.062622_080000.log
 create mode 100644 NCI-02227555-ML/scripts/cronjob_scripts/logs/bring_slack_to_front.scpt.062622_090000.log
 create mode 100644 NCI-02227555-ML/scripts/cronjob_scripts/logs/bring_slack_to_front.scpt.062622_100000.log
 create mode 100644 NCI-02227555-ML/scripts/cronjob_scripts/logs/bring_slack_to_front.scpt.062622_110000.log
 create mode 100644 NCI-02227555-ML/scripts/cronjob_scripts/logs/bring_slack_to_front.scpt.062622_120000.log
 create mode 100644 NCI-02227555-ML/scripts/cronjob_scripts/logs/bring_slack_to_front.scpt.062622_130000.log
 create mode 100644 NCI-02227555-ML/scripts/cronjob_scripts/logs/bring_slack_to_front.scpt.062622_140000.log
 create mode 100644 NCI-02227555-ML/scripts/cronjob_scripts/logs/bring_slack_to_front.scpt.062622_150000.log
 create mode 100644 NCI-02227555-ML/scripts/cronjob_scripts/logs/bring_slack_to_front.scpt.062622_160000.log
 create mode 100644 NCI-02227555-ML/scripts/cronjob_scripts/logs/bring_slack_to_front.scpt.062622_170000.log
 create mode 100644 NCI-02227555-ML/scripts/cronjob_scripts/logs/bring_slack_to_front.scpt.062622_180000.log
 create mode 100644 NCI-02227555-ML/scripts/cronjob_scripts/logs/bring_slack_to_front.scpt.062622_190000.log
 create mode 100644 NCI-02227555-ML/scripts/cronjob_scripts/logs/bring_slack_to_front.scpt.062622_200000.log
 create mode 100644 NCI-02227555-ML/scripts/cronjob_scripts/logs/bring_slack_to_front.scpt.062622_210000.log
 create mode 100644 NCI-02227555-ML/scripts/cronjob_scripts/logs/bring_slack_to_front.scpt.062622_220000.log
 create mode 100644 NCI-02227555-ML/scripts/cronjob_scripts/logs/bring_slack_to_front.scpt.062622_230000.log
 create mode 100644 NCI-02227555-ML/scripts/cronjob_scripts/logs/bring_slack_to_front.scpt.062722_000000.log
 create mode 100644 NCI-02227555-ML/scripts/cronjob_scripts/logs/bring_slack_to_front.scpt.062722_010000.log
 create mode 100644 NCI-02227555-ML/scripts/cronjob_scripts/logs/bring_slack_to_front.scpt.062722_020001.log
 create mode 100644 NCI-02227555-ML/scripts/cronjob_scripts/logs/bring_slack_to_front.scpt.062722_030000.log
 create mode 100644 NCI-02227555-ML/scripts/cronjob_scripts/logs/bring_slack_to_front.scpt.062722_040000.log
 create mode 100644 NCI-02227555-ML/scripts/cronjob_scripts/logs/bring_slack_to_front.scpt.062722_050000.log
 create mode 100644 NCI-02227555-ML/scripts/cronjob_scripts/logs/bring_slack_to_front.scpt.062722_060000.log
 create mode 100644 NCI-02227555-ML/scripts/cronjob_scripts/logs/bring_slack_to_front.scpt.062722_070000.log
 create mode 100644 NCI-02227555-ML/scripts/cronjob_scripts/logs/bring_slack_to_front.scpt.062722_080000.log
 create mode 100644 NCI-02227555-ML/scripts/cronjob_scripts/logs/bring_slack_to_front.scpt.062722_090001.log
 create mode 100644 NCI-02227555-ML/scripts/cronjob_scripts/logs/bring_slack_to_front.scpt.062722_100001.log
 create mode 100644 NCI-02227555-ML/scripts/cronjob_scripts/logs/bring_slack_to_front.scpt.062722_110001.log
 create mode 100644 NCI-02227555-ML/scripts/cronjob_scripts/logs/bring_slack_to_front.scpt.062722_120042.log
 create mode 100644 NCI-02227555-ML/scripts/cronjob_scripts/logs/bring_slack_to_front.scpt.062722_130000.log
 create mode 100644 NCI-02227555-ML/scripts/cronjob_scripts/logs/bring_slack_to_front.scpt.062722_140000.log
 create mode 100644 NCI-02227555-ML/scripts/cronjob_scripts/logs/bring_slack_to_front.scpt.062722_150000.log
 create mode 100644 NCI-02227555-ML/scripts/cronjob_scripts/logs/bring_slack_to_front.scpt.062722_160000.log
 create mode 100644 NCI-02227555-ML/scripts/cronjob_scripts/logs/bring_slack_to_front.scpt.062722_170001.log
 create mode 100644 NCI-02227555-ML/scripts/cronjob_scripts/logs/bring_slack_to_front.scpt.062722_180000.log
 create mode 100644 NCI-02227555-ML/scripts/cronjob_scripts/logs/bring_slack_to_front.scpt.062722_190001.log
 create mode 100644 NCI-02227555-ML/scripts/cronjob_scripts/logs/bring_slack_to_front.scpt.062722_200000.log
 create mode 100644 NCI-02227555-ML/scripts/cronjob_scripts/logs/bring_slack_to_front.scpt.062722_210000.log
 create mode 100644 NCI-02227555-ML/scripts/cronjob_scripts/logs/bring_slack_to_front.scpt.062722_220000.log
 create mode 100644 NCI-02227555-ML/scripts/cronjob_scripts/logs/bring_slack_to_front.scpt.062722_230000.log
 create mode 100644 NCI-02227555-ML/scripts/cronjob_scripts/logs/bring_slack_to_front.scpt.062822_000000.log
 create mode 100644 NCI-02227555-ML/scripts/cronjob_scripts/logs/bring_slack_to_front.scpt.062822_010000.log
 create mode 100644 NCI-02227555-ML/scripts/cronjob_scripts/logs/bring_slack_to_front.scpt.062822_100001.log
 create mode 100644 NCI-02227555-ML/scripts/cronjob_scripts/logs/commit_todos.sh.062222_100000.log
 create mode 100644 NCI-02227555-ML/scripts/cronjob_scripts/logs/commit_todos.sh.062322_100000.log
 create mode 100644 NCI-02227555-ML/scripts/cronjob_scripts/logs/commit_todos.sh.062422_100001.log
 create mode 100644 NCI-02227555-ML/scripts/cronjob_scripts/logs/commit_todos.sh.062522_100000.log
 create mode 100644 NCI-02227555-ML/scripts/cronjob_scripts/logs/commit_todos.sh.062622_100000.log
 create mode 100644 NCI-02227555-ML/scripts/cronjob_scripts/logs/commit_todos.sh.062722_100001.log
 create mode 100644 NCI-02227555-ML/scripts/cronjob_scripts/logs/commit_todos.sh.062822_100001.log
 create mode 100644 NCI-02227555-ML/scripts/cronjob_scripts/logs/github_activity_generator.sh.062122_110200.log
 create mode 100644 NCI-02227555-ML/scripts/cronjob_scripts/logs/github_activity_generator.sh.062122_120200.log
 create mode 100644 NCI-02227555-ML/scripts/cronjob_scripts/logs/github_activity_generator.sh.062122_130200.log
 create mode 100644 NCI-02227555-ML/scripts/cronjob_scripts/logs/github_activity_generator.sh.062122_140200.log
 create mode 100644 NCI-02227555-ML/scripts/cronjob_scripts/logs/github_activity_generator.sh.062122_150200.log
 create mode 100644 NCI-02227555-ML/scripts/cronjob_scripts/logs/github_activity_generator.sh.062122_160200.log
 create mode 100644 NCI-02227555-ML/scripts/cronjob_scripts/logs/github_activity_generator.sh.062122_170200.log
 create mode 100644 NCI-02227555-ML/scripts/cronjob_scripts/logs/github_activity_generator.sh.062122_180200.log
 create mode 100644 NCI-02227555-ML/scripts/cronjob_scripts/logs/github_activity_generator.sh.062122_190200.log
 create mode 100644 NCI-02227555-ML/scripts/cronjob_scripts/logs/github_activity_generator.sh.062122_200200.log
 create mode 100644 NCI-02227555-ML/scripts/cronjob_scripts/logs/github_activity_generator.sh.062122_210200.log
 create mode 100644 NCI-02227555-ML/scripts/cronjob_scripts/logs/github_activity_generator.sh.062122_220200.log
 create mode 100644 NCI-02227555-ML/scripts/cronjob_scripts/logs/github_activity_generator.sh.062122_230200.log
 create mode 100644 NCI-02227555-ML/scripts/cronjob_scripts/logs/github_activity_generator.sh.062222_000200.log
 create mode 100644 NCI-02227555-ML/scripts/cronjob_scripts/logs/github_activity_generator.sh.062222_010200.log
 create mode 100644 NCI-02227555-ML/scripts/cronjob_scripts/logs/github_activity_generator.sh.062222_020200.log
 create mode 100644 NCI-02227555-ML/scripts/cronjob_scripts/logs/github_activity_generator.sh.062222_030200.log
 create mode 100644 NCI-02227555-ML/scripts/cronjob_scripts/logs/github_activity_generator.sh.062222_040200.log
 create mode 100644 NCI-02227555-ML/scripts/cronjob_scripts/logs/github_activity_generator.sh.062222_050200.log
 create mode 100644 NCI-02227555-ML/scripts/cronjob_scripts/logs/github_activity_generator.sh.062222_060200.log
 create mode 100644 NCI-02227555-ML/scripts/cronjob_scripts/logs/github_activity_generator.sh.062222_070200.log
 create mode 100644 NCI-02227555-ML/scripts/cronjob_scripts/logs/github_activity_generator.sh.062222_080200.log
 create mode 100644 NCI-02227555-ML/scripts/cronjob_scripts/logs/github_activity_generator.sh.062222_090201.log
 create mode 100644 NCI-02227555-ML/scripts/cronjob_scripts/logs/github_activity_generator.sh.062222_100200.log
 create mode 100644 NCI-02227555-ML/scripts/cronjob_scripts/logs/github_activity_generator.sh.062222_110200.log
 create mode 100644 NCI-02227555-ML/scripts/cronjob_scripts/logs/github_activity_generator.sh.062222_120200.log
 create mode 100644 NCI-02227555-ML/scripts/cronjob_scripts/logs/github_activity_generator.sh.062222_130200.log
 create mode 100644 NCI-02227555-ML/scripts/cronjob_scripts/logs/github_activity_generator.sh.062222_140200.log
 create mode 100644 NCI-02227555-ML/scripts/cronjob_scripts/logs/github_activity_generator.sh.062222_150200.log
 create mode 100644 NCI-02227555-ML/scripts/cronjob_scripts/logs/github_activity_generator.sh.062222_160200.log
 create mode 100644 NCI-02227555-ML/scripts/cronjob_scripts/logs/github_activity_generator.sh.062222_170200.log
 create mode 100644 NCI-02227555-ML/scripts/cronjob_scripts/logs/github_activity_generator.sh.062222_180201.log
 create mode 100644 NCI-02227555-ML/scripts/cronjob_scripts/logs/github_activity_generator.sh.062222_190200.log
 create mode 100644 NCI-02227555-ML/scripts/cronjob_scripts/logs/github_activity_generator.sh.062222_200200.log
 create mode 100644 NCI-02227555-ML/scripts/cronjob_scripts/logs/github_activity_generator.sh.062222_210201.log
 create mode 100644 NCI-02227555-ML/scripts/cronjob_scripts/logs/github_activity_generator.sh.062222_220200.log
 create mode 100644 NCI-02227555-ML/scripts/cronjob_scripts/logs/github_activity_generator.sh.062222_230201.log
 create mode 100644 NCI-02227555-ML/scripts/cronjob_scripts/logs/github_activity_generator.sh.062322_000201.log
 create mode 100644 NCI-02227555-ML/scripts/cronjob_scripts/logs/github_activity_generator.sh.062322_010200.log
 create mode 100644 NCI-02227555-ML/scripts/cronjob_scripts/logs/github_activity_generator.sh.062322_020200.log
 create mode 100644 NCI-02227555-ML/scripts/cronjob_scripts/logs/github_activity_generator.sh.062322_030200.log
 create mode 100644 NCI-02227555-ML/scripts/cronjob_scripts/logs/github_activity_generator.sh.062322_040201.log
 create mode 100644 NCI-02227555-ML/scripts/cronjob_scripts/logs/github_activity_generator.sh.062322_050200.log
 create mode 100644 NCI-02227555-ML/scripts/cronjob_scripts/logs/github_activity_generator.sh.062322_060200.log
 create mode 100644 NCI-02227555-ML/scripts/cronjob_scripts/logs/github_activity_generator.sh.062322_070200.log
 create mode 100644 NCI-02227555-ML/scripts/cronjob_scripts/logs/github_activity_generator.sh.062322_080200.log
 create mode 100644 NCI-02227555-ML/scripts/cronjob_scripts/logs/github_activity_generator.sh.062322_090200.log
 create mode 100644 NCI-02227555-ML/scripts/cronjob_scripts/logs/github_activity_generator.sh.062322_100200.log
 create mode 100644 NCI-02227555-ML/scripts/cronjob_scripts/logs/github_activity_generator.sh.062322_110200.log
 create mode 100644 NCI-02227555-ML/scripts/cronjob_scripts/logs/github_activity_generator.sh.062322_120200.log
 create mode 100644 NCI-02227555-ML/scripts/cronjob_scripts/logs/github_activity_generator.sh.062322_130200.log
 create mode 100644 NCI-02227555-ML/scripts/cronjob_scripts/logs/github_activity_generator.sh.062322_140200.log
 create mode 100644 NCI-02227555-ML/scripts/cronjob_scripts/logs/github_activity_generator.sh.062322_150200.log
 create mode 100644 NCI-02227555-ML/scripts/cronjob_scripts/logs/github_activity_generator.sh.062322_160200.log
 create mode 100644 NCI-02227555-ML/scripts/cronjob_scripts/logs/github_activity_generator.sh.062322_170200.log
 create mode 100644 NCI-02227555-ML/scripts/cronjob_scripts/logs/github_activity_generator.sh.062322_180200.log
 create mode 100644 NCI-02227555-ML/scripts/cronjob_scripts/logs/github_activity_generator.sh.062322_190200.log
 create mode 100644 NCI-02227555-ML/scripts/cronjob_scripts/logs/github_activity_generator.sh.062322_200200.log
 create mode 100644 NCI-02227555-ML/scripts/cronjob_scripts/logs/github_activity_generator.sh.062322_210201.log
 create mode 100644 NCI-02227555-ML/scripts/cronjob_scripts/logs/github_activity_generator.sh.062322_220200.log
 create mode 100644 NCI-02227555-ML/scripts/cronjob_scripts/logs/github_activity_generator.sh.062322_230200.log
 create mode 100644 NCI-02227555-ML/scripts/cronjob_scripts/logs/github_activity_generator.sh.062422_000200.log
 create mode 100644 NCI-02227555-ML/scripts/cronjob_scripts/logs/github_activity_generator.sh.062422_010201.log
 create mode 100644 NCI-02227555-ML/scripts/cronjob_scripts/logs/github_activity_generator.sh.062422_020200.log
 create mode 100644 NCI-02227555-ML/scripts/cronjob_scripts/logs/github_activity_generator.sh.062422_030200.log
 create mode 100644 NCI-02227555-ML/scripts/cronjob_scripts/logs/github_activity_generator.sh.062422_040200.log
 create mode 100644 NCI-02227555-ML/scripts/cronjob_scripts/logs/github_activity_generator.sh.062422_050200.log
 create mode 100644 NCI-02227555-ML/scripts/cronjob_scripts/logs/github_activity_generator.sh.062422_060201.log
 create mode 100644 NCI-02227555-ML/scripts/cronjob_scripts/logs/github_activity_generator.sh.062422_070200.log
 create mode 100644 NCI-02227555-ML/scripts/cronjob_scripts/logs/github_activity_generator.sh.062422_080200.log
 create mode 100644 NCI-02227555-ML/scripts/cronjob_scripts/logs/github_activity_generator.sh.062422_090200.log
 create mode 100644 NCI-02227555-ML/scripts/cronjob_scripts/logs/github_activity_generator.sh.062422_100200.log
 create mode 100644 NCI-02227555-ML/scripts/cronjob_scripts/logs/github_activity_generator.sh.062422_110200.log
 create mode 100644 NCI-02227555-ML/scripts/cronjob_scripts/logs/github_activity_generator.sh.062422_120200.log
 create mode 100644 NCI-02227555-ML/scripts/cronjob_scripts/logs/github_activity_generator.sh.062422_130200.log
 create mode 100644 NCI-02227555-ML/scripts/cronjob_scripts/logs/github_activity_generator.sh.062422_140200.log
 create mode 100644 NCI-02227555-ML/scripts/cronjob_scripts/logs/github_activity_generator.sh.062422_150200.log
 create mode 100644 NCI-02227555-ML/scripts/cronjob_scripts/logs/github_activity_generator.sh.062422_160200.log
 create mode 100644 NCI-02227555-ML/scripts/cronjob_scripts/logs/github_activity_generator.sh.062422_170201.log
 create mode 100644 NCI-02227555-ML/scripts/cronjob_scripts/logs/github_activity_generator.sh.062422_180200.log
 create mode 100644 NCI-02227555-ML/scripts/cronjob_scripts/logs/github_activity_generator.sh.062422_190201.log
 create mode 100644 NCI-02227555-ML/scripts/cronjob_scripts/logs/github_activity_generator.sh.062422_200200.log
 create mode 100644 NCI-02227555-ML/scripts/cronjob_scripts/logs/github_activity_generator.sh.062422_210200.log
 create mode 100644 NCI-02227555-ML/scripts/cronjob_scripts/logs/github_activity_generator.sh.062422_220201.log
 create mode 100644 NCI-02227555-ML/scripts/cronjob_scripts/logs/github_activity_generator.sh.062422_230200.log
 create mode 100644 NCI-02227555-ML/scripts/cronjob_scripts/logs/github_activity_generator.sh.062522_000201.log
 create mode 100644 NCI-02227555-ML/scripts/cronjob_scripts/logs/github_activity_generator.sh.062522_010200.log
 create mode 100644 NCI-02227555-ML/scripts/cronjob_scripts/logs/github_activity_generator.sh.062522_020200.log
 create mode 100644 NCI-02227555-ML/scripts/cronjob_scripts/logs/github_activity_generator.sh.062522_030200.log
 create mode 100644 NCI-02227555-ML/scripts/cronjob_scripts/logs/github_activity_generator.sh.062522_040201.log
 create mode 100644 NCI-02227555-ML/scripts/cronjob_scripts/logs/github_activity_generator.sh.062522_050200.log
 create mode 100644 NCI-02227555-ML/scripts/cronjob_scripts/logs/github_activity_generator.sh.062522_060200.log
 create mode 100644 NCI-02227555-ML/scripts/cronjob_scripts/logs/github_activity_generator.sh.062522_070200.log
 create mode 100644 NCI-02227555-ML/scripts/cronjob_scripts/logs/github_activity_generator.sh.062522_080200.log
 create mode 100644 NCI-02227555-ML/scripts/cronjob_scripts/logs/github_activity_generator.sh.062522_090200.log
 create mode 100644 NCI-02227555-ML/scripts/cronjob_scripts/logs/github_activity_generator.sh.062522_100200.log
 create mode 100644 NCI-02227555-ML/scripts/cronjob_scripts/logs/github_activity_generator.sh.062522_110200.log
 create mode 100644 NCI-02227555-ML/scripts/cronjob_scripts/logs/github_activity_generator.sh.062522_120200.log
 create mode 100644 NCI-02227555-ML/scripts/cronjob_scripts/logs/github_activity_generator.sh.062522_130200.log
 create mode 100644 NCI-02227555-ML/scripts/cronjob_scripts/logs/github_activity_generator.sh.062522_140200.log
 create mode 100644 NCI-02227555-ML/scripts/cronjob_scripts/logs/github_activity_generator.sh.062522_150200.log
 create mode 100644 NCI-02227555-ML/scripts/cronjob_scripts/logs/github_activity_generator.sh.062522_160200.log
 create mode 100644 NCI-02227555-ML/scripts/cronjob_scripts/logs/github_activity_generator.sh.062522_170200.log
 create mode 100644 NCI-02227555-ML/scripts/cronjob_scripts/logs/github_activity_generator.sh.062522_180201.log
 create mode 100644 NCI-02227555-ML/scripts/cronjob_scripts/logs/github_activity_generator.sh.062522_190200.log
 create mode 100644 NCI-02227555-ML/scripts/cronjob_scripts/logs/github_activity_generator.sh.062522_200200.log
 create mode 100644 NCI-02227555-ML/scripts/cronjob_scripts/logs/github_activity_generator.sh.062522_210200.log
 create mode 100644 NCI-02227555-ML/scripts/cronjob_scripts/logs/github_activity_generator.sh.062522_220200.log
 create mode 100644 NCI-02227555-ML/scripts/cronjob_scripts/logs/github_activity_generator.sh.062522_230200.log
 create mode 100644 NCI-02227555-ML/scripts/cronjob_scripts/logs/github_activity_generator.sh.062622_000200.log
 create mode 100644 NCI-02227555-ML/scripts/cronjob_scripts/logs/github_activity_generator.sh.062622_010200.log
 create mode 100644 NCI-02227555-ML/scripts/cronjob_scripts/logs/github_activity_generator.sh.062622_020200.log
 create mode 100644 NCI-02227555-ML/scripts/cronjob_scripts/logs/github_activity_generator.sh.062622_030200.log
 create mode 100644 NCI-02227555-ML/scripts/cronjob_scripts/logs/github_activity_generator.sh.062622_040200.log
 create mode 100644 NCI-02227555-ML/scripts/cronjob_scripts/logs/github_activity_generator.sh.062622_050200.log
 create mode 100644 NCI-02227555-ML/scripts/cronjob_scripts/logs/github_activity_generator.sh.062622_060200.log
 create mode 100644 NCI-02227555-ML/scripts/cronjob_scripts/logs/github_activity_generator.sh.062622_070200.log
 create mode 100644 NCI-02227555-ML/scripts/cronjob_scripts/logs/github_activity_generator.sh.062622_080200.log
 create mode 100644 NCI-02227555-ML/scripts/cronjob_scripts/logs/github_activity_generator.sh.062622_090200.log
 create mode 100644 NCI-02227555-ML/scripts/cronjob_scripts/logs/github_activity_generator.sh.062622_100200.log
 create mode 100644 NCI-02227555-ML/scripts/cronjob_scripts/logs/github_activity_generator.sh.062622_110200.log
 create mode 100644 NCI-02227555-ML/scripts/cronjob_scripts/logs/github_activity_generator.sh.062622_120200.log
 create mode 100644 NCI-02227555-ML/scripts/cronjob_scripts/logs/github_activity_generator.sh.062622_130200.log
 create mode 100644 NCI-02227555-ML/scripts/cronjob_scripts/logs/github_activity_generator.sh.062622_140200.log
 create mode 100644 NCI-02227555-ML/scripts/cronjob_scripts/logs/github_activity_generator.sh.062622_150200.log
 create mode 100644 NCI-02227555-ML/scripts/cronjob_scripts/logs/github_activity_generator.sh.062622_160200.log
 create mode 100644 NCI-02227555-ML/scripts/cronjob_scripts/logs/github_activity_generator.sh.062622_170200.log
 create mode 100644 NCI-02227555-ML/scripts/cronjob_scripts/logs/github_activity_generator.sh.062622_180200.log
 create mode 100644 NCI-02227555-ML/scripts/cronjob_scripts/logs/github_activity_generator.sh.062622_190200.log
 create mode 100644 NCI-02227555-ML/scripts/cronjob_scripts/logs/github_activity_generator.sh.062622_200200.log
 create mode 100644 NCI-02227555-ML/scripts/cronjob_scripts/logs/github_activity_generator.sh.062622_210200.log
 create mode 100644 NCI-02227555-ML/scripts/cronjob_scripts/logs/github_activity_generator.sh.062622_220201.log
 create mode 100644 NCI-02227555-ML/scripts/cronjob_scripts/logs/github_activity_generator.sh.062622_230200.log
 create mode 100644 NCI-02227555-ML/scripts/cronjob_scripts/logs/github_activity_generator.sh.062722_000200.log
 create mode 100644 NCI-02227555-ML/scripts/cronjob_scripts/logs/github_activity_generator.sh.062722_010201.log
 create mode 100644 NCI-02227555-ML/scripts/cronjob_scripts/logs/github_activity_generator.sh.062722_020200.log
 create mode 100644 NCI-02227555-ML/scripts/cronjob_scripts/logs/github_activity_generator.sh.062722_030200.log
 create mode 100644 NCI-02227555-ML/scripts/cronjob_scripts/logs/github_activity_generator.sh.062722_040200.log
 create mode 100644 NCI-02227555-ML/scripts/cronjob_scripts/logs/github_activity_generator.sh.062722_050200.log
 create mode 100644 NCI-02227555-ML/scripts/cronjob_scripts/logs/github_activity_generator.sh.062722_060201.log
 create mode 100644 NCI-02227555-ML/scripts/cronjob_scripts/logs/github_activity_generator.sh.062722_070200.log
 create mode 100644 NCI-02227555-ML/scripts/cronjob_scripts/logs/github_activity_generator.sh.062722_080200.log
 create mode 100644 NCI-02227555-ML/scripts/cronjob_scripts/logs/github_activity_generator.sh.062722_090200.log
 create mode 100644 NCI-02227555-ML/scripts/cronjob_scripts/logs/github_activity_generator.sh.062722_100200.log
 create mode 100644 NCI-02227555-ML/scripts/cronjob_scripts/logs/github_activity_generator.sh.062722_110200.log
 create mode 100644 NCI-02227555-ML/scripts/cronjob_scripts/logs/github_activity_generator.sh.062722_120201.log
 create mode 100644 NCI-02227555-ML/scripts/cronjob_scripts/logs/github_activity_generator.sh.062722_130200.log
 create mode 100644 NCI-02227555-ML/scripts/cronjob_scripts/logs/github_activity_generator.sh.062722_140200.log
 create mode 100644 NCI-02227555-ML/scripts/cronjob_scripts/logs/github_activity_generator.sh.062722_150201.log
 create mode 100644 NCI-02227555-ML/scripts/cronjob_scripts/logs/github_activity_generator.sh.062722_160200.log
 create mode 100644 NCI-02227555-ML/scripts/cronjob_scripts/logs/github_activity_generator.sh.062722_170200.log
 create mode 100644 NCI-02227555-ML/scripts/cronjob_scripts/logs/github_activity_generator.sh.062722_180200.log
 create mode 100644 NCI-02227555-ML/scripts/cronjob_scripts/logs/github_activity_generator.sh.062722_190200.log
 create mode 100644 NCI-02227555-ML/scripts/cronjob_scripts/logs/github_activity_generator.sh.062722_200200.log
 create mode 100644 NCI-02227555-ML/scripts/cronjob_scripts/logs/github_activity_generator.sh.062722_210200.log
 create mode 100644 NCI-02227555-ML/scripts/cronjob_scripts/logs/github_activity_generator.sh.062722_220200.log
 create mode 100644 NCI-02227555-ML/scripts/cronjob_scripts/logs/github_activity_generator.sh.062722_230201.log
 create mode 100644 NCI-02227555-ML/scripts/cronjob_scripts/logs/github_activity_generator.sh.062822_000200.log
 create mode 100644 NCI-02227555-ML/scripts/cronjob_scripts/logs/github_activity_generator.sh.062822_010200.log
 create mode 100644 NCI-02227555-ML/scripts/cronjob_scripts/logs/github_activity_generator.sh.062822_100200.log
 create mode 100644 NCI-02227555-ML/scripts/cronjob_scripts/logs/kill_brave_browser.sh.062122_110101.log
 create mode 100644 NCI-02227555-ML/scripts/cronjob_scripts/logs/kill_brave_browser.sh.062122_120100.log
 create mode 100644 NCI-02227555-ML/scripts/cronjob_scripts/logs/kill_brave_browser.sh.062122_130100.log
 create mode 100644 NCI-02227555-ML/scripts/cronjob_scripts/logs/kill_brave_browser.sh.062122_140100.log
 create mode 100644 NCI-02227555-ML/scripts/cronjob_scripts/logs/kill_brave_browser.sh.062122_150100.log
 create mode 100644 NCI-02227555-ML/scripts/cronjob_scripts/logs/kill_brave_browser.sh.062122_160100.log
 create mode 100644 NCI-02227555-ML/scripts/cronjob_scripts/logs/kill_brave_browser.sh.062122_170100.log
 create mode 100644 NCI-02227555-ML/scripts/cronjob_scripts/logs/kill_brave_browser.sh.062122_180100.log
 create mode 100644 NCI-02227555-ML/scripts/cronjob_scripts/logs/kill_brave_browser.sh.062122_190100.log
 create mode 100644 NCI-02227555-ML/scripts/cronjob_scripts/logs/kill_brave_browser.sh.062122_200100.log
 create mode 100644 NCI-02227555-ML/scripts/cronjob_scripts/logs/kill_brave_browser.sh.062122_210100.log
 create mode 100644 NCI-02227555-ML/scripts/cronjob_scripts/logs/kill_brave_browser.sh.062122_220100.log
 create mode 100644 NCI-02227555-ML/scripts/cronjob_scripts/logs/kill_brave_browser.sh.062122_230100.log
 create mode 100644 NCI-02227555-ML/scripts/cronjob_scripts/logs/kill_brave_browser.sh.062222_000100.log
 create mode 100644 NCI-02227555-ML/scripts/cronjob_scripts/logs/kill_brave_browser.sh.062222_010100.log
 create mode 100644 NCI-02227555-ML/scripts/cronjob_scripts/logs/kill_brave_browser.sh.062222_020100.log
 create mode 100644 NCI-02227555-ML/scripts/cronjob_scripts/logs/kill_brave_browser.sh.062222_030100.log
 create mode 100644 NCI-02227555-ML/scripts/cronjob_scripts/logs/kill_brave_browser.sh.062222_040100.log
 create mode 100644 NCI-02227555-ML/scripts/cronjob_scripts/logs/kill_brave_browser.sh.062222_050100.log
 create mode 100644 NCI-02227555-ML/scripts/cronjob_scripts/logs/kill_brave_browser.sh.062222_060100.log
 create mode 100644 NCI-02227555-ML/scripts/cronjob_scripts/logs/kill_brave_browser.sh.062222_070101.log
 create mode 100644 NCI-02227555-ML/scripts/cronjob_scripts/logs/kill_brave_browser.sh.062222_080101.log
 create mode 100644 NCI-02227555-ML/scripts/cronjob_scripts/logs/kill_brave_browser.sh.062222_090100.log
 create mode 100644 NCI-02227555-ML/scripts/cronjob_scripts/logs/kill_brave_browser.sh.062222_100100.log
 create mode 100644 NCI-02227555-ML/scripts/cronjob_scripts/logs/kill_brave_browser.sh.062222_110100.log
 create mode 100644 NCI-02227555-ML/scripts/cronjob_scripts/logs/kill_brave_browser.sh.062222_120100.log
 create mode 100644 NCI-02227555-ML/scripts/cronjob_scripts/logs/kill_brave_browser.sh.062222_130100.log
 create mode 100644 NCI-02227555-ML/scripts/cronjob_scripts/logs/kill_brave_browser.sh.062222_140101.log
 create mode 100644 NCI-02227555-ML/scripts/cronjob_scripts/logs/kill_brave_browser.sh.062222_150100.log
 create mode 100644 NCI-02227555-ML/scripts/cronjob_scripts/logs/kill_brave_browser.sh.062222_160100.log
 create mode 100644 NCI-02227555-ML/scripts/cronjob_scripts/logs/kill_brave_browser.sh.062222_170101.log
 create mode 100644 NCI-02227555-ML/scripts/cronjob_scripts/logs/kill_brave_browser.sh.062222_180100.log
 create mode 100644 NCI-02227555-ML/scripts/cronjob_scripts/logs/kill_brave_browser.sh.062222_190100.log
 create mode 100644 NCI-02227555-ML/scripts/cronjob_scripts/logs/kill_brave_browser.sh.062222_200101.log
 create mode 100644 NCI-02227555-ML/scripts/cronjob_scripts/logs/kill_brave_browser.sh.062222_210100.log
 create mode 100644 NCI-02227555-ML/scripts/cronjob_scripts/logs/kill_brave_browser.sh.062222_220101.log
 create mode 100644 NCI-02227555-ML/scripts/cronjob_scripts/logs/kill_brave_browser.sh.062222_230100.log
 create mode 100644 NCI-02227555-ML/scripts/cronjob_scripts/logs/kill_brave_browser.sh.062322_000100.log
 create mode 100644 NCI-02227555-ML/scripts/cronjob_scripts/logs/kill_brave_browser.sh.062322_010100.log
 create mode 100644 NCI-02227555-ML/scripts/cronjob_scripts/logs/kill_brave_browser.sh.062322_020100.log
 create mode 100644 NCI-02227555-ML/scripts/cronjob_scripts/logs/kill_brave_browser.sh.062322_030100.log
 create mode 100644 NCI-02227555-ML/scripts/cronjob_scripts/logs/kill_brave_browser.sh.062322_040100.log
 create mode 100644 NCI-02227555-ML/scripts/cronjob_scripts/logs/kill_brave_browser.sh.062322_050100.log
 create mode 100644 NCI-02227555-ML/scripts/cronjob_scripts/logs/kill_brave_browser.sh.062322_060100.log
 create mode 100644 NCI-02227555-ML/scripts/cronjob_scripts/logs/kill_brave_browser.sh.062322_070100.log
 create mode 100644 NCI-02227555-ML/scripts/cronjob_scripts/logs/kill_brave_browser.sh.062322_080100.log
 create mode 100644 NCI-02227555-ML/scripts/cronjob_scripts/logs/kill_brave_browser.sh.062322_090100.log
 create mode 100644 NCI-02227555-ML/scripts/cronjob_scripts/logs/kill_brave_browser.sh.062322_100100.log
 create mode 100644 NCI-02227555-ML/scripts/cronjob_scripts/logs/kill_brave_browser.sh.062322_110100.log
 create mode 100644 NCI-02227555-ML/scripts/cronjob_scripts/logs/kill_brave_browser.sh.062322_120100.log
 create mode 100644 NCI-02227555-ML/scripts/cronjob_scripts/logs/kill_brave_browser.sh.062322_130101.log
 create mode 100644 NCI-02227555-ML/scripts/cronjob_scripts/logs/kill_brave_browser.sh.062322_140101.log
 create mode 100644 NCI-02227555-ML/scripts/cronjob_scripts/logs/kill_brave_browser.sh.062322_150101.log
 create mode 100644 NCI-02227555-ML/scripts/cronjob_scripts/logs/kill_brave_browser.sh.062322_160100.log
 create mode 100644 NCI-02227555-ML/scripts/cronjob_scripts/logs/kill_brave_browser.sh.062322_170101.log
 create mode 100644 NCI-02227555-ML/scripts/cronjob_scripts/logs/kill_brave_browser.sh.062322_180100.log
 create mode 100644 NCI-02227555-ML/scripts/cronjob_scripts/logs/kill_brave_browser.sh.062322_190100.log
 create mode 100644 NCI-02227555-ML/scripts/cronjob_scripts/logs/kill_brave_browser.sh.062322_200100.log
 create mode 100644 NCI-02227555-ML/scripts/cronjob_scripts/logs/kill_brave_browser.sh.062322_210100.log
 create mode 100644 NCI-02227555-ML/scripts/cronjob_scripts/logs/kill_brave_browser.sh.062322_220100.log
 create mode 100644 NCI-02227555-ML/scripts/cronjob_scripts/logs/kill_brave_browser.sh.062322_230100.log
 create mode 100644 NCI-02227555-ML/scripts/cronjob_scripts/logs/kill_brave_browser.sh.062422_000101.log
 create mode 100644 NCI-02227555-ML/scripts/cronjob_scripts/logs/kill_brave_browser.sh.062422_010100.log
 create mode 100644 NCI-02227555-ML/scripts/cronjob_scripts/logs/kill_brave_browser.sh.062422_020100.log
 create mode 100644 NCI-02227555-ML/scripts/cronjob_scripts/logs/kill_brave_browser.sh.062422_030100.log
 create mode 100644 NCI-02227555-ML/scripts/cronjob_scripts/logs/kill_brave_browser.sh.062422_040100.log
 create mode 100644 NCI-02227555-ML/scripts/cronjob_scripts/logs/kill_brave_browser.sh.062422_050100.log
 create mode 100644 NCI-02227555-ML/scripts/cronjob_scripts/logs/kill_brave_browser.sh.062422_060100.log
 create mode 100644 NCI-02227555-ML/scripts/cronjob_scripts/logs/kill_brave_browser.sh.062422_070100.log
 create mode 100644 NCI-02227555-ML/scripts/cronjob_scripts/logs/kill_brave_browser.sh.062422_080100.log
 create mode 100644 NCI-02227555-ML/scripts/cronjob_scripts/logs/kill_brave_browser.sh.062422_090100.log
 create mode 100644 NCI-02227555-ML/scripts/cronjob_scripts/logs/kill_brave_browser.sh.062422_100100.log
 create mode 100644 NCI-02227555-ML/scripts/cronjob_scripts/logs/kill_brave_browser.sh.062422_110100.log
 create mode 100644 NCI-02227555-ML/scripts/cronjob_scripts/logs/kill_brave_browser.sh.062422_120100.log
 create mode 100644 NCI-02227555-ML/scripts/cronjob_scripts/logs/kill_brave_browser.sh.062422_130100.log
 create mode 100644 NCI-02227555-ML/scripts/cronjob_scripts/logs/kill_brave_browser.sh.062422_140100.log
 create mode 100644 NCI-02227555-ML/scripts/cronjob_scripts/logs/kill_brave_browser.sh.062422_150100.log
 create mode 100644 NCI-02227555-ML/scripts/cronjob_scripts/logs/kill_brave_browser.sh.062422_160100.log
 create mode 100644 NCI-02227555-ML/scripts/cronjob_scripts/logs/kill_brave_browser.sh.062422_170100.log
 create mode 100644 NCI-02227555-ML/scripts/cronjob_scripts/logs/kill_brave_browser.sh.062422_180100.log
 create mode 100644 NCI-02227555-ML/scripts/cronjob_scripts/logs/kill_brave_browser.sh.062422_190100.log
 create mode 100644 NCI-02227555-ML/scripts/cronjob_scripts/logs/kill_brave_browser.sh.062422_200100.log
 create mode 100644 NCI-02227555-ML/scripts/cronjob_scripts/logs/kill_brave_browser.sh.062422_210100.log
 create mode 100644 NCI-02227555-ML/scripts/cronjob_scripts/logs/kill_brave_browser.sh.062422_220101.log
 create mode 100644 NCI-02227555-ML/scripts/cronjob_scripts/logs/kill_brave_browser.sh.062422_230100.log
 create mode 100644 NCI-02227555-ML/scripts/cronjob_scripts/logs/kill_brave_browser.sh.062522_000100.log
 create mode 100644 NCI-02227555-ML/scripts/cronjob_scripts/logs/kill_brave_browser.sh.062522_010100.log
 create mode 100644 NCI-02227555-ML/scripts/cronjob_scripts/logs/kill_brave_browser.sh.062522_020100.log
 create mode 100644 NCI-02227555-ML/scripts/cronjob_scripts/logs/kill_brave_browser.sh.062522_030100.log
 create mode 100644 NCI-02227555-ML/scripts/cronjob_scripts/logs/kill_brave_browser.sh.062522_040100.log
 create mode 100644 NCI-02227555-ML/scripts/cronjob_scripts/logs/kill_brave_browser.sh.062522_050100.log
 create mode 100644 NCI-02227555-ML/scripts/cronjob_scripts/logs/kill_brave_browser.sh.062522_060100.log
 create mode 100644 NCI-02227555-ML/scripts/cronjob_scripts/logs/kill_brave_browser.sh.062522_070100.log
 create mode 100644 NCI-02227555-ML/scripts/cronjob_scripts/logs/kill_brave_browser.sh.062522_080100.log
 create mode 100644 NCI-02227555-ML/scripts/cronjob_scripts/logs/kill_brave_browser.sh.062522_090100.log
 create mode 100644 NCI-02227555-ML/scripts/cronjob_scripts/logs/kill_brave_browser.sh.062522_100100.log
 create mode 100644 NCI-02227555-ML/scripts/cronjob_scripts/logs/kill_brave_browser.sh.062522_110100.log
 create mode 100644 NCI-02227555-ML/scripts/cronjob_scripts/logs/kill_brave_browser.sh.062522_120100.log
 create mode 100644 NCI-02227555-ML/scripts/cronjob_scripts/logs/kill_brave_browser.sh.062522_130100.log
 create mode 100644 NCI-02227555-ML/scripts/cronjob_scripts/logs/kill_brave_browser.sh.062522_140101.log
 create mode 100644 NCI-02227555-ML/scripts/cronjob_scripts/logs/kill_brave_browser.sh.062522_150100.log
 create mode 100644 NCI-02227555-ML/scripts/cronjob_scripts/logs/kill_brave_browser.sh.062522_160100.log
 create mode 100644 NCI-02227555-ML/scripts/cronjob_scripts/logs/kill_brave_browser.sh.062522_170101.log
 create mode 100644 NCI-02227555-ML/scripts/cronjob_scripts/logs/kill_brave_browser.sh.062522_180100.log
 create mode 100644 NCI-02227555-ML/scripts/cronjob_scripts/logs/kill_brave_browser.sh.062522_190100.log
 create mode 100644 NCI-02227555-ML/scripts/cronjob_scripts/logs/kill_brave_browser.sh.062522_200101.log
 create mode 100644 NCI-02227555-ML/scripts/cronjob_scripts/logs/kill_brave_browser.sh.062522_210100.log
 create mode 100644 NCI-02227555-ML/scripts/cronjob_scripts/logs/kill_brave_browser.sh.062522_220101.log
 create mode 100644 NCI-02227555-ML/scripts/cronjob_scripts/logs/kill_brave_browser.sh.062522_230100.log
 create mode 100644 NCI-02227555-ML/scripts/cronjob_scripts/logs/kill_brave_browser.sh.062622_000100.log
 create mode 100644 NCI-02227555-ML/scripts/cronjob_scripts/logs/kill_brave_browser.sh.062622_010100.log
 create mode 100644 NCI-02227555-ML/scripts/cronjob_scripts/logs/kill_brave_browser.sh.062622_020100.log
 create mode 100644 NCI-02227555-ML/scripts/cronjob_scripts/logs/kill_brave_browser.sh.062622_030100.log
 create mode 100644 NCI-02227555-ML/scripts/cronjob_scripts/logs/kill_brave_browser.sh.062622_040100.log
 create mode 100644 NCI-02227555-ML/scripts/cronjob_scripts/logs/kill_brave_browser.sh.062622_050100.log
 create mode 100644 NCI-02227555-ML/scripts/cronjob_scripts/logs/kill_brave_browser.sh.062622_060100.log
 create mode 100644 NCI-02227555-ML/scripts/cronjob_scripts/logs/kill_brave_browser.sh.062622_070100.log
 create mode 100644 NCI-02227555-ML/scripts/cronjob_scripts/logs/kill_brave_browser.sh.062622_080101.log
 create mode 100644 NCI-02227555-ML/scripts/cronjob_scripts/logs/kill_brave_browser.sh.062622_090101.log
 create mode 100644 NCI-02227555-ML/scripts/cronjob_scripts/logs/kill_brave_browser.sh.062622_100100.log
 create mode 100644 NCI-02227555-ML/scripts/cronjob_scripts/logs/kill_brave_browser.sh.062622_110101.log
 create mode 100644 NCI-02227555-ML/scripts/cronjob_scripts/logs/kill_brave_browser.sh.062622_120100.log
 create mode 100644 NCI-02227555-ML/scripts/cronjob_scripts/logs/kill_brave_browser.sh.062622_130100.log
 create mode 100644 NCI-02227555-ML/scripts/cronjob_scripts/logs/kill_brave_browser.sh.062622_140100.log
 create mode 100644 NCI-02227555-ML/scripts/cronjob_scripts/logs/kill_brave_browser.sh.062622_150100.log
 create mode 100644 NCI-02227555-ML/scripts/cronjob_scripts/logs/kill_brave_browser.sh.062622_160100.log
 create mode 100644 NCI-02227555-ML/scripts/cronjob_scripts/logs/kill_brave_browser.sh.062622_170101.log
 create mode 100644 NCI-02227555-ML/scripts/cronjob_scripts/logs/kill_brave_browser.sh.062622_180100.log
 create mode 100644 NCI-02227555-ML/scripts/cronjob_scripts/logs/kill_brave_browser.sh.062622_190100.log
 create mode 100644 NCI-02227555-ML/scripts/cronjob_scripts/logs/kill_brave_browser.sh.062622_200100.log
 create mode 100644 NCI-02227555-ML/scripts/cronjob_scripts/logs/kill_brave_browser.sh.062622_210100.log
 create mode 100644 NCI-02227555-ML/scripts/cronjob_scripts/logs/kill_brave_browser.sh.062622_220100.log
 create mode 100644 NCI-02227555-ML/scripts/cronjob_scripts/logs/kill_brave_browser.sh.062622_230100.log
 create mode 100644 NCI-02227555-ML/scripts/cronjob_scripts/logs/kill_brave_browser.sh.062722_000101.log
 create mode 100644 NCI-02227555-ML/scripts/cronjob_scripts/logs/kill_brave_browser.sh.062722_010100.log
 create mode 100644 NCI-02227555-ML/scripts/cronjob_scripts/logs/kill_brave_browser.sh.062722_020100.log
 create mode 100644 NCI-02227555-ML/scripts/cronjob_scripts/logs/kill_brave_browser.sh.062722_030100.log
 create mode 100644 NCI-02227555-ML/scripts/cronjob_scripts/logs/kill_brave_browser.sh.062722_040101.log
 create mode 100644 NCI-02227555-ML/scripts/cronjob_scripts/logs/kill_brave_browser.sh.062722_050100.log
 create mode 100644 NCI-02227555-ML/scripts/cronjob_scripts/logs/kill_brave_browser.sh.062722_060100.log
 create mode 100644 NCI-02227555-ML/scripts/cronjob_scripts/logs/kill_brave_browser.sh.062722_070100.log
 create mode 100644 NCI-02227555-ML/scripts/cronjob_scripts/logs/kill_brave_browser.sh.062722_080100.log
 create mode 100644 NCI-02227555-ML/scripts/cronjob_scripts/logs/kill_brave_browser.sh.062722_090100.log
 create mode 100644 NCI-02227555-ML/scripts/cronjob_scripts/logs/kill_brave_browser.sh.062722_100100.log
 create mode 100644 NCI-02227555-ML/scripts/cronjob_scripts/logs/kill_brave_browser.sh.062722_110101.log
 create mode 100644 NCI-02227555-ML/scripts/cronjob_scripts/logs/kill_brave_browser.sh.062722_120100.log
 create mode 100644 NCI-02227555-ML/scripts/cronjob_scripts/logs/kill_brave_browser.sh.062722_130100.log
 create mode 100644 NCI-02227555-ML/scripts/cronjob_scripts/logs/kill_brave_browser.sh.062722_140100.log
 create mode 100644 NCI-02227555-ML/scripts/cronjob_scripts/logs/kill_brave_browser.sh.062722_150100.log
 create mode 100644 NCI-02227555-ML/scripts/cronjob_scripts/logs/kill_brave_browser.sh.062722_160100.log
 create mode 100644 NCI-02227555-ML/scripts/cronjob_scripts/logs/kill_brave_browser.sh.062722_170101.log
 create mode 100644 NCI-02227555-ML/scripts/cronjob_scripts/logs/kill_brave_browser.sh.062722_180100.log
 create mode 100644 NCI-02227555-ML/scripts/cronjob_scripts/logs/kill_brave_browser.sh.062722_190100.log
 create mode 100644 NCI-02227555-ML/scripts/cronjob_scripts/logs/kill_brave_browser.sh.062722_200100.log
 create mode 100644 NCI-02227555-ML/scripts/cronjob_scripts/logs/kill_brave_browser.sh.062722_210100.log
 create mode 100644 NCI-02227555-ML/scripts/cronjob_scripts/logs/kill_brave_browser.sh.062722_220100.log
 create mode 100644 NCI-02227555-ML/scripts/cronjob_scripts/logs/kill_brave_browser.sh.062722_230100.log
 create mode 100644 NCI-02227555-ML/scripts/cronjob_scripts/logs/kill_brave_browser.sh.062822_000100.log
 create mode 100644 NCI-02227555-ML/scripts/cronjob_scripts/logs/kill_brave_browser.sh.062822_010101.log
 create mode 100644 NCI-02227555-ML/scripts/cronjob_scripts/logs/kill_brave_browser.sh.062822_100100.log
 create mode 100644 NCI-02227555-ML/scripts/cronjob_scripts/logs/kill_password_boss.sh.062122_120000.log
 create mode 100644 NCI-02227555-ML/scripts/cronjob_scripts/logs/kill_password_boss.sh.062122_160001.log
 create mode 100644 NCI-02227555-ML/scripts/cronjob_scripts/logs/kill_password_boss.sh.062122_200000.log
 create mode 100644 NCI-02227555-ML/scripts/cronjob_scripts/logs/kill_password_boss.sh.062222_000000.log
 create mode 100644 NCI-02227555-ML/scripts/cronjob_scripts/logs/kill_password_boss.sh.062222_040000.log
 create mode 100644 NCI-02227555-ML/scripts/cronjob_scripts/logs/kill_password_boss.sh.062222_080000.log
 create mode 100644 NCI-02227555-ML/scripts/cronjob_scripts/logs/kill_password_boss.sh.062222_120000.log
 create mode 100644 NCI-02227555-ML/scripts/cronjob_scripts/logs/kill_password_boss.sh.062222_160000.log
 create mode 100644 NCI-02227555-ML/scripts/cronjob_scripts/logs/kill_password_boss.sh.062222_200000.log
 create mode 100644 NCI-02227555-ML/scripts/cronjob_scripts/logs/kill_password_boss.sh.062322_000000.log
 create mode 100644 NCI-02227555-ML/scripts/cronjob_scripts/logs/kill_password_boss.sh.062322_040000.log
 create mode 100644 NCI-02227555-ML/scripts/cronjob_scripts/logs/kill_password_boss.sh.062322_080000.log
 create mode 100644 NCI-02227555-ML/scripts/cronjob_scripts/logs/kill_password_boss.sh.062322_120000.log
 create mode 100644 NCI-02227555-ML/scripts/cronjob_scripts/logs/kill_password_boss.sh.062322_160000.log
 create mode 100644 NCI-02227555-ML/scripts/cronjob_scripts/logs/kill_password_boss.sh.062322_200000.log
 create mode 100644 NCI-02227555-ML/scripts/cronjob_scripts/logs/kill_password_boss.sh.062422_000000.log
 create mode 100644 NCI-02227555-ML/scripts/cronjob_scripts/logs/kill_password_boss.sh.062422_040000.log
 create mode 100644 NCI-02227555-ML/scripts/cronjob_scripts/logs/kill_password_boss.sh.062422_080001.log
 create mode 100644 NCI-02227555-ML/scripts/cronjob_scripts/logs/kill_password_boss.sh.062422_120000.log
 create mode 100644 NCI-02227555-ML/scripts/cronjob_scripts/logs/kill_password_boss.sh.062422_160000.log
 create mode 100644 NCI-02227555-ML/scripts/cronjob_scripts/logs/kill_password_boss.sh.062422_200001.log
 create mode 100644 NCI-02227555-ML/scripts/cronjob_scripts/logs/kill_password_boss.sh.062522_000000.log
 create mode 100644 NCI-02227555-ML/scripts/cronjob_scripts/logs/kill_password_boss.sh.062522_040000.log
 create mode 100644 NCI-02227555-ML/scripts/cronjob_scripts/logs/kill_password_boss.sh.062522_080000.log
 create mode 100644 NCI-02227555-ML/scripts/cronjob_scripts/logs/kill_password_boss.sh.062522_120000.log
 create mode 100644 NCI-02227555-ML/scripts/cronjob_scripts/logs/kill_password_boss.sh.062522_160000.log
 create mode 100644 NCI-02227555-ML/scripts/cronjob_scripts/logs/kill_password_boss.sh.062522_200001.log
 create mode 100644 NCI-02227555-ML/scripts/cronjob_scripts/logs/kill_password_boss.sh.062622_000000.log
 create mode 100644 NCI-02227555-ML/scripts/cronjob_scripts/logs/kill_password_boss.sh.062622_040000.log
 create mode 100644 NCI-02227555-ML/scripts/cronjob_scripts/logs/kill_password_boss.sh.062622_080000.log
 create mode 100644 NCI-02227555-ML/scripts/cronjob_scripts/logs/kill_password_boss.sh.062622_120000.log
 create mode 100644 NCI-02227555-ML/scripts/cronjob_scripts/logs/kill_password_boss.sh.062622_160000.log
 create mode 100644 NCI-02227555-ML/scripts/cronjob_scripts/logs/kill_password_boss.sh.062622_200000.log
 create mode 100644 NCI-02227555-ML/scripts/cronjob_scripts/logs/kill_password_boss.sh.062722_000000.log
 create mode 100644 NCI-02227555-ML/scripts/cronjob_scripts/logs/kill_password_boss.sh.062722_040000.log
 create mode 100644 NCI-02227555-ML/scripts/cronjob_scripts/logs/kill_password_boss.sh.062722_080000.log
 create mode 100644 NCI-02227555-ML/scripts/cronjob_scripts/logs/kill_password_boss.sh.062722_120042.log
 create mode 100644 NCI-02227555-ML/scripts/cronjob_scripts/logs/kill_password_boss.sh.062722_160000.log
 create mode 100644 NCI-02227555-ML/scripts/cronjob_scripts/logs/kill_password_boss.sh.062722_200000.log
 create mode 100644 NCI-02227555-ML/scripts/cronjob_scripts/logs/kill_password_boss.sh.062822_000000.log
 create mode 100644 NCI-02227555-ML/scripts/cronjob_scripts/logs/run_monthly.sh.062822_102000.log
+ git push
To github.com:kopardev/configscriptsetc.git
   3d8fa9f..8b7de20  master -> master
